сент. 29, 2025 12:07:39 AM app.model.shapes.Angle <init>
FINE: Angle created at (5,0,5,0) size 2,0
сент. 29, 2025 12:08:09 AM app.model.shapes.Angle setSize
FINE: Setting angle size to: 100.0
сент. 29, 2025 12:08:09 AM app.model.shapes.Angle draw
FINER: Drawing angle on canvas
сент. 29, 2025 12:08:09 AM app.model.shapes.Angle setSize
FINE: Setting angle size to: 100.0
сент. 29, 2025 12:08:09 AM app.model.shapes.Angle draw
FINER: Drawing angle on canvas
сент. 29, 2025 12:08:09 AM app.model.shapes.Angle setSize
FINE: Setting angle size to: 100.0
сент. 29, 2025 12:08:09 AM app.model.shapes.Angle draw
FINER: Drawing angle on canvas
сент. 29, 2025 12:08:09 AM app.model.shapes.Angle setSize
FINE: Setting angle size to: 100.0
сент. 29, 2025 12:08:09 AM app.model.shapes.Angle draw
FINER: Drawing angle on canvas
сент. 29, 2025 12:08:09 AM app.model.shapes.Angle setSize
FINE: Setting angle size to: 100.0
сент. 29, 2025 12:08:09 AM app.model.shapes.Angle draw
FINER: Drawing angle on canvas
сент. 29, 2025 12:08:09 AM app.model.shapes.Angle setSize
FINE: Setting angle size to: 100.0
сент. 29, 2025 12:08:09 AM app.model.shapes.Angle draw
FINER: Drawing angle on canvas
сент. 29, 2025 12:08:09 AM app.model.shapes.Angle setSize
FINE: Setting angle size to: 100.0
сент. 29, 2025 12:08:09 AM app.model.shapes.Angle draw
FINER: Drawing angle on canvas
сент. 29, 2025 12:08:09 AM app.model.shapes.Angle setSize
FINE: Setting angle size to: 100.0
сент. 29, 2025 12:08:09 AM app.model.shapes.Angle draw
FINER: Drawing angle on canvas
сент. 29, 2025 12:08:09 AM app.model.shapes.Angle setSize
FINE: Setting angle size to: 100.0
сент. 29, 2025 12:08:09 AM app.model.shapes.Angle draw
FINER: Drawing angle on canvas
сент. 29, 2025 12:08:09 AM app.model.shapes.Angle setSize
FINE: Setting angle size to: 100.0
сент. 29, 2025 12:08:09 AM app.model.shapes.Angle draw
FINER: Drawing angle on canvas
сент. 29, 2025 12:08:09 AM app.model.shapes.Angle setSize
FINE: Setting angle size to: 100.0
сент. 29, 2025 12:08:09 AM app.model.shapes.Angle draw
FINER: Drawing angle on canvas
сент. 29, 2025 12:08:09 AM app.model.shapes.Angle setSize
FINE: Setting angle size to: 100.0
сент. 29, 2025 12:08:09 AM app.model.shapes.Angle draw
FINER: Drawing angle on canvas
сент. 29, 2025 12:08:09 AM app.model.shapes.Angle setSize
FINE: Setting angle size to: 100.0
сент. 29, 2025 12:08:09 AM app.model.shapes.Angle draw
FINER: Drawing angle on canvas
сент. 29, 2025 12:08:09 AM app.model.shapes.Angle setSize
FINE: Setting angle size to: 100.0
сент. 29, 2025 12:08:09 AM app.model.shapes.Angle draw
FINER: Drawing angle on canvas
сент. 29, 2025 12:08:09 AM app.model.shapes.Angle setSize
FINE: Setting angle size to: 100.0
сент. 29, 2025 12:08:09 AM app.model.shapes.Angle draw
FINER: Drawing angle on canvas
сент. 29, 2025 12:08:09 AM app.model.shapes.Angle setSize
FINE: Setting angle size to: 100.0
сент. 29, 2025 12:08:09 AM app.model.shapes.Angle draw
FINER: Drawing angle on canvas
сент. 29, 2025 12:08:09 AM app.model.shapes.Angle setSize
FINE: Setting angle size to: 100.0
сент. 29, 2025 12:08:09 AM app.model.shapes.Angle draw
FINER: Drawing angle on canvas
сент. 29, 2025 12:08:09 AM app.model.shapes.Angle setSize
FINE: Setting angle size to: 100.0
сент. 29, 2025 12:08:09 AM app.model.shapes.Angle draw
FINER: Drawing angle on canvas
сент. 29, 2025 12:08:09 AM app.model.shapes.Angle setSize
FINE: Setting angle size to: 100.0
сент. 29, 2025 12:08:09 AM app.model.shapes.Angle draw
FINER: Drawing angle on canvas
сент. 29, 2025 12:08:09 AM app.model.shapes.Angle setSize
FINE: Setting angle size to: 100.0
сент. 29, 2025 12:08:09 AM app.model.shapes.Angle draw
FINER: Drawing angle on canvas
сент. 29, 2025 12:08:09 AM app.model.shapes.Angle setSize
FINE: Setting angle size to: 100.0
сент. 29, 2025 12:08:09 AM app.model.shapes.Angle draw
FINER: Drawing angle on canvas
сент. 29, 2025 12:08:09 AM app.model.shapes.Angle setSize
FINE: Setting angle size to: 100.0
сент. 29, 2025 12:08:09 AM app.model.shapes.Angle draw
FINER: Drawing angle on canvas
сент. 29, 2025 12:08:09 AM app.model.shapes.Angle setSize
FINE: Setting angle size to: 100.0
сент. 29, 2025 12:08:09 AM app.model.shapes.Angle draw
FINER: Drawing angle on canvas
сент. 29, 2025 12:08:09 AM app.model.shapes.Angle setSize
FINE: Setting angle size to: 100.0
сент. 29, 2025 12:08:09 AM app.model.shapes.Angle draw
FINER: Drawing angle on canvas
сент. 29, 2025 12:08:09 AM app.model.shapes.Angle setSize
FINE: Setting angle size to: 100.0
сент. 29, 2025 12:08:09 AM app.model.shapes.Angle draw
FINER: Drawing angle on canvas
сент. 29, 2025 12:08:09 AM app.model.shapes.Angle setSize
FINE: Setting angle size to: 100.0
сент. 29, 2025 12:08:10 AM app.model.shapes.Angle draw
FINER: Drawing angle on canvas
сент. 29, 2025 12:08:10 AM app.model.shapes.Angle setSize
FINE: Setting angle size to: 100.0
сент. 29, 2025 12:08:10 AM app.model.shapes.Angle draw
FINER: Drawing angle on canvas
сент. 29, 2025 12:08:10 AM app.model.shapes.Angle setSize
FINE: Setting angle size to: 100.0
сент. 29, 2025 12:08:10 AM app.model.shapes.Angle draw
FINER: Drawing angle on canvas
сент. 29, 2025 12:08:10 AM app.model.shapes.Angle setSize
FINE: Setting angle size to: 100.0
сент. 29, 2025 12:08:10 AM app.model.shapes.Angle draw
FINER: Drawing angle on canvas
сент. 29, 2025 12:08:10 AM app.model.shapes.Angle setSize
FINE: Setting angle size to: 100.0
сент. 29, 2025 12:08:10 AM app.model.shapes.Angle draw
FINER: Drawing angle on canvas
сент. 29, 2025 12:08:10 AM app.model.shapes.Angle setSize
FINE: Setting angle size to: 100.0
сент. 29, 2025 12:08:10 AM app.model.shapes.Angle draw
FINER: Drawing angle on canvas
сент. 29, 2025 12:08:10 AM app.model.shapes.Angle setSize
FINE: Setting angle size to: 100.0
сент. 29, 2025 12:08:10 AM app.model.shapes.Angle draw
FINER: Drawing angle on canvas
сент. 29, 2025 12:08:10 AM app.model.shapes.Angle setSize
FINE: Setting angle size to: 100.0
сент. 29, 2025 12:08:10 AM app.model.shapes.Angle draw
FINER: Drawing angle on canvas
сент. 29, 2025 12:08:12 AM app.model.shapes.Angle draw
FINER: Drawing angle on canvas
сент. 29, 2025 12:08:12 AM app.model.shapes.Angle draw
FINER: Drawing angle on canvas
сент. 29, 2025 12:08:12 AM app.model.shapes.Angle draw
FINER: Drawing angle on canvas
сент. 29, 2025 12:08:12 AM app.model.shapes.Angle draw
FINER: Drawing angle on canvas
сент. 29, 2025 12:08:12 AM app.model.shapes.Angle draw
FINER: Drawing angle on canvas
сент. 29, 2025 12:08:12 AM app.model.shapes.Angle draw
FINER: Drawing angle on canvas
сент. 29, 2025 12:08:12 AM app.model.shapes.Angle draw
FINER: Drawing angle on canvas
сент. 29, 2025 12:08:12 AM app.model.shapes.Angle draw
FINER: Drawing angle on canvas
сент. 29, 2025 12:08:12 AM app.model.shapes.Angle draw
FINER: Drawing angle on canvas
сент. 29, 2025 12:08:12 AM app.model.shapes.Angle draw
FINER: Drawing angle on canvas
сент. 29, 2025 12:08:12 AM app.model.shapes.Angle draw
FINER: Drawing angle on canvas
сент. 29, 2025 12:08:12 AM app.model.shapes.Angle draw
FINER: Drawing angle on canvas
сент. 29, 2025 12:08:12 AM app.model.shapes.Angle draw
FINER: Drawing angle on canvas
сент. 29, 2025 12:08:12 AM app.model.shapes.Angle draw
FINER: Drawing angle on canvas
сент. 29, 2025 12:08:12 AM app.model.shapes.Angle draw
FINER: Drawing angle on canvas
сент. 29, 2025 12:08:12 AM app.model.shapes.Angle draw
FINER: Drawing angle on canvas
сент. 29, 2025 12:08:12 AM app.model.shapes.Angle draw
FINER: Drawing angle on canvas
сент. 29, 2025 12:08:12 AM app.model.shapes.Angle draw
FINER: Drawing angle on canvas
сент. 29, 2025 12:08:12 AM app.model.shapes.Angle draw
FINER: Drawing angle on canvas
сент. 29, 2025 12:08:12 AM app.model.shapes.Angle draw
FINER: Drawing angle on canvas
сент. 29, 2025 12:08:12 AM app.model.shapes.Angle draw
FINER: Drawing angle on canvas
сент. 29, 2025 12:08:12 AM app.model.shapes.Angle draw
FINER: Drawing angle on canvas
сент. 29, 2025 12:08:12 AM app.model.shapes.Angle draw
FINER: Drawing angle on canvas
сент. 29, 2025 12:08:12 AM app.model.shapes.Angle draw
FINER: Drawing angle on canvas
сент. 29, 2025 12:08:12 AM app.model.shapes.Angle draw
FINER: Drawing angle on canvas
сент. 29, 2025 12:08:12 AM app.model.shapes.Angle draw
FINER: Drawing angle on canvas
сент. 29, 2025 12:08:12 AM app.model.shapes.Angle draw
FINER: Drawing angle on canvas
сент. 29, 2025 12:08:12 AM app.model.shapes.Angle draw
FINER: Drawing angle on canvas
сент. 29, 2025 12:08:12 AM app.model.shapes.Angle draw
FINER: Drawing angle on canvas
сент. 29, 2025 12:08:12 AM app.model.shapes.Angle draw
FINER: Drawing angle on canvas
сент. 29, 2025 12:08:12 AM app.model.shapes.Angle draw
FINER: Drawing angle on canvas
сент. 29, 2025 12:08:12 AM app.model.shapes.Angle draw
FINER: Drawing angle on canvas
сент. 29, 2025 12:08:12 AM app.model.shapes.Angle draw
FINER: Drawing angle on canvas
сент. 29, 2025 12:08:13 AM app.model.shapes.Angle draw
FINER: Drawing angle on canvas
сент. 29, 2025 12:08:13 AM app.model.shapes.Angle draw
FINER: Drawing angle on canvas
сент. 29, 2025 12:08:13 AM app.model.shapes.Angle draw
FINER: Drawing angle on canvas
сент. 29, 2025 12:08:13 AM app.model.shapes.Angle draw
FINER: Drawing angle on canvas
сент. 29, 2025 12:08:13 AM app.model.shapes.Angle draw
FINER: Drawing angle on canvas
сент. 29, 2025 12:08:13 AM app.model.shapes.Angle draw
FINER: Drawing angle on canvas
сент. 29, 2025 12:08:13 AM app.model.shapes.Angle draw
FINER: Drawing angle on canvas
сент. 29, 2025 12:08:13 AM app.model.shapes.Angle draw
FINER: Drawing angle on canvas
сент. 29, 2025 12:08:13 AM app.model.shapes.Angle draw
FINER: Drawing angle on canvas
сент. 29, 2025 12:08:13 AM app.model.shapes.Angle draw
FINER: Drawing angle on canvas
сент. 29, 2025 12:08:13 AM app.model.shapes.Angle draw
FINER: Drawing angle on canvas
сент. 29, 2025 12:08:13 AM app.model.shapes.Angle draw
FINER: Drawing angle on canvas
сент. 29, 2025 12:08:13 AM app.model.shapes.Angle draw
FINER: Drawing angle on canvas
сент. 29, 2025 12:08:13 AM app.model.shapes.Angle draw
FINER: Drawing angle on canvas
сент. 29, 2025 12:08:13 AM app.model.shapes.Angle draw
FINER: Drawing angle on canvas
сент. 29, 2025 12:08:13 AM app.model.shapes.Angle draw
FINER: Drawing angle on canvas
сент. 29, 2025 12:08:13 AM app.model.shapes.Angle draw
FINER: Drawing angle on canvas
сент. 29, 2025 12:08:13 AM app.model.shapes.Angle draw
FINER: Drawing angle on canvas
сент. 29, 2025 12:08:13 AM app.model.shapes.Angle draw
FINER: Drawing angle on canvas
сент. 29, 2025 12:08:13 AM app.model.shapes.Angle draw
FINER: Drawing angle on canvas
сент. 29, 2025 12:08:13 AM app.model.shapes.Angle draw
FINER: Drawing angle on canvas
сент. 29, 2025 12:08:13 AM app.model.shapes.Angle draw
FINER: Drawing angle on canvas
сент. 29, 2025 12:08:13 AM app.model.shapes.Angle draw
FINER: Drawing angle on canvas
сент. 29, 2025 12:08:13 AM app.model.shapes.Angle draw
FINER: Drawing angle on canvas
сент. 29, 2025 12:08:13 AM app.model.shapes.Angle draw
FINER: Drawing angle on canvas
сент. 29, 2025 12:08:13 AM app.model.shapes.Angle draw
FINER: Drawing angle on canvas
сент. 29, 2025 12:08:13 AM app.model.shapes.Angle draw
FINER: Drawing angle on canvas
сент. 29, 2025 12:08:13 AM app.model.shapes.Angle draw
FINER: Drawing angle on canvas
сент. 29, 2025 12:08:13 AM app.model.shapes.Angle draw
FINER: Drawing angle on canvas
сент. 29, 2025 12:08:13 AM app.model.shapes.Angle draw
FINER: Drawing angle on canvas
сент. 29, 2025 12:08:13 AM app.model.shapes.Angle draw
FINER: Drawing angle on canvas
сент. 29, 2025 12:08:13 AM app.model.shapes.Angle draw
FINER: Drawing angle on canvas
сент. 29, 2025 12:08:13 AM app.model.shapes.Angle draw
FINER: Drawing angle on canvas
сент. 29, 2025 12:08:16 AM app.model.shapes.Angle setSize
FINE: Setting angle size to: 100.0
сент. 29, 2025 12:08:16 AM app.model.shapes.Angle draw
FINER: Drawing angle on canvas
сент. 29, 2025 12:08:16 AM app.model.shapes.Angle setSize
FINE: Setting angle size to: 100.0
сент. 29, 2025 12:08:16 AM app.model.shapes.Angle draw
FINER: Drawing angle on canvas
сент. 29, 2025 12:08:16 AM app.model.shapes.Angle setSize
FINE: Setting angle size to: 100.0
сент. 29, 2025 12:08:16 AM app.model.shapes.Angle draw
FINER: Drawing angle on canvas
сент. 29, 2025 12:08:16 AM app.model.shapes.Angle setSize
FINE: Setting angle size to: 100.0
сент. 29, 2025 12:08:16 AM app.model.shapes.Angle draw
FINER: Drawing angle on canvas
сент. 29, 2025 12:08:16 AM app.model.shapes.Angle setSize
FINE: Setting angle size to: 100.0
сент. 29, 2025 12:08:16 AM app.model.shapes.Angle draw
FINER: Drawing angle on canvas
сент. 29, 2025 12:08:16 AM app.model.shapes.Angle setSize
FINE: Setting angle size to: 100.0
сент. 29, 2025 12:08:16 AM app.model.shapes.Angle draw
FINER: Drawing angle on canvas
сент. 29, 2025 12:08:16 AM app.model.shapes.Angle setSize
FINE: Setting angle size to: 100.0
сент. 29, 2025 12:08:16 AM app.model.shapes.Angle draw
FINER: Drawing angle on canvas
сент. 29, 2025 12:08:16 AM app.model.shapes.Angle setSize
FINE: Setting angle size to: 100.0
сент. 29, 2025 12:08:16 AM app.model.shapes.Angle draw
FINER: Drawing angle on canvas
сент. 29, 2025 12:08:30 AM app.model.shapes.Angle contains
FINEST: Point (180,0,543,2) outside angle
сент. 29, 2025 12:08:30 AM app.model.shapes.Angle contains
FINEST: Point (180,0,543,2) outside angle
сент. 29, 2025 12:08:30 AM app.model.shapes.Angle contains
FINEST: Point (180,0,543,2) outside angle
сент. 29, 2025 12:08:30 AM app.model.shapes.Angle contains
FINEST: Point (180,0,543,2) outside angle
сент. 29, 2025 12:08:30 AM app.model.shapes.Angle contains
FINEST: Point (180,0,543,2) outside angle
сент. 29, 2025 12:08:30 AM app.model.shapes.Angle contains
FINEST: Point (180,0,543,2) outside angle
сент. 29, 2025 12:08:30 AM app.model.shapes.Angle contains
FINEST: Point (180,0,543,2) outside angle
сент. 29, 2025 12:08:30 AM app.model.shapes.Angle contains
FINEST: Point (180,0,543,2) outside angle
сент. 29, 2025 12:08:30 AM app.model.shapes.Angle draw
FINER: Drawing angle on canvas
сент. 29, 2025 12:08:30 AM app.model.shapes.Angle draw
FINER: Drawing angle on canvas
сент. 29, 2025 12:08:30 AM app.model.shapes.Angle draw
FINER: Drawing angle on canvas
сент. 29, 2025 12:08:30 AM app.model.shapes.Angle draw
FINER: Drawing angle on canvas
сент. 29, 2025 12:08:30 AM app.model.shapes.Angle draw
FINER: Drawing angle on canvas
сент. 29, 2025 12:08:30 AM app.model.shapes.Angle draw
FINER: Drawing angle on canvas
сент. 29, 2025 12:08:30 AM app.model.shapes.Angle draw
FINER: Drawing angle on canvas
сент. 29, 2025 12:08:30 AM app.model.shapes.Angle draw
FINER: Drawing angle on canvas
сент. 29, 2025 12:08:31 AM app.model.shapes.Angle draw
FINER: Drawing angle on canvas
сент. 29, 2025 12:08:31 AM app.model.shapes.Angle draw
FINER: Drawing angle on canvas
сент. 29, 2025 12:08:31 AM app.model.shapes.Angle draw
FINER: Drawing angle on canvas
сент. 29, 2025 12:08:31 AM app.model.shapes.Angle draw
FINER: Drawing angle on canvas
сент. 29, 2025 12:08:31 AM app.model.shapes.Angle draw
FINER: Drawing angle on canvas
сент. 29, 2025 12:08:31 AM app.model.shapes.Angle draw
FINER: Drawing angle on canvas
сент. 29, 2025 12:08:31 AM app.model.shapes.Angle draw
FINER: Drawing angle on canvas
сент. 29, 2025 12:08:31 AM app.model.shapes.Angle draw
FINER: Drawing angle on canvas
сент. 29, 2025 12:08:32 AM app.model.shapes.Angle contains
FINEST: Point (250,4,516,8) outside angle
сент. 29, 2025 12:08:32 AM app.model.shapes.Angle contains
FINEST: Point (250,4,516,8) outside angle
сент. 29, 2025 12:08:32 AM app.model.shapes.Angle contains
FINEST: Point (250,4,516,8) outside angle
сент. 29, 2025 12:08:32 AM app.model.shapes.Angle contains
FINEST: Point (250,4,516,8) outside angle
сент. 29, 2025 12:08:32 AM app.model.shapes.Angle contains
FINEST: Point (250,4,516,8) outside angle
сент. 29, 2025 12:08:32 AM app.model.shapes.Angle contains
FINEST: Point (250,4,516,8) outside angle
сент. 29, 2025 12:08:32 AM app.model.shapes.Angle contains
FINEST: Point (250,4,516,8) outside angle
сент. 29, 2025 12:08:32 AM app.model.shapes.Angle contains
FINEST: Point (250,4,516,8) outside angle
сент. 29, 2025 12:08:32 AM app.model.shapes.Angle draw
FINER: Drawing angle on canvas
сент. 29, 2025 12:08:32 AM app.model.shapes.Angle draw
FINER: Drawing angle on canvas
сент. 29, 2025 12:08:32 AM app.model.shapes.Angle draw
FINER: Drawing angle on canvas
сент. 29, 2025 12:08:32 AM app.model.shapes.Angle draw
FINER: Drawing angle on canvas
сент. 29, 2025 12:08:32 AM app.model.shapes.Angle draw
FINER: Drawing angle on canvas
сент. 29, 2025 12:08:32 AM app.model.shapes.Angle draw
FINER: Drawing angle on canvas
сент. 29, 2025 12:08:32 AM app.model.shapes.Angle draw
FINER: Drawing angle on canvas
сент. 29, 2025 12:08:32 AM app.model.shapes.Angle draw
FINER: Drawing angle on canvas
сент. 29, 2025 12:08:33 AM app.model.shapes.Angle draw
FINER: Drawing angle on canvas
сент. 29, 2025 12:08:33 AM app.model.shapes.Angle draw
FINER: Drawing angle on canvas
сент. 29, 2025 12:08:33 AM app.model.shapes.Angle draw
FINER: Drawing angle on canvas
сент. 29, 2025 12:08:33 AM app.model.shapes.Angle draw
FINER: Drawing angle on canvas
сент. 29, 2025 12:08:33 AM app.model.shapes.Angle draw
FINER: Drawing angle on canvas
сент. 29, 2025 12:08:33 AM app.model.shapes.Angle draw
FINER: Drawing angle on canvas
сент. 29, 2025 12:08:33 AM app.model.shapes.Angle draw
FINER: Drawing angle on canvas
сент. 29, 2025 12:08:33 AM app.model.shapes.Angle draw
FINER: Drawing angle on canvas
