сент. 29, 2025 12:07:39 AM app.model.shapes.Circle <init>
FINE: Circle created at (5,0,5,0) with diameter 15,0
сент. 29, 2025 12:07:47 AM app.model.shapes.Circle draw
FINER: Drawing circle on graphics context at (286,4,220,0) radius 7,5
сент. 29, 2025 12:07:47 AM app.model.shapes.Circle draw
FINER: Drawing circle on graphics context at (252,8,265,6) radius 7,5
сент. 29, 2025 12:07:47 AM app.model.shapes.Circle draw
FINER: Drawing circle on graphics context at (252,8,266,4) radius 7,5
сент. 29, 2025 12:07:47 AM app.model.shapes.Circle draw
FINER: Drawing circle on graphics context at (250,4,274,4) radius 7,5
сент. 29, 2025 12:07:47 AM app.model.shapes.Circle draw
FINER: Drawing circle on graphics context at (246,4,286,4) radius 7,5
сент. 29, 2025 12:07:47 AM app.model.shapes.Circle draw
FINER: Drawing circle on graphics context at (242,4,296,8) radius 7,5
сент. 29, 2025 12:07:47 AM app.model.shapes.Circle draw
FINER: Drawing circle on graphics context at (240,0,304,8) radius 7,5
сент. 29, 2025 12:07:47 AM app.model.shapes.Circle draw
FINER: Drawing circle on graphics context at (239,2,311,2) radius 7,5
сент. 29, 2025 12:07:47 AM app.model.shapes.Circle draw
FINER: Drawing circle on graphics context at (239,2,316,8) radius 7,5
сент. 29, 2025 12:07:47 AM app.model.shapes.Circle draw
FINER: Drawing circle on graphics context at (239,2,323,2) radius 7,5
сент. 29, 2025 12:07:47 AM app.model.shapes.Circle draw
FINER: Drawing circle on graphics context at (240,0,328,8) radius 7,5
сент. 29, 2025 12:07:47 AM app.model.shapes.Circle draw
FINER: Drawing circle on graphics context at (240,8,334,4) radius 7,5
сент. 29, 2025 12:07:47 AM app.model.shapes.Circle draw
FINER: Drawing circle on graphics context at (241,6,338,4) radius 7,5
сент. 29, 2025 12:07:47 AM app.model.shapes.Circle draw
FINER: Drawing circle on graphics context at (241,6,339,2) radius 7,5
сент. 29, 2025 12:07:48 AM app.model.shapes.Circle draw
FINER: Drawing circle on graphics context at (242,4,339,2) radius 7,5
сент. 29, 2025 12:07:50 AM app.model.shapes.Circle draw
FINER: Drawing circle on graphics context at (381,6,377,6) radius 7,5
сент. 29, 2025 12:07:50 AM app.model.shapes.Circle draw
FINER: Drawing circle on graphics context at (382,4,377,6) radius 7,5
сент. 29, 2025 12:07:50 AM app.model.shapes.Circle draw
FINER: Drawing circle on graphics context at (382,4,378,4) radius 7,5
сент. 29, 2025 12:07:50 AM app.model.shapes.Circle draw
FINER: Drawing circle on graphics context at (382,4,381,6) radius 7,5
сент. 29, 2025 12:07:50 AM app.model.shapes.Circle draw
FINER: Drawing circle on graphics context at (381,6,385,6) radius 7,5
сент. 29, 2025 12:07:50 AM app.model.shapes.Circle draw
FINER: Drawing circle on graphics context at (380,8,389,6) radius 7,5
сент. 29, 2025 12:07:50 AM app.model.shapes.Circle draw
FINER: Drawing circle on graphics context at (379,2,393,6) radius 7,5
сент. 29, 2025 12:07:50 AM app.model.shapes.Circle draw
FINER: Drawing circle on graphics context at (377,6,398,4) radius 7,5
сент. 29, 2025 12:07:50 AM app.model.shapes.Circle draw
FINER: Drawing circle on graphics context at (375,2,401,6) radius 7,5
сент. 29, 2025 12:07:50 AM app.model.shapes.Circle draw
FINER: Drawing circle on graphics context at (372,0,404,8) radius 7,5
сент. 29, 2025 12:07:50 AM app.model.shapes.Circle draw
FINER: Drawing circle on graphics context at (369,6,407,2) radius 7,5
сент. 29, 2025 12:07:50 AM app.model.shapes.Circle draw
FINER: Drawing circle on graphics context at (365,6,410,4) radius 7,5
сент. 29, 2025 12:07:50 AM app.model.shapes.Circle draw
FINER: Drawing circle on graphics context at (363,2,412,0) radius 7,5
сент. 29, 2025 12:07:50 AM app.model.shapes.Circle draw
FINER: Drawing circle on graphics context at (360,0,415,2) radius 7,5
сент. 29, 2025 12:07:50 AM app.model.shapes.Circle draw
FINER: Drawing circle on graphics context at (356,0,417,6) radius 7,5
сент. 29, 2025 12:07:50 AM app.model.shapes.Circle draw
FINER: Drawing circle on graphics context at (351,2,420,0) radius 7,5
сент. 29, 2025 12:07:50 AM app.model.shapes.Circle draw
FINER: Drawing circle on graphics context at (348,8,421,6) radius 7,5
сент. 29, 2025 12:07:50 AM app.model.shapes.Circle draw
FINER: Drawing circle on graphics context at (344,8,421,6) radius 7,5
сент. 29, 2025 12:07:50 AM app.model.shapes.Circle draw
FINER: Drawing circle on graphics context at (341,6,421,6) radius 7,5
сент. 29, 2025 12:07:50 AM app.model.shapes.Circle draw
FINER: Drawing circle on graphics context at (338,4,422,4) radius 7,5
сент. 29, 2025 12:07:50 AM app.model.shapes.Circle draw
FINER: Drawing circle on graphics context at (335,2,422,4) radius 7,5
сент. 29, 2025 12:07:50 AM app.model.shapes.Circle draw
FINER: Drawing circle on graphics context at (331,2,422,4) radius 7,5
сент. 29, 2025 12:07:50 AM app.model.shapes.Circle draw
FINER: Drawing circle on graphics context at (326,4,422,4) radius 7,5
сент. 29, 2025 12:07:50 AM app.model.shapes.Circle draw
FINER: Drawing circle on graphics context at (322,4,422,4) radius 7,5
сент. 29, 2025 12:07:50 AM app.model.shapes.Circle draw
FINER: Drawing circle on graphics context at (316,0,422,4) radius 7,5
сент. 29, 2025 12:07:50 AM app.model.shapes.Circle draw
FINER: Drawing circle on graphics context at (312,0,421,6) radius 7,5
сент. 29, 2025 12:07:50 AM app.model.shapes.Circle draw
FINER: Drawing circle on graphics context at (308,0,421,6) radius 7,5
сент. 29, 2025 12:07:50 AM app.model.shapes.Circle draw
FINER: Drawing circle on graphics context at (304,8,421,6) radius 7,5
сент. 29, 2025 12:07:50 AM app.model.shapes.Circle draw
FINER: Drawing circle on graphics context at (298,4,421,6) radius 7,5
сент. 29, 2025 12:07:50 AM app.model.shapes.Circle draw
FINER: Drawing circle on graphics context at (292,8,421,6) radius 7,5
сент. 29, 2025 12:07:50 AM app.model.shapes.Circle draw
FINER: Drawing circle on graphics context at (288,0,423,2) radius 7,5
сент. 29, 2025 12:07:50 AM app.model.shapes.Circle draw
FINER: Drawing circle on graphics context at (282,4,424,8) radius 7,5
сент. 29, 2025 12:07:50 AM app.model.shapes.Circle draw
FINER: Drawing circle on graphics context at (276,8,426,4) radius 7,5
сент. 29, 2025 12:07:50 AM app.model.shapes.Circle draw
FINER: Drawing circle on graphics context at (271,2,428,8) radius 7,5
сент. 29, 2025 12:07:50 AM app.model.shapes.Circle draw
FINER: Drawing circle on graphics context at (266,4,432,8) radius 7,5
сент. 29, 2025 12:07:50 AM app.model.shapes.Circle draw
FINER: Drawing circle on graphics context at (260,8,437,6) radius 7,5
сент. 29, 2025 12:07:50 AM app.model.shapes.Circle draw
FINER: Drawing circle on graphics context at (255,2,443,2) radius 7,5
сент. 29, 2025 12:07:50 AM app.model.shapes.Circle draw
FINER: Drawing circle on graphics context at (251,2,447,2) radius 7,5
сент. 29, 2025 12:07:50 AM app.model.shapes.Circle draw
FINER: Drawing circle on graphics context at (247,2,451,2) radius 7,5
сент. 29, 2025 12:07:50 AM app.model.shapes.Circle draw
FINER: Drawing circle on graphics context at (245,6,454,4) radius 7,5
сент. 29, 2025 12:07:50 AM app.model.shapes.Circle draw
FINER: Drawing circle on graphics context at (244,8,456,8) radius 7,5
сент. 29, 2025 12:07:50 AM app.model.shapes.Circle draw
FINER: Drawing circle on graphics context at (244,8,458,4) radius 7,5
сент. 29, 2025 12:07:50 AM app.model.shapes.Circle draw
FINER: Drawing circle on graphics context at (244,8,461,6) radius 7,5
сент. 29, 2025 12:07:50 AM app.model.shapes.Circle draw
FINER: Drawing circle on graphics context at (244,8,464,8) radius 7,5
сент. 29, 2025 12:07:50 AM app.model.shapes.Circle draw
FINER: Drawing circle on graphics context at (244,8,468,8) radius 7,5
сент. 29, 2025 12:07:50 AM app.model.shapes.Circle draw
FINER: Drawing circle on graphics context at (246,4,472,8) radius 7,5
сент. 29, 2025 12:07:50 AM app.model.shapes.Circle draw
FINER: Drawing circle on graphics context at (248,8,477,6) radius 7,5
сент. 29, 2025 12:07:50 AM app.model.shapes.Circle draw
FINER: Drawing circle on graphics context at (253,6,482,4) radius 7,5
сент. 29, 2025 12:07:51 AM app.model.shapes.Circle draw
FINER: Drawing circle on graphics context at (261,6,488,0) radius 7,5
сент. 29, 2025 12:07:51 AM app.model.shapes.Circle draw
FINER: Drawing circle on graphics context at (272,8,494,4) radius 7,5
сент. 29, 2025 12:07:51 AM app.model.shapes.Circle draw
FINER: Drawing circle on graphics context at (288,0,502,4) radius 7,5
сент. 29, 2025 12:07:51 AM app.model.shapes.Circle draw
FINER: Drawing circle on graphics context at (300,0,507,2) radius 7,5
сент. 29, 2025 12:07:51 AM app.model.shapes.Circle draw
FINER: Drawing circle on graphics context at (308,8,509,6) radius 7,5
сент. 29, 2025 12:07:51 AM app.model.shapes.Circle draw
FINER: Drawing circle on graphics context at (316,8,511,2) radius 7,5
сент. 29, 2025 12:07:51 AM app.model.shapes.Circle draw
FINER: Drawing circle on graphics context at (325,6,511,2) radius 7,5
сент. 29, 2025 12:07:51 AM app.model.shapes.Circle draw
FINER: Drawing circle on graphics context at (336,8,511,2) radius 7,5
сент. 29, 2025 12:07:51 AM app.model.shapes.Circle draw
FINER: Drawing circle on graphics context at (348,0,509,6) radius 7,5
сент. 29, 2025 12:07:51 AM app.model.shapes.Circle draw
FINER: Drawing circle on graphics context at (359,2,505,6) radius 7,5
сент. 29, 2025 12:07:51 AM app.model.shapes.Circle draw
FINER: Drawing circle on graphics context at (372,0,500,8) radius 7,5
сент. 29, 2025 12:07:51 AM app.model.shapes.Circle draw
FINER: Drawing circle on graphics context at (384,0,495,2) radius 7,5
сент. 29, 2025 12:07:51 AM app.model.shapes.Circle draw
FINER: Drawing circle on graphics context at (400,8,488,0) radius 7,5
сент. 29, 2025 12:07:51 AM app.model.shapes.Circle draw
FINER: Drawing circle on graphics context at (412,0,482,4) radius 7,5
сент. 29, 2025 12:07:51 AM app.model.shapes.Circle draw
FINER: Drawing circle on graphics context at (422,4,476,8) radius 7,5
сент. 29, 2025 12:07:51 AM app.model.shapes.Circle draw
FINER: Drawing circle on graphics context at (430,4,474,4) radius 7,5
сент. 29, 2025 12:07:51 AM app.model.shapes.Circle draw
FINER: Drawing circle on graphics context at (436,0,472,8) radius 7,5
сент. 29, 2025 12:07:51 AM app.model.shapes.Circle draw
FINER: Drawing circle on graphics context at (445,6,472,8) radius 7,5
сент. 29, 2025 12:07:51 AM app.model.shapes.Circle draw
FINER: Drawing circle on graphics context at (454,4,472,8) radius 7,5
сент. 29, 2025 12:07:51 AM app.model.shapes.Circle draw
FINER: Drawing circle on graphics context at (460,0,472,8) radius 7,5
сент. 29, 2025 12:07:51 AM app.model.shapes.Circle draw
FINER: Drawing circle on graphics context at (464,0,473,6) radius 7,5
сент. 29, 2025 12:07:51 AM app.model.shapes.Circle draw
FINER: Drawing circle on graphics context at (465,6,475,2) radius 7,5
сент. 29, 2025 12:07:51 AM app.model.shapes.Circle draw
FINER: Drawing circle on graphics context at (466,4,477,6) radius 7,5
сент. 29, 2025 12:07:51 AM app.model.shapes.Circle draw
FINER: Drawing circle on graphics context at (468,8,480,0) radius 7,5
сент. 29, 2025 12:07:51 AM app.model.shapes.Circle draw
FINER: Drawing circle on graphics context at (470,4,485,6) radius 7,5
сент. 29, 2025 12:07:51 AM app.model.shapes.Circle draw
FINER: Drawing circle on graphics context at (472,8,489,6) radius 7,5
сент. 29, 2025 12:07:51 AM app.model.shapes.Circle draw
FINER: Drawing circle on graphics context at (474,4,495,2) radius 7,5
сент. 29, 2025 12:07:51 AM app.model.shapes.Circle draw
FINER: Drawing circle on graphics context at (475,2,500,0) radius 7,5
сент. 29, 2025 12:07:51 AM app.model.shapes.Circle draw
FINER: Drawing circle on graphics context at (475,2,506,4) radius 7,5
сент. 29, 2025 12:07:51 AM app.model.shapes.Circle draw
FINER: Drawing circle on graphics context at (474,4,512,8) radius 7,5
сент. 29, 2025 12:07:51 AM app.model.shapes.Circle draw
FINER: Drawing circle on graphics context at (472,8,518,4) radius 7,5
сент. 29, 2025 12:07:51 AM app.model.shapes.Circle draw
FINER: Drawing circle on graphics context at (470,4,522,4) radius 7,5
сент. 29, 2025 12:07:51 AM app.model.shapes.Circle draw
FINER: Drawing circle on graphics context at (468,0,526,4) radius 7,5
сент. 29, 2025 12:07:51 AM app.model.shapes.Circle draw
FINER: Drawing circle on graphics context at (465,6,529,6) radius 7,5
сент. 29, 2025 12:07:51 AM app.model.shapes.Circle draw
FINER: Drawing circle on graphics context at (461,6,532,0) radius 7,5
сент. 29, 2025 12:07:51 AM app.model.shapes.Circle draw
FINER: Drawing circle on graphics context at (456,8,537,6) radius 7,5
сент. 29, 2025 12:07:51 AM app.model.shapes.Circle draw
FINER: Drawing circle on graphics context at (452,0,540,8) radius 7,5
сент. 29, 2025 12:07:51 AM app.model.shapes.Circle draw
FINER: Drawing circle on graphics context at (448,0,544,0) radius 7,5
сент. 29, 2025 12:07:51 AM app.model.shapes.Circle draw
FINER: Drawing circle on graphics context at (442,4,546,4) radius 7,5
сент. 29, 2025 12:07:51 AM app.model.shapes.Circle draw
FINER: Drawing circle on graphics context at (438,4,548,0) radius 7,5
сент. 29, 2025 12:07:51 AM app.model.shapes.Circle draw
FINER: Drawing circle on graphics context at (432,8,549,6) radius 7,5
сент. 29, 2025 12:07:51 AM app.model.shapes.Circle draw
FINER: Drawing circle on graphics context at (428,0,551,2) radius 7,5
сент. 29, 2025 12:07:51 AM app.model.shapes.Circle draw
FINER: Drawing circle on graphics context at (421,6,552,0) radius 7,5
сент. 29, 2025 12:07:51 AM app.model.shapes.Circle draw
FINER: Drawing circle on graphics context at (416,8,552,0) radius 7,5
сент. 29, 2025 12:07:51 AM app.model.shapes.Circle draw
FINER: Drawing circle on graphics context at (412,0,552,0) radius 7,5
сент. 29, 2025 12:07:51 AM app.model.shapes.Circle draw
FINER: Drawing circle on graphics context at (408,0,550,4) radius 7,5
сент. 29, 2025 12:07:51 AM app.model.shapes.Circle draw
FINER: Drawing circle on graphics context at (405,6,549,6) radius 7,5
сент. 29, 2025 12:07:51 AM app.model.shapes.Circle draw
FINER: Drawing circle on graphics context at (404,0,548,8) radius 7,5
сент. 29, 2025 12:07:51 AM app.model.shapes.Circle draw
FINER: Drawing circle on graphics context at (402,4,547,2) radius 7,5
сент. 29, 2025 12:07:51 AM app.model.shapes.Circle draw
FINER: Drawing circle on graphics context at (400,8,544,8) radius 7,5
сент. 29, 2025 12:07:51 AM app.model.shapes.Circle draw
FINER: Drawing circle on graphics context at (398,4,541,6) radius 7,5
сент. 29, 2025 12:07:51 AM app.model.shapes.Circle draw
FINER: Drawing circle on graphics context at (396,0,538,4) radius 7,5
сент. 29, 2025 12:08:12 AM app.model.shapes.Circle draw
FINER: Drawing circle on graphics context at (286,4,220,0) radius 7,5
сент. 29, 2025 12:08:12 AM app.model.shapes.Circle draw
FINER: Drawing circle on graphics context at (252,8,265,6) radius 7,5
сент. 29, 2025 12:08:12 AM app.model.shapes.Circle draw
FINER: Drawing circle on graphics context at (252,8,266,4) radius 7,5
сент. 29, 2025 12:08:12 AM app.model.shapes.Circle draw
FINER: Drawing circle on graphics context at (250,4,274,4) radius 7,5
сент. 29, 2025 12:08:12 AM app.model.shapes.Circle draw
FINER: Drawing circle on graphics context at (246,4,286,4) radius 7,5
сент. 29, 2025 12:08:12 AM app.model.shapes.Circle draw
FINER: Drawing circle on graphics context at (242,4,296,8) radius 7,5
сент. 29, 2025 12:08:12 AM app.model.shapes.Circle draw
FINER: Drawing circle on graphics context at (240,0,304,8) radius 7,5
сент. 29, 2025 12:08:12 AM app.model.shapes.Circle draw
FINER: Drawing circle on graphics context at (239,2,311,2) radius 7,5
сент. 29, 2025 12:08:12 AM app.model.shapes.Circle draw
FINER: Drawing circle on graphics context at (239,2,316,8) radius 7,5
сент. 29, 2025 12:08:12 AM app.model.shapes.Circle draw
FINER: Drawing circle on graphics context at (239,2,323,2) radius 7,5
сент. 29, 2025 12:08:12 AM app.model.shapes.Circle draw
FINER: Drawing circle on graphics context at (240,0,328,8) radius 7,5
сент. 29, 2025 12:08:12 AM app.model.shapes.Circle draw
FINER: Drawing circle on graphics context at (240,8,334,4) radius 7,5
сент. 29, 2025 12:08:12 AM app.model.shapes.Circle draw
FINER: Drawing circle on graphics context at (241,6,338,4) radius 7,5
сент. 29, 2025 12:08:12 AM app.model.shapes.Circle draw
FINER: Drawing circle on graphics context at (241,6,339,2) radius 7,5
сент. 29, 2025 12:08:12 AM app.model.shapes.Circle draw
FINER: Drawing circle on graphics context at (242,4,339,2) radius 7,5
сент. 29, 2025 12:08:12 AM app.model.shapes.Circle draw
FINER: Drawing circle on graphics context at (381,6,377,6) radius 7,5
сент. 29, 2025 12:08:12 AM app.model.shapes.Circle draw
FINER: Drawing circle on graphics context at (382,4,377,6) radius 7,5
сент. 29, 2025 12:08:12 AM app.model.shapes.Circle draw
FINER: Drawing circle on graphics context at (382,4,378,4) radius 7,5
сент. 29, 2025 12:08:12 AM app.model.shapes.Circle draw
FINER: Drawing circle on graphics context at (382,4,381,6) radius 7,5
сент. 29, 2025 12:08:12 AM app.model.shapes.Circle draw
FINER: Drawing circle on graphics context at (381,6,385,6) radius 7,5
сент. 29, 2025 12:08:12 AM app.model.shapes.Circle draw
FINER: Drawing circle on graphics context at (380,8,389,6) radius 7,5
сент. 29, 2025 12:08:12 AM app.model.shapes.Circle draw
FINER: Drawing circle on graphics context at (379,2,393,6) radius 7,5
сент. 29, 2025 12:08:12 AM app.model.shapes.Circle draw
FINER: Drawing circle on graphics context at (377,6,398,4) radius 7,5
сент. 29, 2025 12:08:12 AM app.model.shapes.Circle draw
FINER: Drawing circle on graphics context at (375,2,401,6) radius 7,5
сент. 29, 2025 12:08:12 AM app.model.shapes.Circle draw
FINER: Drawing circle on graphics context at (372,0,404,8) radius 7,5
сент. 29, 2025 12:08:12 AM app.model.shapes.Circle draw
FINER: Drawing circle on graphics context at (369,6,407,2) radius 7,5
сент. 29, 2025 12:08:12 AM app.model.shapes.Circle draw
FINER: Drawing circle on graphics context at (365,6,410,4) radius 7,5
сент. 29, 2025 12:08:12 AM app.model.shapes.Circle draw
FINER: Drawing circle on graphics context at (363,2,412,0) radius 7,5
сент. 29, 2025 12:08:12 AM app.model.shapes.Circle draw
FINER: Drawing circle on graphics context at (360,0,415,2) radius 7,5
сент. 29, 2025 12:08:12 AM app.model.shapes.Circle draw
FINER: Drawing circle on graphics context at (356,0,417,6) radius 7,5
сент. 29, 2025 12:08:12 AM app.model.shapes.Circle draw
FINER: Drawing circle on graphics context at (351,2,420,0) radius 7,5
сент. 29, 2025 12:08:12 AM app.model.shapes.Circle draw
FINER: Drawing circle on graphics context at (348,8,421,6) radius 7,5
сент. 29, 2025 12:08:12 AM app.model.shapes.Circle draw
FINER: Drawing circle on graphics context at (344,8,421,6) radius 7,5
сент. 29, 2025 12:08:12 AM app.model.shapes.Circle draw
FINER: Drawing circle on graphics context at (341,6,421,6) radius 7,5
сент. 29, 2025 12:08:12 AM app.model.shapes.Circle draw
FINER: Drawing circle on graphics context at (338,4,422,4) radius 7,5
сент. 29, 2025 12:08:12 AM app.model.shapes.Circle draw
FINER: Drawing circle on graphics context at (335,2,422,4) radius 7,5
сент. 29, 2025 12:08:12 AM app.model.shapes.Circle draw
FINER: Drawing circle on graphics context at (331,2,422,4) radius 7,5
сент. 29, 2025 12:08:12 AM app.model.shapes.Circle draw
FINER: Drawing circle on graphics context at (326,4,422,4) radius 7,5
сент. 29, 2025 12:08:12 AM app.model.shapes.Circle draw
FINER: Drawing circle on graphics context at (322,4,422,4) radius 7,5
сент. 29, 2025 12:08:12 AM app.model.shapes.Circle draw
FINER: Drawing circle on graphics context at (316,0,422,4) radius 7,5
сент. 29, 2025 12:08:12 AM app.model.shapes.Circle draw
FINER: Drawing circle on graphics context at (312,0,421,6) radius 7,5
сент. 29, 2025 12:08:12 AM app.model.shapes.Circle draw
FINER: Drawing circle on graphics context at (308,0,421,6) radius 7,5
сент. 29, 2025 12:08:12 AM app.model.shapes.Circle draw
FINER: Drawing circle on graphics context at (304,8,421,6) radius 7,5
сент. 29, 2025 12:08:12 AM app.model.shapes.Circle draw
FINER: Drawing circle on graphics context at (298,4,421,6) radius 7,5
сент. 29, 2025 12:08:12 AM app.model.shapes.Circle draw
FINER: Drawing circle on graphics context at (292,8,421,6) radius 7,5
сент. 29, 2025 12:08:12 AM app.model.shapes.Circle draw
FINER: Drawing circle on graphics context at (288,0,423,2) radius 7,5
сент. 29, 2025 12:08:12 AM app.model.shapes.Circle draw
FINER: Drawing circle on graphics context at (282,4,424,8) radius 7,5
сент. 29, 2025 12:08:12 AM app.model.shapes.Circle draw
FINER: Drawing circle on graphics context at (276,8,426,4) radius 7,5
сент. 29, 2025 12:08:12 AM app.model.shapes.Circle draw
FINER: Drawing circle on graphics context at (271,2,428,8) radius 7,5
сент. 29, 2025 12:08:12 AM app.model.shapes.Circle draw
FINER: Drawing circle on graphics context at (266,4,432,8) radius 7,5
сент. 29, 2025 12:08:12 AM app.model.shapes.Circle draw
FINER: Drawing circle on graphics context at (260,8,437,6) radius 7,5
сент. 29, 2025 12:08:12 AM app.model.shapes.Circle draw
FINER: Drawing circle on graphics context at (255,2,443,2) radius 7,5
сент. 29, 2025 12:08:12 AM app.model.shapes.Circle draw
FINER: Drawing circle on graphics context at (251,2,447,2) radius 7,5
сент. 29, 2025 12:08:12 AM app.model.shapes.Circle draw
FINER: Drawing circle on graphics context at (247,2,451,2) radius 7,5
сент. 29, 2025 12:08:12 AM app.model.shapes.Circle draw
FINER: Drawing circle on graphics context at (245,6,454,4) radius 7,5
сент. 29, 2025 12:08:12 AM app.model.shapes.Circle draw
FINER: Drawing circle on graphics context at (244,8,456,8) radius 7,5
сент. 29, 2025 12:08:12 AM app.model.shapes.Circle draw
FINER: Drawing circle on graphics context at (244,8,458,4) radius 7,5
сент. 29, 2025 12:08:12 AM app.model.shapes.Circle draw
FINER: Drawing circle on graphics context at (244,8,461,6) radius 7,5
сент. 29, 2025 12:08:12 AM app.model.shapes.Circle draw
FINER: Drawing circle on graphics context at (244,8,464,8) radius 7,5
сент. 29, 2025 12:08:12 AM app.model.shapes.Circle draw
FINER: Drawing circle on graphics context at (244,8,468,8) radius 7,5
сент. 29, 2025 12:08:12 AM app.model.shapes.Circle draw
FINER: Drawing circle on graphics context at (246,4,472,8) radius 7,5
сент. 29, 2025 12:08:12 AM app.model.shapes.Circle draw
FINER: Drawing circle on graphics context at (248,8,477,6) radius 7,5
сент. 29, 2025 12:08:12 AM app.model.shapes.Circle draw
FINER: Drawing circle on graphics context at (253,6,482,4) radius 7,5
сент. 29, 2025 12:08:12 AM app.model.shapes.Circle draw
FINER: Drawing circle on graphics context at (261,6,488,0) radius 7,5
сент. 29, 2025 12:08:12 AM app.model.shapes.Circle draw
FINER: Drawing circle on graphics context at (272,8,494,4) radius 7,5
сент. 29, 2025 12:08:12 AM app.model.shapes.Circle draw
FINER: Drawing circle on graphics context at (288,0,502,4) radius 7,5
сент. 29, 2025 12:08:12 AM app.model.shapes.Circle draw
FINER: Drawing circle on graphics context at (300,0,507,2) radius 7,5
сент. 29, 2025 12:08:12 AM app.model.shapes.Circle draw
FINER: Drawing circle on graphics context at (308,8,509,6) radius 7,5
сент. 29, 2025 12:08:12 AM app.model.shapes.Circle draw
FINER: Drawing circle on graphics context at (316,8,511,2) radius 7,5
сент. 29, 2025 12:08:12 AM app.model.shapes.Circle draw
FINER: Drawing circle on graphics context at (325,6,511,2) radius 7,5
сент. 29, 2025 12:08:12 AM app.model.shapes.Circle draw
FINER: Drawing circle on graphics context at (336,8,511,2) radius 7,5
сент. 29, 2025 12:08:12 AM app.model.shapes.Circle draw
FINER: Drawing circle on graphics context at (348,0,509,6) radius 7,5
сент. 29, 2025 12:08:12 AM app.model.shapes.Circle draw
FINER: Drawing circle on graphics context at (359,2,505,6) radius 7,5
сент. 29, 2025 12:08:12 AM app.model.shapes.Circle draw
FINER: Drawing circle on graphics context at (372,0,500,8) radius 7,5
сент. 29, 2025 12:08:12 AM app.model.shapes.Circle draw
FINER: Drawing circle on graphics context at (384,0,495,2) radius 7,5
сент. 29, 2025 12:08:12 AM app.model.shapes.Circle draw
FINER: Drawing circle on graphics context at (400,8,488,0) radius 7,5
сент. 29, 2025 12:08:12 AM app.model.shapes.Circle draw
FINER: Drawing circle on graphics context at (412,0,482,4) radius 7,5
сент. 29, 2025 12:08:12 AM app.model.shapes.Circle draw
FINER: Drawing circle on graphics context at (422,4,476,8) radius 7,5
сент. 29, 2025 12:08:12 AM app.model.shapes.Circle draw
FINER: Drawing circle on graphics context at (430,4,474,4) radius 7,5
сент. 29, 2025 12:08:12 AM app.model.shapes.Circle draw
FINER: Drawing circle on graphics context at (436,0,472,8) radius 7,5
сент. 29, 2025 12:08:12 AM app.model.shapes.Circle draw
FINER: Drawing circle on graphics context at (445,6,472,8) radius 7,5
сент. 29, 2025 12:08:12 AM app.model.shapes.Circle draw
FINER: Drawing circle on graphics context at (454,4,472,8) radius 7,5
сент. 29, 2025 12:08:12 AM app.model.shapes.Circle draw
FINER: Drawing circle on graphics context at (460,0,472,8) radius 7,5
сент. 29, 2025 12:08:12 AM app.model.shapes.Circle draw
FINER: Drawing circle on graphics context at (464,0,473,6) radius 7,5
сент. 29, 2025 12:08:12 AM app.model.shapes.Circle draw
FINER: Drawing circle on graphics context at (465,6,475,2) radius 7,5
сент. 29, 2025 12:08:12 AM app.model.shapes.Circle draw
FINER: Drawing circle on graphics context at (466,4,477,6) radius 7,5
сент. 29, 2025 12:08:12 AM app.model.shapes.Circle draw
FINER: Drawing circle on graphics context at (468,8,480,0) radius 7,5
сент. 29, 2025 12:08:12 AM app.model.shapes.Circle draw
FINER: Drawing circle on graphics context at (470,4,485,6) radius 7,5
сент. 29, 2025 12:08:12 AM app.model.shapes.Circle draw
FINER: Drawing circle on graphics context at (472,8,489,6) radius 7,5
сент. 29, 2025 12:08:12 AM app.model.shapes.Circle draw
FINER: Drawing circle on graphics context at (474,4,495,2) radius 7,5
сент. 29, 2025 12:08:12 AM app.model.shapes.Circle draw
FINER: Drawing circle on graphics context at (475,2,500,0) radius 7,5
сент. 29, 2025 12:08:12 AM app.model.shapes.Circle draw
FINER: Drawing circle on graphics context at (475,2,506,4) radius 7,5
сент. 29, 2025 12:08:12 AM app.model.shapes.Circle draw
FINER: Drawing circle on graphics context at (474,4,512,8) radius 7,5
сент. 29, 2025 12:08:12 AM app.model.shapes.Circle draw
FINER: Drawing circle on graphics context at (472,8,518,4) radius 7,5
сент. 29, 2025 12:08:12 AM app.model.shapes.Circle draw
FINER: Drawing circle on graphics context at (470,4,522,4) radius 7,5
сент. 29, 2025 12:08:12 AM app.model.shapes.Circle draw
FINER: Drawing circle on graphics context at (468,0,526,4) radius 7,5
сент. 29, 2025 12:08:12 AM app.model.shapes.Circle draw
FINER: Drawing circle on graphics context at (465,6,529,6) radius 7,5
сент. 29, 2025 12:08:12 AM app.model.shapes.Circle draw
FINER: Drawing circle on graphics context at (461,6,532,0) radius 7,5
сент. 29, 2025 12:08:12 AM app.model.shapes.Circle draw
FINER: Drawing circle on graphics context at (456,8,537,6) radius 7,5
сент. 29, 2025 12:08:12 AM app.model.shapes.Circle draw
FINER: Drawing circle on graphics context at (452,0,540,8) radius 7,5
сент. 29, 2025 12:08:12 AM app.model.shapes.Circle draw
FINER: Drawing circle on graphics context at (448,0,544,0) radius 7,5
сент. 29, 2025 12:08:12 AM app.model.shapes.Circle draw
FINER: Drawing circle on graphics context at (442,4,546,4) radius 7,5
сент. 29, 2025 12:08:12 AM app.model.shapes.Circle draw
FINER: Drawing circle on graphics context at (438,4,548,0) radius 7,5
сент. 29, 2025 12:08:12 AM app.model.shapes.Circle draw
FINER: Drawing circle on graphics context at (432,8,549,6) radius 7,5
сент. 29, 2025 12:08:12 AM app.model.shapes.Circle draw
FINER: Drawing circle on graphics context at (428,0,551,2) radius 7,5
сент. 29, 2025 12:08:12 AM app.model.shapes.Circle draw
FINER: Drawing circle on graphics context at (421,6,552,0) radius 7,5
сент. 29, 2025 12:08:12 AM app.model.shapes.Circle draw
FINER: Drawing circle on graphics context at (416,8,552,0) radius 7,5
сент. 29, 2025 12:08:12 AM app.model.shapes.Circle draw
FINER: Drawing circle on graphics context at (412,0,552,0) radius 7,5
сент. 29, 2025 12:08:12 AM app.model.shapes.Circle draw
FINER: Drawing circle on graphics context at (408,0,550,4) radius 7,5
сент. 29, 2025 12:08:12 AM app.model.shapes.Circle draw
FINER: Drawing circle on graphics context at (405,6,549,6) radius 7,5
сент. 29, 2025 12:08:12 AM app.model.shapes.Circle draw
FINER: Drawing circle on graphics context at (404,0,548,8) radius 7,5
сент. 29, 2025 12:08:12 AM app.model.shapes.Circle draw
FINER: Drawing circle on graphics context at (402,4,547,2) radius 7,5
сент. 29, 2025 12:08:12 AM app.model.shapes.Circle draw
FINER: Drawing circle on graphics context at (400,8,544,8) radius 7,5
сент. 29, 2025 12:08:12 AM app.model.shapes.Circle draw
FINER: Drawing circle on graphics context at (398,4,541,6) radius 7,5
сент. 29, 2025 12:08:12 AM app.model.shapes.Circle draw
FINER: Drawing circle on graphics context at (396,0,538,4) radius 7,5
сент. 29, 2025 12:08:13 AM app.model.shapes.Circle draw
FINER: Drawing circle on graphics context at (252,8,265,6) radius 7,5
сент. 29, 2025 12:08:13 AM app.model.shapes.Circle draw
FINER: Drawing circle on graphics context at (252,8,266,4) radius 7,5
сент. 29, 2025 12:08:13 AM app.model.shapes.Circle draw
FINER: Drawing circle on graphics context at (250,4,274,4) radius 7,5
сент. 29, 2025 12:08:13 AM app.model.shapes.Circle draw
FINER: Drawing circle on graphics context at (246,4,286,4) radius 7,5
сент. 29, 2025 12:08:13 AM app.model.shapes.Circle draw
FINER: Drawing circle on graphics context at (242,4,296,8) radius 7,5
сент. 29, 2025 12:08:13 AM app.model.shapes.Circle draw
FINER: Drawing circle on graphics context at (240,0,304,8) radius 7,5
сент. 29, 2025 12:08:13 AM app.model.shapes.Circle draw
FINER: Drawing circle on graphics context at (239,2,311,2) radius 7,5
сент. 29, 2025 12:08:13 AM app.model.shapes.Circle draw
FINER: Drawing circle on graphics context at (239,2,316,8) radius 7,5
сент. 29, 2025 12:08:13 AM app.model.shapes.Circle draw
FINER: Drawing circle on graphics context at (239,2,323,2) radius 7,5
сент. 29, 2025 12:08:13 AM app.model.shapes.Circle draw
FINER: Drawing circle on graphics context at (240,0,328,8) radius 7,5
сент. 29, 2025 12:08:13 AM app.model.shapes.Circle draw
FINER: Drawing circle on graphics context at (240,8,334,4) radius 7,5
сент. 29, 2025 12:08:13 AM app.model.shapes.Circle draw
FINER: Drawing circle on graphics context at (241,6,338,4) radius 7,5
сент. 29, 2025 12:08:13 AM app.model.shapes.Circle draw
FINER: Drawing circle on graphics context at (241,6,339,2) radius 7,5
сент. 29, 2025 12:08:13 AM app.model.shapes.Circle draw
FINER: Drawing circle on graphics context at (242,4,339,2) radius 7,5
сент. 29, 2025 12:08:13 AM app.model.shapes.Circle draw
FINER: Drawing circle on graphics context at (381,6,377,6) radius 7,5
сент. 29, 2025 12:08:13 AM app.model.shapes.Circle draw
FINER: Drawing circle on graphics context at (382,4,377,6) radius 7,5
сент. 29, 2025 12:08:13 AM app.model.shapes.Circle draw
FINER: Drawing circle on graphics context at (382,4,378,4) radius 7,5
сент. 29, 2025 12:08:13 AM app.model.shapes.Circle draw
FINER: Drawing circle on graphics context at (382,4,381,6) radius 7,5
сент. 29, 2025 12:08:13 AM app.model.shapes.Circle draw
FINER: Drawing circle on graphics context at (381,6,385,6) radius 7,5
сент. 29, 2025 12:08:13 AM app.model.shapes.Circle draw
FINER: Drawing circle on graphics context at (380,8,389,6) radius 7,5
сент. 29, 2025 12:08:13 AM app.model.shapes.Circle draw
FINER: Drawing circle on graphics context at (379,2,393,6) radius 7,5
сент. 29, 2025 12:08:13 AM app.model.shapes.Circle draw
FINER: Drawing circle on graphics context at (377,6,398,4) radius 7,5
сент. 29, 2025 12:08:13 AM app.model.shapes.Circle draw
FINER: Drawing circle on graphics context at (375,2,401,6) radius 7,5
сент. 29, 2025 12:08:13 AM app.model.shapes.Circle draw
FINER: Drawing circle on graphics context at (372,0,404,8) radius 7,5
сент. 29, 2025 12:08:13 AM app.model.shapes.Circle draw
FINER: Drawing circle on graphics context at (369,6,407,2) radius 7,5
сент. 29, 2025 12:08:13 AM app.model.shapes.Circle draw
FINER: Drawing circle on graphics context at (365,6,410,4) radius 7,5
сент. 29, 2025 12:08:13 AM app.model.shapes.Circle draw
FINER: Drawing circle on graphics context at (363,2,412,0) radius 7,5
сент. 29, 2025 12:08:13 AM app.model.shapes.Circle draw
FINER: Drawing circle on graphics context at (360,0,415,2) radius 7,5
сент. 29, 2025 12:08:13 AM app.model.shapes.Circle draw
FINER: Drawing circle on graphics context at (356,0,417,6) radius 7,5
сент. 29, 2025 12:08:13 AM app.model.shapes.Circle draw
FINER: Drawing circle on graphics context at (351,2,420,0) radius 7,5
сент. 29, 2025 12:08:13 AM app.model.shapes.Circle draw
FINER: Drawing circle on graphics context at (348,8,421,6) radius 7,5
сент. 29, 2025 12:08:13 AM app.model.shapes.Circle draw
FINER: Drawing circle on graphics context at (344,8,421,6) radius 7,5
сент. 29, 2025 12:08:13 AM app.model.shapes.Circle draw
FINER: Drawing circle on graphics context at (341,6,421,6) radius 7,5
сент. 29, 2025 12:08:13 AM app.model.shapes.Circle draw
FINER: Drawing circle on graphics context at (338,4,422,4) radius 7,5
сент. 29, 2025 12:08:13 AM app.model.shapes.Circle draw
FINER: Drawing circle on graphics context at (335,2,422,4) radius 7,5
сент. 29, 2025 12:08:13 AM app.model.shapes.Circle draw
FINER: Drawing circle on graphics context at (331,2,422,4) radius 7,5
сент. 29, 2025 12:08:13 AM app.model.shapes.Circle draw
FINER: Drawing circle on graphics context at (326,4,422,4) radius 7,5
сент. 29, 2025 12:08:13 AM app.model.shapes.Circle draw
FINER: Drawing circle on graphics context at (322,4,422,4) radius 7,5
сент. 29, 2025 12:08:13 AM app.model.shapes.Circle draw
FINER: Drawing circle on graphics context at (316,0,422,4) radius 7,5
сент. 29, 2025 12:08:13 AM app.model.shapes.Circle draw
FINER: Drawing circle on graphics context at (312,0,421,6) radius 7,5
сент. 29, 2025 12:08:13 AM app.model.shapes.Circle draw
FINER: Drawing circle on graphics context at (308,0,421,6) radius 7,5
сент. 29, 2025 12:08:13 AM app.model.shapes.Circle draw
FINER: Drawing circle on graphics context at (304,8,421,6) radius 7,5
сент. 29, 2025 12:08:13 AM app.model.shapes.Circle draw
FINER: Drawing circle on graphics context at (298,4,421,6) radius 7,5
сент. 29, 2025 12:08:13 AM app.model.shapes.Circle draw
FINER: Drawing circle on graphics context at (292,8,421,6) radius 7,5
сент. 29, 2025 12:08:13 AM app.model.shapes.Circle draw
FINER: Drawing circle on graphics context at (288,0,423,2) radius 7,5
сент. 29, 2025 12:08:13 AM app.model.shapes.Circle draw
FINER: Drawing circle on graphics context at (282,4,424,8) radius 7,5
сент. 29, 2025 12:08:13 AM app.model.shapes.Circle draw
FINER: Drawing circle on graphics context at (276,8,426,4) radius 7,5
сент. 29, 2025 12:08:13 AM app.model.shapes.Circle draw
FINER: Drawing circle on graphics context at (271,2,428,8) radius 7,5
сент. 29, 2025 12:08:13 AM app.model.shapes.Circle draw
FINER: Drawing circle on graphics context at (266,4,432,8) radius 7,5
сент. 29, 2025 12:08:13 AM app.model.shapes.Circle draw
FINER: Drawing circle on graphics context at (260,8,437,6) radius 7,5
сент. 29, 2025 12:08:13 AM app.model.shapes.Circle draw
FINER: Drawing circle on graphics context at (255,2,443,2) radius 7,5
сент. 29, 2025 12:08:13 AM app.model.shapes.Circle draw
FINER: Drawing circle on graphics context at (251,2,447,2) radius 7,5
сент. 29, 2025 12:08:13 AM app.model.shapes.Circle draw
FINER: Drawing circle on graphics context at (247,2,451,2) radius 7,5
сент. 29, 2025 12:08:13 AM app.model.shapes.Circle draw
FINER: Drawing circle on graphics context at (245,6,454,4) radius 7,5
сент. 29, 2025 12:08:13 AM app.model.shapes.Circle draw
FINER: Drawing circle on graphics context at (244,8,456,8) radius 7,5
сент. 29, 2025 12:08:13 AM app.model.shapes.Circle draw
FINER: Drawing circle on graphics context at (244,8,458,4) radius 7,5
сент. 29, 2025 12:08:13 AM app.model.shapes.Circle draw
FINER: Drawing circle on graphics context at (244,8,461,6) radius 7,5
сент. 29, 2025 12:08:13 AM app.model.shapes.Circle draw
FINER: Drawing circle on graphics context at (244,8,464,8) radius 7,5
сент. 29, 2025 12:08:13 AM app.model.shapes.Circle draw
FINER: Drawing circle on graphics context at (244,8,468,8) radius 7,5
сент. 29, 2025 12:08:13 AM app.model.shapes.Circle draw
FINER: Drawing circle on graphics context at (246,4,472,8) radius 7,5
сент. 29, 2025 12:08:13 AM app.model.shapes.Circle draw
FINER: Drawing circle on graphics context at (248,8,477,6) radius 7,5
сент. 29, 2025 12:08:13 AM app.model.shapes.Circle draw
FINER: Drawing circle on graphics context at (253,6,482,4) radius 7,5
сент. 29, 2025 12:08:13 AM app.model.shapes.Circle draw
FINER: Drawing circle on graphics context at (261,6,488,0) radius 7,5
сент. 29, 2025 12:08:13 AM app.model.shapes.Circle draw
FINER: Drawing circle on graphics context at (272,8,494,4) radius 7,5
сент. 29, 2025 12:08:13 AM app.model.shapes.Circle draw
FINER: Drawing circle on graphics context at (288,0,502,4) radius 7,5
сент. 29, 2025 12:08:13 AM app.model.shapes.Circle draw
FINER: Drawing circle on graphics context at (300,0,507,2) radius 7,5
сент. 29, 2025 12:08:13 AM app.model.shapes.Circle draw
FINER: Drawing circle on graphics context at (308,8,509,6) radius 7,5
сент. 29, 2025 12:08:13 AM app.model.shapes.Circle draw
FINER: Drawing circle on graphics context at (316,8,511,2) radius 7,5
сент. 29, 2025 12:08:13 AM app.model.shapes.Circle draw
FINER: Drawing circle on graphics context at (325,6,511,2) radius 7,5
сент. 29, 2025 12:08:13 AM app.model.shapes.Circle draw
FINER: Drawing circle on graphics context at (336,8,511,2) radius 7,5
сент. 29, 2025 12:08:13 AM app.model.shapes.Circle draw
FINER: Drawing circle on graphics context at (348,0,509,6) radius 7,5
сент. 29, 2025 12:08:13 AM app.model.shapes.Circle draw
FINER: Drawing circle on graphics context at (359,2,505,6) radius 7,5
сент. 29, 2025 12:08:13 AM app.model.shapes.Circle draw
FINER: Drawing circle on graphics context at (372,0,500,8) radius 7,5
сент. 29, 2025 12:08:13 AM app.model.shapes.Circle draw
FINER: Drawing circle on graphics context at (384,0,495,2) radius 7,5
сент. 29, 2025 12:08:13 AM app.model.shapes.Circle draw
FINER: Drawing circle on graphics context at (400,8,488,0) radius 7,5
сент. 29, 2025 12:08:13 AM app.model.shapes.Circle draw
FINER: Drawing circle on graphics context at (412,0,482,4) radius 7,5
сент. 29, 2025 12:08:13 AM app.model.shapes.Circle draw
FINER: Drawing circle on graphics context at (422,4,476,8) radius 7,5
сент. 29, 2025 12:08:13 AM app.model.shapes.Circle draw
FINER: Drawing circle on graphics context at (430,4,474,4) radius 7,5
сент. 29, 2025 12:08:13 AM app.model.shapes.Circle draw
FINER: Drawing circle on graphics context at (436,0,472,8) radius 7,5
сент. 29, 2025 12:08:13 AM app.model.shapes.Circle draw
FINER: Drawing circle on graphics context at (445,6,472,8) radius 7,5
сент. 29, 2025 12:08:13 AM app.model.shapes.Circle draw
FINER: Drawing circle on graphics context at (454,4,472,8) radius 7,5
сент. 29, 2025 12:08:13 AM app.model.shapes.Circle draw
FINER: Drawing circle on graphics context at (460,0,472,8) radius 7,5
сент. 29, 2025 12:08:13 AM app.model.shapes.Circle draw
FINER: Drawing circle on graphics context at (464,0,473,6) radius 7,5
сент. 29, 2025 12:08:13 AM app.model.shapes.Circle draw
FINER: Drawing circle on graphics context at (465,6,475,2) radius 7,5
сент. 29, 2025 12:08:13 AM app.model.shapes.Circle draw
FINER: Drawing circle on graphics context at (466,4,477,6) radius 7,5
сент. 29, 2025 12:08:13 AM app.model.shapes.Circle draw
FINER: Drawing circle on graphics context at (468,8,480,0) radius 7,5
сент. 29, 2025 12:08:13 AM app.model.shapes.Circle draw
FINER: Drawing circle on graphics context at (470,4,485,6) radius 7,5
сент. 29, 2025 12:08:13 AM app.model.shapes.Circle draw
FINER: Drawing circle on graphics context at (472,8,489,6) radius 7,5
сент. 29, 2025 12:08:13 AM app.model.shapes.Circle draw
FINER: Drawing circle on graphics context at (474,4,495,2) radius 7,5
сент. 29, 2025 12:08:13 AM app.model.shapes.Circle draw
FINER: Drawing circle on graphics context at (475,2,500,0) radius 7,5
сент. 29, 2025 12:08:13 AM app.model.shapes.Circle draw
FINER: Drawing circle on graphics context at (475,2,506,4) radius 7,5
сент. 29, 2025 12:08:13 AM app.model.shapes.Circle draw
FINER: Drawing circle on graphics context at (474,4,512,8) radius 7,5
сент. 29, 2025 12:08:13 AM app.model.shapes.Circle draw
FINER: Drawing circle on graphics context at (472,8,518,4) radius 7,5
сент. 29, 2025 12:08:13 AM app.model.shapes.Circle draw
FINER: Drawing circle on graphics context at (470,4,522,4) radius 7,5
сент. 29, 2025 12:08:13 AM app.model.shapes.Circle draw
FINER: Drawing circle on graphics context at (468,0,526,4) radius 7,5
сент. 29, 2025 12:08:13 AM app.model.shapes.Circle draw
FINER: Drawing circle on graphics context at (465,6,529,6) radius 7,5
сент. 29, 2025 12:08:13 AM app.model.shapes.Circle draw
FINER: Drawing circle on graphics context at (461,6,532,0) radius 7,5
сент. 29, 2025 12:08:13 AM app.model.shapes.Circle draw
FINER: Drawing circle on graphics context at (456,8,537,6) radius 7,5
сент. 29, 2025 12:08:13 AM app.model.shapes.Circle draw
FINER: Drawing circle on graphics context at (452,0,540,8) radius 7,5
сент. 29, 2025 12:08:13 AM app.model.shapes.Circle draw
FINER: Drawing circle on graphics context at (448,0,544,0) radius 7,5
сент. 29, 2025 12:08:13 AM app.model.shapes.Circle draw
FINER: Drawing circle on graphics context at (442,4,546,4) radius 7,5
сент. 29, 2025 12:08:13 AM app.model.shapes.Circle draw
FINER: Drawing circle on graphics context at (438,4,548,0) radius 7,5
сент. 29, 2025 12:08:13 AM app.model.shapes.Circle draw
FINER: Drawing circle on graphics context at (432,8,549,6) radius 7,5
сент. 29, 2025 12:08:13 AM app.model.shapes.Circle draw
FINER: Drawing circle on graphics context at (428,0,551,2) radius 7,5
сент. 29, 2025 12:08:13 AM app.model.shapes.Circle draw
FINER: Drawing circle on graphics context at (421,6,552,0) radius 7,5
сент. 29, 2025 12:08:13 AM app.model.shapes.Circle draw
FINER: Drawing circle on graphics context at (416,8,552,0) radius 7,5
сент. 29, 2025 12:08:13 AM app.model.shapes.Circle draw
FINER: Drawing circle on graphics context at (412,0,552,0) radius 7,5
сент. 29, 2025 12:08:13 AM app.model.shapes.Circle draw
FINER: Drawing circle on graphics context at (408,0,550,4) radius 7,5
сент. 29, 2025 12:08:13 AM app.model.shapes.Circle draw
FINER: Drawing circle on graphics context at (405,6,549,6) radius 7,5
сент. 29, 2025 12:08:13 AM app.model.shapes.Circle draw
FINER: Drawing circle on graphics context at (404,0,548,8) radius 7,5
сент. 29, 2025 12:08:13 AM app.model.shapes.Circle draw
FINER: Drawing circle on graphics context at (402,4,547,2) radius 7,5
сент. 29, 2025 12:08:13 AM app.model.shapes.Circle draw
FINER: Drawing circle on graphics context at (400,8,544,8) radius 7,5
сент. 29, 2025 12:08:13 AM app.model.shapes.Circle draw
FINER: Drawing circle on graphics context at (398,4,541,6) radius 7,5
сент. 29, 2025 12:08:13 AM app.model.shapes.Circle draw
FINER: Drawing circle on graphics context at (396,0,538,4) radius 7,5
сент. 29, 2025 12:10:04 AM app.model.shapes.Circle setSize
FINER: Setting circle size to: 400.0
сент. 29, 2025 12:10:04 AM app.model.shapes.Circle draw
FINER: Drawing circle on graphics context at (276,8,358,4) radius 200,0
сент. 29, 2025 12:10:08 AM app.model.shapes.Circle draw
FINER: Drawing circle on graphics context at (276,8,358,4) radius 200,0
сент. 29, 2025 12:10:09 AM app.model.shapes.Circle draw
FINER: Drawing circle on graphics context at (276,8,358,4) radius 200,0
сент. 29, 2025 12:10:09 AM app.model.shapes.Circle contains
FINEST: Point (102,4,263,2) inside circle
сент. 29, 2025 12:10:09 AM app.model.shapes.Circle draw
FINER: Drawing circle on graphics context at (276,8,358,4) radius 200,0
сент. 29, 2025 12:10:21 AM app.model.shapes.Circle setSize
FINER: Setting circle size to: 50.0
сент. 29, 2025 12:10:21 AM app.model.shapes.Circle draw
FINER: Drawing circle on graphics context at (279,2,336,8) radius 25,0
сент. 29, 2025 12:10:21 AM app.model.shapes.Circle setSize
FINER: Setting circle size to: 50.0
сент. 29, 2025 12:10:21 AM app.model.shapes.Circle draw
FINER: Drawing circle on graphics context at (444,0,329,6) radius 25,0
сент. 29, 2025 12:10:32 AM app.model.shapes.Circle setSize
FINER: Setting circle size to: 50.0
сент. 29, 2025 12:10:32 AM app.model.shapes.Circle draw
FINER: Drawing circle on graphics context at (238,4,472,0) radius 25,0
сент. 29, 2025 12:10:32 AM app.model.shapes.Circle setSize
FINER: Setting circle size to: 50.0
сент. 29, 2025 12:10:32 AM app.model.shapes.Circle draw
FINER: Drawing circle on graphics context at (238,4,472,8) radius 25,0
сент. 29, 2025 12:10:32 AM app.model.shapes.Circle setSize
FINER: Setting circle size to: 50.0
сент. 29, 2025 12:10:32 AM app.model.shapes.Circle draw
FINER: Drawing circle on graphics context at (239,2,472,8) radius 25,0
сент. 29, 2025 12:10:32 AM app.model.shapes.Circle setSize
FINER: Setting circle size to: 50.0
сент. 29, 2025 12:10:32 AM app.model.shapes.Circle draw
FINER: Drawing circle on graphics context at (242,4,475,2) radius 25,0
сент. 29, 2025 12:10:32 AM app.model.shapes.Circle setSize
FINER: Setting circle size to: 50.0
сент. 29, 2025 12:10:32 AM app.model.shapes.Circle draw
FINER: Drawing circle on graphics context at (246,4,478,4) radius 25,0
сент. 29, 2025 12:10:32 AM app.model.shapes.Circle setSize
FINER: Setting circle size to: 50.0
сент. 29, 2025 12:10:33 AM app.model.shapes.Circle draw
FINER: Drawing circle on graphics context at (248,8,480,0) radius 25,0
сент. 29, 2025 12:10:33 AM app.model.shapes.Circle setSize
FINER: Setting circle size to: 50.0
сент. 29, 2025 12:10:33 AM app.model.shapes.Circle draw
FINER: Drawing circle on graphics context at (250,4,481,6) radius 25,0
сент. 29, 2025 12:10:33 AM app.model.shapes.Circle setSize
FINER: Setting circle size to: 50.0
сент. 29, 2025 12:10:33 AM app.model.shapes.Circle draw
FINER: Drawing circle on graphics context at (252,0,482,4) radius 25,0
сент. 29, 2025 12:10:33 AM app.model.shapes.Circle setSize
FINER: Setting circle size to: 50.0
сент. 29, 2025 12:10:33 AM app.model.shapes.Circle draw
FINER: Drawing circle on graphics context at (252,0,483,2) radius 25,0
сент. 29, 2025 12:10:33 AM app.model.shapes.Circle setSize
FINER: Setting circle size to: 50.0
сент. 29, 2025 12:10:33 AM app.model.shapes.Circle draw
FINER: Drawing circle on graphics context at (254,4,484,8) radius 25,0
сент. 29, 2025 12:10:33 AM app.model.shapes.Circle setSize
FINER: Setting circle size to: 50.0
сент. 29, 2025 12:10:33 AM app.model.shapes.Circle draw
FINER: Drawing circle on graphics context at (256,0,486,4) radius 25,0
сент. 29, 2025 12:10:33 AM app.model.shapes.Circle setSize
FINER: Setting circle size to: 50.0
сент. 29, 2025 12:10:33 AM app.model.shapes.Circle draw
FINER: Drawing circle on graphics context at (258,4,488,8) radius 25,0
сент. 29, 2025 12:10:33 AM app.model.shapes.Circle setSize
FINER: Setting circle size to: 50.0
сент. 29, 2025 12:10:33 AM app.model.shapes.Circle draw
FINER: Drawing circle on graphics context at (262,4,492,0) radius 25,0
сент. 29, 2025 12:10:33 AM app.model.shapes.Circle setSize
FINER: Setting circle size to: 50.0
сент. 29, 2025 12:10:33 AM app.model.shapes.Circle draw
FINER: Drawing circle on graphics context at (266,4,495,2) radius 25,0
сент. 29, 2025 12:10:33 AM app.model.shapes.Circle setSize
FINER: Setting circle size to: 50.0
сент. 29, 2025 12:10:33 AM app.model.shapes.Circle draw
FINER: Drawing circle on graphics context at (272,0,498,4) radius 25,0
сент. 29, 2025 12:10:33 AM app.model.shapes.Circle setSize
FINER: Setting circle size to: 50.0
сент. 29, 2025 12:10:33 AM app.model.shapes.Circle draw
FINER: Drawing circle on graphics context at (274,4,500,0) radius 25,0
сент. 29, 2025 12:10:33 AM app.model.shapes.Circle setSize
FINER: Setting circle size to: 50.0
сент. 29, 2025 12:10:33 AM app.model.shapes.Circle draw
FINER: Drawing circle on graphics context at (276,0,502,4) radius 25,0
сент. 29, 2025 12:10:33 AM app.model.shapes.Circle setSize
FINER: Setting circle size to: 50.0
сент. 29, 2025 12:10:33 AM app.model.shapes.Circle draw
FINER: Drawing circle on graphics context at (277,6,502,4) radius 25,0
сент. 29, 2025 12:10:33 AM app.model.shapes.Circle setSize
FINER: Setting circle size to: 50.0
сент. 29, 2025 12:10:33 AM app.model.shapes.Circle draw
FINER: Drawing circle on graphics context at (277,6,504,0) radius 25,0
сент. 29, 2025 12:10:33 AM app.model.shapes.Circle setSize
FINER: Setting circle size to: 50.0
сент. 29, 2025 12:10:33 AM app.model.shapes.Circle draw
FINER: Drawing circle on graphics context at (279,2,505,6) radius 25,0
сент. 29, 2025 12:10:33 AM app.model.shapes.Circle setSize
FINER: Setting circle size to: 50.0
сент. 29, 2025 12:10:33 AM app.model.shapes.Circle draw
FINER: Drawing circle on graphics context at (281,6,507,2) radius 25,0
сент. 29, 2025 12:10:33 AM app.model.shapes.Circle setSize
FINER: Setting circle size to: 50.0
сент. 29, 2025 12:10:33 AM app.model.shapes.Circle draw
FINER: Drawing circle on graphics context at (284,0,508,8) radius 25,0
сент. 29, 2025 12:10:33 AM app.model.shapes.Circle setSize
FINER: Setting circle size to: 50.0
сент. 29, 2025 12:10:33 AM app.model.shapes.Circle draw
FINER: Drawing circle on graphics context at (286,4,510,4) radius 25,0
сент. 29, 2025 12:10:33 AM app.model.shapes.Circle setSize
FINER: Setting circle size to: 50.0
сент. 29, 2025 12:10:33 AM app.model.shapes.Circle draw
FINER: Drawing circle on graphics context at (289,6,512,0) radius 25,0
сент. 29, 2025 12:10:33 AM app.model.shapes.Circle setSize
FINER: Setting circle size to: 50.0
сент. 29, 2025 12:10:33 AM app.model.shapes.Circle draw
FINER: Drawing circle on graphics context at (293,6,513,6) radius 25,0
сент. 29, 2025 12:10:33 AM app.model.shapes.Circle setSize
FINER: Setting circle size to: 50.0
сент. 29, 2025 12:10:33 AM app.model.shapes.Circle draw
FINER: Drawing circle on graphics context at (297,6,515,2) radius 25,0
сент. 29, 2025 12:10:33 AM app.model.shapes.Circle setSize
FINER: Setting circle size to: 50.0
сент. 29, 2025 12:10:33 AM app.model.shapes.Circle draw
FINER: Drawing circle on graphics context at (302,4,517,6) radius 25,0
сент. 29, 2025 12:10:33 AM app.model.shapes.Circle setSize
FINER: Setting circle size to: 50.0
сент. 29, 2025 12:10:33 AM app.model.shapes.Circle draw
FINER: Drawing circle on graphics context at (306,4,519,2) radius 25,0
сент. 29, 2025 12:10:33 AM app.model.shapes.Circle setSize
FINER: Setting circle size to: 50.0
сент. 29, 2025 12:10:33 AM app.model.shapes.Circle draw
FINER: Drawing circle on graphics context at (311,2,520,8) radius 25,0
сент. 29, 2025 12:10:33 AM app.model.shapes.Circle setSize
FINER: Setting circle size to: 50.0
сент. 29, 2025 12:10:33 AM app.model.shapes.Circle draw
FINER: Drawing circle on graphics context at (315,2,521,6) radius 25,0
сент. 29, 2025 12:10:33 AM app.model.shapes.Circle setSize
FINER: Setting circle size to: 50.0
сент. 29, 2025 12:10:33 AM app.model.shapes.Circle draw
FINER: Drawing circle on graphics context at (319,2,524,0) radius 25,0
сент. 29, 2025 12:10:33 AM app.model.shapes.Circle setSize
FINER: Setting circle size to: 50.0
сент. 29, 2025 12:10:33 AM app.model.shapes.Circle draw
FINER: Drawing circle on graphics context at (324,0,525,6) radius 25,0
сент. 29, 2025 12:10:33 AM app.model.shapes.Circle setSize
FINER: Setting circle size to: 50.0
сент. 29, 2025 12:10:33 AM app.model.shapes.Circle draw
FINER: Drawing circle on graphics context at (328,0,527,2) radius 25,0
сент. 29, 2025 12:10:33 AM app.model.shapes.Circle setSize
FINER: Setting circle size to: 50.0
сент. 29, 2025 12:10:33 AM app.model.shapes.Circle draw
FINER: Drawing circle on graphics context at (332,8,529,6) radius 25,0
сент. 29, 2025 12:10:33 AM app.model.shapes.Circle setSize
FINER: Setting circle size to: 50.0
сент. 29, 2025 12:10:33 AM app.model.shapes.Circle draw
FINER: Drawing circle on graphics context at (336,8,531,2) radius 25,0
сент. 29, 2025 12:10:33 AM app.model.shapes.Circle setSize
FINER: Setting circle size to: 50.0
сент. 29, 2025 12:10:33 AM app.model.shapes.Circle draw
FINER: Drawing circle on graphics context at (343,2,534,4) radius 25,0
сент. 29, 2025 12:10:33 AM app.model.shapes.Circle setSize
FINER: Setting circle size to: 50.0
сент. 29, 2025 12:10:33 AM app.model.shapes.Circle draw
FINER: Drawing circle on graphics context at (348,8,537,6) radius 25,0
сент. 29, 2025 12:10:33 AM app.model.shapes.Circle setSize
FINER: Setting circle size to: 50.0
сент. 29, 2025 12:10:33 AM app.model.shapes.Circle draw
FINER: Drawing circle on graphics context at (355,2,540,0) radius 25,0
сент. 29, 2025 12:10:33 AM app.model.shapes.Circle setSize
FINER: Setting circle size to: 50.0
сент. 29, 2025 12:10:33 AM app.model.shapes.Circle draw
FINER: Drawing circle on graphics context at (360,8,542,4) radius 25,0
сент. 29, 2025 12:10:33 AM app.model.shapes.Circle setSize
FINER: Setting circle size to: 50.0
сент. 29, 2025 12:10:33 AM app.model.shapes.Circle draw
FINER: Drawing circle on graphics context at (365,6,542,4) radius 25,0
сент. 29, 2025 12:10:33 AM app.model.shapes.Circle setSize
FINER: Setting circle size to: 50.0
сент. 29, 2025 12:10:33 AM app.model.shapes.Circle draw
FINER: Drawing circle on graphics context at (370,4,542,4) radius 25,0
сент. 29, 2025 12:10:33 AM app.model.shapes.Circle setSize
FINER: Setting circle size to: 50.0
сент. 29, 2025 12:10:33 AM app.model.shapes.Circle draw
FINER: Drawing circle on graphics context at (373,6,542,4) radius 25,0
сент. 29, 2025 12:10:33 AM app.model.shapes.Circle setSize
FINER: Setting circle size to: 50.0
сент. 29, 2025 12:10:33 AM app.model.shapes.Circle draw
FINER: Drawing circle on graphics context at (377,6,540,8) radius 25,0
сент. 29, 2025 12:10:33 AM app.model.shapes.Circle setSize
FINER: Setting circle size to: 50.0
сент. 29, 2025 12:10:33 AM app.model.shapes.Circle draw
FINER: Drawing circle on graphics context at (380,8,540,8) radius 25,0
сент. 29, 2025 12:10:33 AM app.model.shapes.Circle setSize
FINER: Setting circle size to: 50.0
сент. 29, 2025 12:10:33 AM app.model.shapes.Circle draw
FINER: Drawing circle on graphics context at (384,8,539,2) radius 25,0
сент. 29, 2025 12:10:33 AM app.model.shapes.Circle setSize
FINER: Setting circle size to: 50.0
сент. 29, 2025 12:10:33 AM app.model.shapes.Circle draw
FINER: Drawing circle on graphics context at (389,6,538,4) radius 25,0
сент. 29, 2025 12:10:33 AM app.model.shapes.Circle setSize
FINER: Setting circle size to: 50.0
сент. 29, 2025 12:10:33 AM app.model.shapes.Circle draw
FINER: Drawing circle on graphics context at (392,8,536,8) radius 25,0
сент. 29, 2025 12:10:33 AM app.model.shapes.Circle setSize
FINER: Setting circle size to: 50.0
сент. 29, 2025 12:10:33 AM app.model.shapes.Circle draw
FINER: Drawing circle on graphics context at (397,6,536,8) radius 25,0
сент. 29, 2025 12:10:33 AM app.model.shapes.Circle setSize
FINER: Setting circle size to: 50.0
сент. 29, 2025 12:10:33 AM app.model.shapes.Circle draw
FINER: Drawing circle on graphics context at (401,6,536,0) radius 25,0
сент. 29, 2025 12:10:33 AM app.model.shapes.Circle setSize
FINER: Setting circle size to: 50.0
сент. 29, 2025 12:10:33 AM app.model.shapes.Circle draw
FINER: Drawing circle on graphics context at (406,4,535,2) radius 25,0
сент. 29, 2025 12:10:33 AM app.model.shapes.Circle setSize
FINER: Setting circle size to: 50.0
сент. 29, 2025 12:10:33 AM app.model.shapes.Circle draw
FINER: Drawing circle on graphics context at (411,2,534,4) radius 25,0
сент. 29, 2025 12:10:33 AM app.model.shapes.Circle setSize
FINER: Setting circle size to: 50.0
сент. 29, 2025 12:10:33 AM app.model.shapes.Circle draw
FINER: Drawing circle on graphics context at (417,6,532,8) radius 25,0
сент. 29, 2025 12:10:33 AM app.model.shapes.Circle setSize
FINER: Setting circle size to: 50.0
сент. 29, 2025 12:10:33 AM app.model.shapes.Circle draw
FINER: Drawing circle on graphics context at (423,2,531,2) radius 25,0
сент. 29, 2025 12:10:33 AM app.model.shapes.Circle setSize
FINER: Setting circle size to: 50.0
сент. 29, 2025 12:10:33 AM app.model.shapes.Circle draw
FINER: Drawing circle on graphics context at (428,0,528,8) radius 25,0
сент. 29, 2025 12:10:33 AM app.model.shapes.Circle setSize
FINER: Setting circle size to: 50.0
сент. 29, 2025 12:10:33 AM app.model.shapes.Circle draw
FINER: Drawing circle on graphics context at (432,8,527,2) radius 25,0
сент. 29, 2025 12:10:33 AM app.model.shapes.Circle setSize
FINER: Setting circle size to: 50.0
сент. 29, 2025 12:10:33 AM app.model.shapes.Circle draw
FINER: Drawing circle on graphics context at (437,6,524,0) radius 25,0
сент. 29, 2025 12:10:33 AM app.model.shapes.Circle setSize
FINER: Setting circle size to: 50.0
сент. 29, 2025 12:10:33 AM app.model.shapes.Circle draw
FINER: Drawing circle on graphics context at (441,6,522,4) radius 25,0
сент. 29, 2025 12:10:33 AM app.model.shapes.Circle setSize
FINER: Setting circle size to: 50.0
сент. 29, 2025 12:10:33 AM app.model.shapes.Circle draw
FINER: Drawing circle on graphics context at (444,0,520,0) radius 25,0
сент. 29, 2025 12:10:33 AM app.model.shapes.Circle setSize
FINER: Setting circle size to: 50.0
сент. 29, 2025 12:10:33 AM app.model.shapes.Circle draw
FINER: Drawing circle on graphics context at (447,2,517,6) radius 25,0
сент. 29, 2025 12:10:33 AM app.model.shapes.Circle setSize
FINER: Setting circle size to: 50.0
сент. 29, 2025 12:10:33 AM app.model.shapes.Circle draw
FINER: Drawing circle on graphics context at (450,4,516,8) radius 25,0
сент. 29, 2025 12:10:33 AM app.model.shapes.Circle setSize
FINER: Setting circle size to: 50.0
сент. 29, 2025 12:10:33 AM app.model.shapes.Circle draw
FINER: Drawing circle on graphics context at (453,6,515,2) radius 25,0
сент. 29, 2025 12:10:33 AM app.model.shapes.Circle setSize
FINER: Setting circle size to: 50.0
сент. 29, 2025 12:10:33 AM app.model.shapes.Circle draw
FINER: Drawing circle on graphics context at (456,0,514,4) radius 25,0
сент. 29, 2025 12:10:33 AM app.model.shapes.Circle setSize
FINER: Setting circle size to: 50.0
сент. 29, 2025 12:10:33 AM app.model.shapes.Circle draw
FINER: Drawing circle on graphics context at (460,8,512,0) radius 25,0
сент. 29, 2025 12:10:33 AM app.model.shapes.Circle setSize
FINER: Setting circle size to: 50.0
сент. 29, 2025 12:10:33 AM app.model.shapes.Circle draw
FINER: Drawing circle on graphics context at (464,0,510,4) radius 25,0
сент. 29, 2025 12:10:33 AM app.model.shapes.Circle setSize
FINER: Setting circle size to: 50.0
сент. 29, 2025 12:10:33 AM app.model.shapes.Circle draw
FINER: Drawing circle on graphics context at (468,0,507,2) radius 25,0
сент. 29, 2025 12:10:33 AM app.model.shapes.Circle setSize
FINER: Setting circle size to: 50.0
сент. 29, 2025 12:10:34 AM app.model.shapes.Circle draw
FINER: Drawing circle on graphics context at (471,2,505,6) radius 25,0
сент. 29, 2025 12:10:34 AM app.model.shapes.Circle setSize
FINER: Setting circle size to: 50.0
сент. 29, 2025 12:10:34 AM app.model.shapes.Circle draw
FINER: Drawing circle on graphics context at (472,8,503,2) radius 25,0
сент. 29, 2025 12:10:34 AM app.model.shapes.Circle setSize
FINER: Setting circle size to: 50.0
сент. 29, 2025 12:10:34 AM app.model.shapes.Circle draw
FINER: Drawing circle on graphics context at (474,4,501,6) radius 25,0
сент. 29, 2025 12:10:34 AM app.model.shapes.Circle setSize
FINER: Setting circle size to: 50.0
сент. 29, 2025 12:10:34 AM app.model.shapes.Circle draw
FINER: Drawing circle on graphics context at (475,2,500,0) radius 25,0
сент. 29, 2025 12:10:34 AM app.model.shapes.Circle setSize
FINER: Setting circle size to: 50.0
сент. 29, 2025 12:10:34 AM app.model.shapes.Circle draw
FINER: Drawing circle on graphics context at (476,8,498,4) radius 25,0
сент. 29, 2025 12:10:34 AM app.model.shapes.Circle setSize
FINER: Setting circle size to: 50.0
сент. 29, 2025 12:10:34 AM app.model.shapes.Circle draw
FINER: Drawing circle on graphics context at (476,8,497,6) radius 25,0
сент. 29, 2025 12:10:34 AM app.model.shapes.Circle setSize
FINER: Setting circle size to: 50.0
сент. 29, 2025 12:10:34 AM app.model.shapes.Circle draw
FINER: Drawing circle on graphics context at (477,6,497,6) radius 25,0
сент. 29, 2025 12:10:34 AM app.model.shapes.Circle setSize
FINER: Setting circle size to: 50.0
сент. 29, 2025 12:10:34 AM app.model.shapes.Circle draw
FINER: Drawing circle on graphics context at (480,0,493,6) radius 25,0
сент. 29, 2025 12:10:34 AM app.model.shapes.Circle setSize
FINER: Setting circle size to: 50.0
сент. 29, 2025 12:10:34 AM app.model.shapes.Circle draw
FINER: Drawing circle on graphics context at (482,4,490,4) radius 25,0
сент. 29, 2025 12:10:34 AM app.model.shapes.Circle setSize
FINER: Setting circle size to: 50.0
сент. 29, 2025 12:10:34 AM app.model.shapes.Circle draw
FINER: Drawing circle on graphics context at (483,2,488,0) radius 25,0
сент. 29, 2025 12:10:34 AM app.model.shapes.Circle setSize
FINER: Setting circle size to: 50.0
сент. 29, 2025 12:10:34 AM app.model.shapes.Circle draw
FINER: Drawing circle on graphics context at (484,0,487,2) radius 25,0
сент. 29, 2025 12:10:34 AM app.model.shapes.Circle setSize
FINER: Setting circle size to: 50.0
сент. 29, 2025 12:10:34 AM app.model.shapes.Circle draw
FINER: Drawing circle on graphics context at (484,8,486,4) radius 25,0
