сент. 29, 2025 12:08:30 AM app.linker.Component <init>
FINE: Component created for shape: Прямоугольник
сент. 29, 2025 12:08:30 AM app.linker.Component getDecorate
FINEST: Getting decorated shape
сент. 29, 2025 12:08:31 AM app.linker.Component getDecorate
FINEST: Getting decorated shape
сент. 29, 2025 12:08:32 AM app.linker.Component getDecorate
FINEST: Getting decorated shape
сент. 29, 2025 12:08:32 AM app.linker.Component <init>
FINE: Component created for shape: Прямоугольник
сент. 29, 2025 12:08:32 AM app.linker.Component getDecorate
FINEST: Getting decorated shape
сент. 29, 2025 12:08:33 AM app.linker.Component getDecorate
FINEST: Getting decorated shape
сент. 29, 2025 12:08:33 AM app.linker.Component getDecorate
FINEST: Getting decorated shape
сент. 29, 2025 12:08:44 AM app.linker.Component getDecorate
FINEST: Getting decorated shape
сент. 29, 2025 12:08:44 AM app.linker.Component getDecorate
FINEST: Getting decorated shape
сент. 29, 2025 12:09:20 AM app.linker.Component <init>
FINE: Component created for shape: Треугольник
сент. 29, 2025 12:09:20 AM app.linker.Component getDecorate
FINEST: Getting decorated shape
сент. 29, 2025 12:09:21 AM app.linker.Component getDecorate
FINEST: Getting decorated shape
сент. 29, 2025 12:09:24 AM app.linker.Component getDecorate
FINEST: Getting decorated shape
сент. 29, 2025 12:10:08 AM app.linker.Component <init>
FINE: Component created for shape: Прямоугольник
сент. 29, 2025 12:10:08 AM app.linker.Component getDecorate
FINEST: Getting decorated shape
сент. 29, 2025 12:10:09 AM app.linker.Component getDecorate
FINEST: Getting decorated shape
сент. 29, 2025 12:10:09 AM app.linker.Component getDecorate
FINEST: Getting decorated shape
сент. 29, 2025 12:10:09 AM app.linker.Component <init>
FINE: Component created for shape: Круг
сент. 29, 2025 12:10:09 AM app.linker.Component getDecorate
FINEST: Getting decorated shape
сент. 29, 2025 12:10:11 AM app.linker.Component getDecorate
FINEST: Getting decorated shape
сент. 29, 2025 12:10:17 AM app.linker.Component getDecorate
FINEST: Getting decorated shape
сент. 29, 2025 12:10:17 AM app.linker.Component <init>
FINE: Component created for shape: Прямоугольник
сент. 29, 2025 12:10:17 AM app.linker.Component getDecorate
FINEST: Getting decorated shape
сент. 29, 2025 12:10:18 AM app.linker.Component getDecorate
FINEST: Getting decorated shape
сент. 29, 2025 12:10:18 AM app.linker.Component getDecorate
FINEST: Getting decorated shape
сент. 29, 2025 12:10:18 AM app.linker.Component getDecorate
FINEST: Getting decorated shape
сент. 29, 2025 12:10:20 AM app.linker.Component getDecorate
FINEST: Getting decorated shape
