сент. 29, 2025 12:07:39 AM app.linker.Composite <init>
INFO: Composite created
сент. 29, 2025 12:08:30 AM app.linker.Composite select
FINE: Selecting decorate object
сент. 29, 2025 12:08:30 AM app.linker.Composite select
FINE: Selected decorate object
сент. 29, 2025 12:08:31 AM app.linker.Composite getArray
FINE: Getting array of decorates
сент. 29, 2025 12:08:32 AM app.linker.Composite select
FINE: Selecting decorate object
сент. 29, 2025 12:08:32 AM app.linker.Composite select
FINE: Selected decorate object
сент. 29, 2025 12:08:33 AM app.linker.Composite getArray
FINE: Getting array of decorates
сент. 29, 2025 12:08:44 AM app.linker.Composite remove
INFO: Removing all components
сент. 29, 2025 12:09:06 AM app.linker.Composite saveCoord
FINER: Saving coordinates for all components
сент. 29, 2025 12:09:06 AM app.linker.Composite changeXY
FINER: Changing coordinates by (0,0,-0,8)
сент. 29, 2025 12:09:06 AM app.linker.Composite changeXY
FINER: Changing coordinates by (0,0,-1,6)
сент. 29, 2025 12:09:06 AM app.linker.Composite changeXY
FINER: Changing coordinates by (0,8,-2,4)
сент. 29, 2025 12:09:06 AM app.linker.Composite changeXY
FINER: Changing coordinates by (1,6,-2,4)
сент. 29, 2025 12:09:06 AM app.linker.Composite changeXY
FINER: Changing coordinates by (2,4,-3,2)
сент. 29, 2025 12:09:06 AM app.linker.Composite changeXY
FINER: Changing coordinates by (2,4,-4,0)
сент. 29, 2025 12:09:06 AM app.linker.Composite changeXY
FINER: Changing coordinates by (3,2,-5,6)
сент. 29, 2025 12:09:06 AM app.linker.Composite changeXY
FINER: Changing coordinates by (4,8,-7,2)
сент. 29, 2025 12:09:06 AM app.linker.Composite changeXY
FINER: Changing coordinates by (6,4,-9,6)
сент. 29, 2025 12:09:06 AM app.linker.Composite changeXY
FINER: Changing coordinates by (8,0,-12,0)
сент. 29, 2025 12:09:06 AM app.linker.Composite changeXY
FINER: Changing coordinates by (9,6,-13,6)
сент. 29, 2025 12:09:06 AM app.linker.Composite changeXY
FINER: Changing coordinates by (10,4,-16,0)
сент. 29, 2025 12:09:06 AM app.linker.Composite changeXY
FINER: Changing coordinates by (12,0,-18,4)
сент. 29, 2025 12:09:06 AM app.linker.Composite changeXY
FINER: Changing coordinates by (12,8,-20,8)
сент. 29, 2025 12:09:06 AM app.linker.Composite changeXY
FINER: Changing coordinates by (13,6,-22,4)
сент. 29, 2025 12:09:06 AM app.linker.Composite changeXY
FINER: Changing coordinates by (14,4,-24,0)
сент. 29, 2025 12:09:06 AM app.linker.Composite changeXY
FINER: Changing coordinates by (15,2,-25,6)
сент. 29, 2025 12:09:06 AM app.linker.Composite changeXY
FINER: Changing coordinates by (16,0,-28,0)
сент. 29, 2025 12:09:06 AM app.linker.Composite changeXY
FINER: Changing coordinates by (16,8,-28,8)
сент. 29, 2025 12:09:06 AM app.linker.Composite changeXY
FINER: Changing coordinates by (17,6,-30,4)
сент. 29, 2025 12:09:06 AM app.linker.Composite changeXY
FINER: Changing coordinates by (17,6,-32,0)
сент. 29, 2025 12:09:06 AM app.linker.Composite changeXY
FINER: Changing coordinates by (18,4,-32,8)
сент. 29, 2025 12:09:06 AM app.linker.Composite changeXY
FINER: Changing coordinates by (19,2,-34,4)
сент. 29, 2025 12:09:06 AM app.linker.Composite changeXY
FINER: Changing coordinates by (20,0,-36,0)
сент. 29, 2025 12:09:06 AM app.linker.Composite changeXY
FINER: Changing coordinates by (20,0,-37,6)
сент. 29, 2025 12:09:06 AM app.linker.Composite changeXY
FINER: Changing coordinates by (20,8,-38,4)
сент. 29, 2025 12:09:06 AM app.linker.Composite changeXY
FINER: Changing coordinates by (20,8,-40,0)
сент. 29, 2025 12:09:06 AM app.linker.Composite changeXY
FINER: Changing coordinates by (21,6,-41,6)
сент. 29, 2025 12:09:06 AM app.linker.Composite changeXY
FINER: Changing coordinates by (21,6,-42,4)
сент. 29, 2025 12:09:06 AM app.linker.Composite changeXY
FINER: Changing coordinates by (22,4,-44,8)
сент. 29, 2025 12:09:06 AM app.linker.Composite changeXY
FINER: Changing coordinates by (22,4,-46,4)
сент. 29, 2025 12:09:06 AM app.linker.Composite changeXY
FINER: Changing coordinates by (22,4,-48,0)
сент. 29, 2025 12:09:06 AM app.linker.Composite changeXY
FINER: Changing coordinates by (23,2,-48,8)
сент. 29, 2025 12:09:06 AM app.linker.Composite changeXY
FINER: Changing coordinates by (23,2,-50,4)
сент. 29, 2025 12:09:06 AM app.linker.Composite changeXY
FINER: Changing coordinates by (24,0,-52,0)
сент. 29, 2025 12:09:06 AM app.linker.Composite changeXY
FINER: Changing coordinates by (24,0,-52,8)
сент. 29, 2025 12:09:06 AM app.linker.Composite changeXY
FINER: Changing coordinates by (24,8,-56,8)
сент. 29, 2025 12:09:06 AM app.linker.Composite changeXY
FINER: Changing coordinates by (24,8,-57,6)
сент. 29, 2025 12:09:06 AM app.linker.Composite changeXY
FINER: Changing coordinates by (25,6,-59,2)
сент. 29, 2025 12:09:06 AM app.linker.Composite changeXY
FINER: Changing coordinates by (25,6,-60,8)
сент. 29, 2025 12:09:06 AM app.linker.Composite changeXY
FINER: Changing coordinates by (26,4,-61,6)
сент. 29, 2025 12:09:06 AM app.linker.Composite changeXY
FINER: Changing coordinates by (26,4,-63,2)
сент. 29, 2025 12:09:06 AM app.linker.Composite changeXY
FINER: Changing coordinates by (26,4,-64,8)
сент. 29, 2025 12:09:06 AM app.linker.Composite changeXY
FINER: Changing coordinates by (26,4,-67,2)
сент. 29, 2025 12:09:06 AM app.linker.Composite changeXY
FINER: Changing coordinates by (26,4,-68,0)
сент. 29, 2025 12:09:06 AM app.linker.Composite changeXY
FINER: Changing coordinates by (26,4,-69,6)
сент. 29, 2025 12:09:06 AM app.linker.Composite changeXY
FINER: Changing coordinates by (27,2,-71,2)
сент. 29, 2025 12:09:06 AM app.linker.Composite changeXY
FINER: Changing coordinates by (27,2,-72,0)
сент. 29, 2025 12:09:06 AM app.linker.Composite changeXY
FINER: Changing coordinates by (28,0,-73,6)
сент. 29, 2025 12:09:06 AM app.linker.Composite changeXY
FINER: Changing coordinates by (28,0,-75,2)
сент. 29, 2025 12:09:06 AM app.linker.Composite changeXY
FINER: Changing coordinates by (28,8,-77,6)
сент. 29, 2025 12:09:06 AM app.linker.Composite changeXY
FINER: Changing coordinates by (28,8,-78,4)
сент. 29, 2025 12:09:06 AM app.linker.Composite changeXY
FINER: Changing coordinates by (28,8,-79,2)
сент. 29, 2025 12:09:06 AM app.linker.Composite changeXY
FINER: Changing coordinates by (28,8,-80,0)
сент. 29, 2025 12:09:06 AM app.linker.Composite changeXY
FINER: Changing coordinates by (28,8,-80,8)
сент. 29, 2025 12:09:06 AM app.linker.Composite changeXY
FINER: Changing coordinates by (29,6,-81,6)
сент. 29, 2025 12:09:06 AM app.linker.Composite changeXY
FINER: Changing coordinates by (29,6,-82,4)
сент. 29, 2025 12:09:06 AM app.linker.Composite changeXY
FINER: Changing coordinates by (29,6,-83,2)
сент. 29, 2025 12:09:06 AM app.linker.Composite changeXY
FINER: Changing coordinates by (29,6,-84,0)
сент. 29, 2025 12:09:06 AM app.linker.Composite changeXY
FINER: Changing coordinates by (29,6,-84,8)
сент. 29, 2025 12:09:06 AM app.linker.Composite changeXY
FINER: Changing coordinates by (29,6,-85,6)
сент. 29, 2025 12:09:06 AM app.linker.Composite changeXY
FINER: Changing coordinates by (29,6,-86,4)
сент. 29, 2025 12:09:06 AM app.linker.Composite changeXY
FINER: Changing coordinates by (29,6,-87,2)
сент. 29, 2025 12:09:06 AM app.linker.Composite saveCoord
FINER: Saving coordinates for all components
сент. 29, 2025 12:09:07 AM app.linker.Composite saveCoord
FINER: Saving coordinates for all components
сент. 29, 2025 12:09:07 AM app.linker.Composite changeXY
FINER: Changing coordinates by (0,0,-0,8)
сент. 29, 2025 12:09:07 AM app.linker.Composite changeXY
FINER: Changing coordinates by (0,8,-1,6)
сент. 29, 2025 12:09:07 AM app.linker.Composite changeXY
FINER: Changing coordinates by (0,8,-2,4)
сент. 29, 2025 12:09:07 AM app.linker.Composite changeXY
FINER: Changing coordinates by (1,6,-2,4)
сент. 29, 2025 12:09:07 AM app.linker.Composite changeXY
FINER: Changing coordinates by (2,4,-3,2)
сент. 29, 2025 12:09:07 AM app.linker.Composite changeXY
FINER: Changing coordinates by (2,4,-4,8)
сент. 29, 2025 12:09:07 AM app.linker.Composite changeXY
FINER: Changing coordinates by (3,2,-5,6)
сент. 29, 2025 12:09:07 AM app.linker.Composite changeXY
FINER: Changing coordinates by (3,2,-7,2)
сент. 29, 2025 12:09:07 AM app.linker.Composite changeXY
FINER: Changing coordinates by (4,0,-9,6)
сент. 29, 2025 12:09:07 AM app.linker.Composite changeXY
FINER: Changing coordinates by (4,8,-11,2)
сент. 29, 2025 12:09:07 AM app.linker.Composite changeXY
FINER: Changing coordinates by (4,8,-12,8)
сент. 29, 2025 12:09:07 AM app.linker.Composite changeXY
FINER: Changing coordinates by (5,6,-14,4)
сент. 29, 2025 12:09:07 AM app.linker.Composite changeXY
FINER: Changing coordinates by (5,6,-16,0)
сент. 29, 2025 12:09:07 AM app.linker.Composite changeXY
FINER: Changing coordinates by (5,6,-17,6)
сент. 29, 2025 12:09:07 AM app.linker.Composite changeXY
FINER: Changing coordinates by (5,6,-19,2)
сент. 29, 2025 12:09:07 AM app.linker.Composite changeXY
FINER: Changing coordinates by (5,6,-20,0)
сент. 29, 2025 12:09:07 AM app.linker.Composite changeXY
FINER: Changing coordinates by (5,6,-21,6)
сент. 29, 2025 12:09:07 AM app.linker.Composite changeXY
FINER: Changing coordinates by (5,6,-22,4)
сент. 29, 2025 12:09:07 AM app.linker.Composite changeXY
FINER: Changing coordinates by (5,6,-24,0)
сент. 29, 2025 12:09:07 AM app.linker.Composite changeXY
FINER: Changing coordinates by (5,6,-25,6)
сент. 29, 2025 12:09:07 AM app.linker.Composite changeXY
FINER: Changing coordinates by (5,6,-26,4)
сент. 29, 2025 12:09:07 AM app.linker.Composite changeXY
FINER: Changing coordinates by (5,6,-28,8)
сент. 29, 2025 12:09:07 AM app.linker.Composite changeXY
FINER: Changing coordinates by (5,6,-30,4)
сент. 29, 2025 12:09:07 AM app.linker.Composite changeXY
FINER: Changing coordinates by (5,6,-32,0)
сент. 29, 2025 12:09:07 AM app.linker.Composite changeXY
FINER: Changing coordinates by (5,6,-32,8)
сент. 29, 2025 12:09:07 AM app.linker.Composite changeXY
FINER: Changing coordinates by (5,6,-34,4)
сент. 29, 2025 12:09:07 AM app.linker.Composite changeXY
FINER: Changing coordinates by (5,6,-35,2)
сент. 29, 2025 12:09:07 AM app.linker.Composite changeXY
FINER: Changing coordinates by (5,6,-38,4)
сент. 29, 2025 12:09:07 AM app.linker.Composite changeXY
FINER: Changing coordinates by (5,6,-39,2)
сент. 29, 2025 12:09:07 AM app.linker.Composite changeXY
FINER: Changing coordinates by (5,6,-40,0)
сент. 29, 2025 12:09:07 AM app.linker.Composite changeXY
FINER: Changing coordinates by (5,6,-40,8)
сент. 29, 2025 12:09:07 AM app.linker.Composite changeXY
FINER: Changing coordinates by (5,6,-41,6)
сент. 29, 2025 12:09:07 AM app.linker.Composite changeXY
FINER: Changing coordinates by (5,6,-42,4)
сент. 29, 2025 12:09:07 AM app.linker.Composite changeXY
FINER: Changing coordinates by (5,6,-44,8)
сент. 29, 2025 12:09:07 AM app.linker.Composite changeXY
FINER: Changing coordinates by (5,6,-45,6)
сент. 29, 2025 12:09:07 AM app.linker.Composite changeXY
FINER: Changing coordinates by (5,6,-46,4)
сент. 29, 2025 12:09:07 AM app.linker.Composite changeXY
FINER: Changing coordinates by (5,6,-47,2)
сент. 29, 2025 12:09:07 AM app.linker.Composite changeXY
FINER: Changing coordinates by (5,6,-49,6)
сент. 29, 2025 12:09:07 AM app.linker.Composite changeXY
FINER: Changing coordinates by (5,6,-50,4)
сент. 29, 2025 12:09:20 AM app.linker.Composite select
FINE: Selecting decorate object
сент. 29, 2025 12:09:20 AM app.linker.Composite select
FINE: Selected decorate object
сент. 29, 2025 12:09:21 AM app.linker.Composite getArray
FINE: Getting array of decorates
сент. 29, 2025 12:09:24 AM app.linker.Composite remove
INFO: Removing all components
сент. 29, 2025 12:09:28 AM app.linker.Composite getArray
FINE: Getting array of decorates
сент. 29, 2025 12:10:08 AM app.linker.Composite select
FINE: Selecting decorate object
сент. 29, 2025 12:10:08 AM app.linker.Composite select
FINE: Selected decorate object
сент. 29, 2025 12:10:09 AM app.linker.Composite select
FINE: Selecting decorate object
сент. 29, 2025 12:10:09 AM app.linker.Composite select
FINE: Deselected decorate object
сент. 29, 2025 12:10:09 AM app.linker.Composite select
FINE: Selecting decorate object
сент. 29, 2025 12:10:09 AM app.linker.Composite select
FINE: Selected decorate object
сент. 29, 2025 12:10:11 AM app.linker.Composite getArray
FINE: Getting array of decorates
сент. 29, 2025 12:10:17 AM app.linker.Composite select
FINE: Selecting decorate object
сент. 29, 2025 12:10:17 AM app.linker.Composite select
FINE: Selected decorate object
сент. 29, 2025 12:10:18 AM app.linker.Composite select
FINE: Selecting decorate object
сент. 29, 2025 12:10:18 AM app.linker.Composite select
FINE: Deselected decorate object
сент. 29, 2025 12:10:20 AM app.linker.Composite remove
INFO: Removing all components
