сент. 29, 2025 12:07:39 AM app.model.Momento <init>
INFO: Momento created
сент. 29, 2025 12:07:43 AM app.model.Momento push
FINE: Pushing state to momento
сент. 29, 2025 12:07:47 AM app.model.Momento push
FINE: Pushing state to momento
сент. 29, 2025 12:07:47 AM app.model.Momento push
FINE: Pushing state to momento
сент. 29, 2025 12:07:47 AM app.model.Momento push
FINE: Pushing state to momento
сент. 29, 2025 12:07:47 AM app.model.Momento push
FINE: Pushing state to momento
сент. 29, 2025 12:07:47 AM app.model.Momento push
FINE: Pushing state to momento
сент. 29, 2025 12:07:47 AM app.model.Momento push
FINE: Pushing state to momento
сент. 29, 2025 12:07:47 AM app.model.Momento push
FINE: Pushing state to momento
сент. 29, 2025 12:07:47 AM app.model.Momento push
FINE: Pushing state to momento
сент. 29, 2025 12:07:47 AM app.model.Momento push
FINE: Pushing state to momento
сент. 29, 2025 12:07:47 AM app.model.Momento push
FINE: Pushing state to momento
сент. 29, 2025 12:07:47 AM app.model.Momento push
FINE: Pushing state to momento
сент. 29, 2025 12:07:47 AM app.model.Momento push
FINE: Pushing state to momento
сент. 29, 2025 12:07:47 AM app.model.Momento push
FINE: Pushing state to momento
сент. 29, 2025 12:07:47 AM app.model.Momento push
FINE: Pushing state to momento
сент. 29, 2025 12:07:48 AM app.model.Momento push
FINE: Pushing state to momento
сент. 29, 2025 12:07:50 AM app.model.Momento push
FINE: Pushing state to momento
сент. 29, 2025 12:07:50 AM app.model.Momento push
FINE: Pushing state to momento
сент. 29, 2025 12:07:50 AM app.model.Momento push
FINE: Pushing state to momento
сент. 29, 2025 12:07:50 AM app.model.Momento push
FINE: Pushing state to momento
сент. 29, 2025 12:07:50 AM app.model.Momento push
FINE: Pushing state to momento
сент. 29, 2025 12:07:50 AM app.model.Momento push
FINE: Pushing state to momento
сент. 29, 2025 12:07:50 AM app.model.Momento push
FINE: Pushing state to momento
сент. 29, 2025 12:07:50 AM app.model.Momento push
FINE: Pushing state to momento
сент. 29, 2025 12:07:50 AM app.model.Momento push
FINE: Pushing state to momento
сент. 29, 2025 12:07:50 AM app.model.Momento push
FINE: Pushing state to momento
сент. 29, 2025 12:07:50 AM app.model.Momento push
FINE: Pushing state to momento
сент. 29, 2025 12:07:50 AM app.model.Momento push
FINE: Pushing state to momento
сент. 29, 2025 12:07:50 AM app.model.Momento push
FINE: Pushing state to momento
сент. 29, 2025 12:07:50 AM app.model.Momento push
FINE: Pushing state to momento
сент. 29, 2025 12:07:50 AM app.model.Momento push
FINE: Pushing state to momento
сент. 29, 2025 12:07:50 AM app.model.Momento push
FINE: Pushing state to momento
сент. 29, 2025 12:07:50 AM app.model.Momento push
FINE: Pushing state to momento
сент. 29, 2025 12:07:50 AM app.model.Momento push
FINE: Pushing state to momento
сент. 29, 2025 12:07:50 AM app.model.Momento push
FINE: Pushing state to momento
сент. 29, 2025 12:07:50 AM app.model.Momento push
FINE: Pushing state to momento
сент. 29, 2025 12:07:50 AM app.model.Momento push
FINE: Pushing state to momento
сент. 29, 2025 12:07:50 AM app.model.Momento push
FINE: Pushing state to momento
сент. 29, 2025 12:07:50 AM app.model.Momento push
FINE: Pushing state to momento
сент. 29, 2025 12:07:50 AM app.model.Momento push
FINE: Pushing state to momento
сент. 29, 2025 12:07:50 AM app.model.Momento push
FINE: Pushing state to momento
сент. 29, 2025 12:07:50 AM app.model.Momento push
FINE: Pushing state to momento
сент. 29, 2025 12:07:50 AM app.model.Momento push
FINE: Pushing state to momento
сент. 29, 2025 12:07:50 AM app.model.Momento push
FINE: Pushing state to momento
сент. 29, 2025 12:07:50 AM app.model.Momento push
FINE: Pushing state to momento
сент. 29, 2025 12:07:50 AM app.model.Momento push
FINE: Pushing state to momento
сент. 29, 2025 12:07:50 AM app.model.Momento push
FINE: Pushing state to momento
сент. 29, 2025 12:07:50 AM app.model.Momento push
FINE: Pushing state to momento
сент. 29, 2025 12:07:50 AM app.model.Momento push
FINE: Pushing state to momento
сент. 29, 2025 12:07:50 AM app.model.Momento push
FINE: Pushing state to momento
сент. 29, 2025 12:07:50 AM app.model.Momento push
FINE: Pushing state to momento
сент. 29, 2025 12:07:50 AM app.model.Momento push
FINE: Pushing state to momento
сент. 29, 2025 12:07:50 AM app.model.Momento push
FINE: Pushing state to momento
сент. 29, 2025 12:07:50 AM app.model.Momento push
FINE: Pushing state to momento
сент. 29, 2025 12:07:50 AM app.model.Momento push
FINE: Pushing state to momento
сент. 29, 2025 12:07:50 AM app.model.Momento push
FINE: Pushing state to momento
сент. 29, 2025 12:07:50 AM app.model.Momento push
FINE: Pushing state to momento
сент. 29, 2025 12:07:50 AM app.model.Momento push
FINE: Pushing state to momento
сент. 29, 2025 12:07:50 AM app.model.Momento push
FINE: Pushing state to momento
сент. 29, 2025 12:07:50 AM app.model.Momento push
FINE: Pushing state to momento
сент. 29, 2025 12:07:50 AM app.model.Momento push
FINE: Pushing state to momento
сент. 29, 2025 12:07:50 AM app.model.Momento push
FINE: Pushing state to momento
сент. 29, 2025 12:07:50 AM app.model.Momento push
FINE: Pushing state to momento
сент. 29, 2025 12:07:50 AM app.model.Momento push
FINE: Pushing state to momento
сент. 29, 2025 12:07:51 AM app.model.Momento push
FINE: Pushing state to momento
сент. 29, 2025 12:07:51 AM app.model.Momento push
FINE: Pushing state to momento
сент. 29, 2025 12:07:51 AM app.model.Momento push
FINE: Pushing state to momento
сент. 29, 2025 12:07:51 AM app.model.Momento push
FINE: Pushing state to momento
сент. 29, 2025 12:07:51 AM app.model.Momento push
FINE: Pushing state to momento
сент. 29, 2025 12:07:51 AM app.model.Momento push
FINE: Pushing state to momento
сент. 29, 2025 12:07:51 AM app.model.Momento push
FINE: Pushing state to momento
сент. 29, 2025 12:07:51 AM app.model.Momento push
FINE: Pushing state to momento
сент. 29, 2025 12:07:51 AM app.model.Momento push
FINE: Pushing state to momento
сент. 29, 2025 12:07:51 AM app.model.Momento push
FINE: Pushing state to momento
сент. 29, 2025 12:07:51 AM app.model.Momento push
FINE: Pushing state to momento
сент. 29, 2025 12:07:51 AM app.model.Momento push
FINE: Pushing state to momento
сент. 29, 2025 12:07:51 AM app.model.Momento push
FINE: Pushing state to momento
сент. 29, 2025 12:07:51 AM app.model.Momento push
FINE: Pushing state to momento
сент. 29, 2025 12:07:51 AM app.model.Momento push
FINE: Pushing state to momento
сент. 29, 2025 12:07:51 AM app.model.Momento push
FINE: Pushing state to momento
сент. 29, 2025 12:07:51 AM app.model.Momento push
FINE: Pushing state to momento
сент. 29, 2025 12:07:51 AM app.model.Momento push
FINE: Pushing state to momento
сент. 29, 2025 12:07:51 AM app.model.Momento push
FINE: Pushing state to momento
сент. 29, 2025 12:07:51 AM app.model.Momento push
FINE: Pushing state to momento
сент. 29, 2025 12:07:51 AM app.model.Momento push
FINE: Pushing state to momento
сент. 29, 2025 12:07:51 AM app.model.Momento push
FINE: Pushing state to momento
сент. 29, 2025 12:07:51 AM app.model.Momento push
FINE: Pushing state to momento
сент. 29, 2025 12:07:51 AM app.model.Momento push
FINE: Pushing state to momento
сент. 29, 2025 12:07:51 AM app.model.Momento push
FINE: Pushing state to momento
сент. 29, 2025 12:07:51 AM app.model.Momento push
FINE: Pushing state to momento
сент. 29, 2025 12:07:51 AM app.model.Momento push
FINE: Pushing state to momento
сент. 29, 2025 12:07:51 AM app.model.Momento push
FINE: Pushing state to momento
сент. 29, 2025 12:07:51 AM app.model.Momento push
FINE: Pushing state to momento
сент. 29, 2025 12:07:51 AM app.model.Momento push
FINE: Pushing state to momento
сент. 29, 2025 12:07:51 AM app.model.Momento push
FINE: Pushing state to momento
сент. 29, 2025 12:07:51 AM app.model.Momento push
FINE: Pushing state to momento
сент. 29, 2025 12:07:51 AM app.model.Momento push
FINE: Pushing state to momento
сент. 29, 2025 12:07:51 AM app.model.Momento push
FINE: Pushing state to momento
сент. 29, 2025 12:07:51 AM app.model.Momento push
FINE: Pushing state to momento
сент. 29, 2025 12:07:51 AM app.model.Momento push
FINE: Pushing state to momento
сент. 29, 2025 12:07:51 AM app.model.Momento push
FINE: Pushing state to momento
сент. 29, 2025 12:07:51 AM app.model.Momento push
FINE: Pushing state to momento
сент. 29, 2025 12:07:51 AM app.model.Momento push
FINE: Pushing state to momento
сент. 29, 2025 12:07:51 AM app.model.Momento push
FINE: Pushing state to momento
сент. 29, 2025 12:07:51 AM app.model.Momento push
FINE: Pushing state to momento
сент. 29, 2025 12:07:51 AM app.model.Momento push
FINE: Pushing state to momento
сент. 29, 2025 12:07:51 AM app.model.Momento push
FINE: Pushing state to momento
сент. 29, 2025 12:07:51 AM app.model.Momento push
FINE: Pushing state to momento
сент. 29, 2025 12:07:51 AM app.model.Momento push
FINE: Pushing state to momento
сент. 29, 2025 12:07:51 AM app.model.Momento push
FINE: Pushing state to momento
сент. 29, 2025 12:07:51 AM app.model.Momento push
FINE: Pushing state to momento
сент. 29, 2025 12:07:51 AM app.model.Momento push
FINE: Pushing state to momento
сент. 29, 2025 12:07:51 AM app.model.Momento push
FINE: Pushing state to momento
сент. 29, 2025 12:07:51 AM app.model.Momento push
FINE: Pushing state to momento
сент. 29, 2025 12:07:51 AM app.model.Momento push
FINE: Pushing state to momento
сент. 29, 2025 12:07:51 AM app.model.Momento push
FINE: Pushing state to momento
сент. 29, 2025 12:07:53 AM app.model.Momento push
FINE: Pushing state to momento
сент. 29, 2025 12:07:53 AM app.model.Momento push
FINE: Pushing state to momento
сент. 29, 2025 12:07:53 AM app.model.Momento push
FINE: Pushing state to momento
сент. 29, 2025 12:07:53 AM app.model.Momento push
FINE: Pushing state to momento
сент. 29, 2025 12:07:53 AM app.model.Momento push
FINE: Pushing state to momento
сент. 29, 2025 12:07:53 AM app.model.Momento push
FINE: Pushing state to momento
сент. 29, 2025 12:07:53 AM app.model.Momento push
FINE: Pushing state to momento
сент. 29, 2025 12:07:53 AM app.model.Momento push
FINE: Pushing state to momento
сент. 29, 2025 12:07:53 AM app.model.Momento push
FINE: Pushing state to momento
сент. 29, 2025 12:07:53 AM app.model.Momento push
FINE: Pushing state to momento
сент. 29, 2025 12:07:53 AM app.model.Momento push
FINE: Pushing state to momento
сент. 29, 2025 12:07:53 AM app.model.Momento push
FINE: Pushing state to momento
сент. 29, 2025 12:07:53 AM app.model.Momento push
FINE: Pushing state to momento
сент. 29, 2025 12:07:53 AM app.model.Momento push
FINE: Pushing state to momento
сент. 29, 2025 12:07:53 AM app.model.Momento push
FINE: Pushing state to momento
сент. 29, 2025 12:07:53 AM app.model.Momento push
FINE: Pushing state to momento
сент. 29, 2025 12:07:53 AM app.model.Momento push
FINE: Pushing state to momento
сент. 29, 2025 12:07:53 AM app.model.Momento push
FINE: Pushing state to momento
сент. 29, 2025 12:07:53 AM app.model.Momento push
FINE: Pushing state to momento
сент. 29, 2025 12:07:53 AM app.model.Momento push
FINE: Pushing state to momento
сент. 29, 2025 12:07:53 AM app.model.Momento push
FINE: Pushing state to momento
сент. 29, 2025 12:07:53 AM app.model.Momento push
FINE: Pushing state to momento
сент. 29, 2025 12:07:53 AM app.model.Momento push
FINE: Pushing state to momento
сент. 29, 2025 12:07:53 AM app.model.Momento push
FINE: Pushing state to momento
сент. 29, 2025 12:07:53 AM app.model.Momento push
FINE: Pushing state to momento
сент. 29, 2025 12:07:53 AM app.model.Momento push
FINE: Pushing state to momento
сент. 29, 2025 12:07:53 AM app.model.Momento push
FINE: Pushing state to momento
сент. 29, 2025 12:07:53 AM app.model.Momento push
FINE: Pushing state to momento
сент. 29, 2025 12:07:53 AM app.model.Momento push
FINE: Pushing state to momento
сент. 29, 2025 12:07:57 AM app.model.Momento push
FINE: Pushing state to momento
сент. 29, 2025 12:07:57 AM app.model.Momento push
FINE: Pushing state to momento
сент. 29, 2025 12:07:57 AM app.model.Momento push
FINE: Pushing state to momento
сент. 29, 2025 12:07:57 AM app.model.Momento push
FINE: Pushing state to momento
сент. 29, 2025 12:07:57 AM app.model.Momento push
FINE: Pushing state to momento
сент. 29, 2025 12:07:57 AM app.model.Momento push
FINE: Pushing state to momento
сент. 29, 2025 12:07:57 AM app.model.Momento push
FINE: Pushing state to momento
сент. 29, 2025 12:07:57 AM app.model.Momento push
FINE: Pushing state to momento
сент. 29, 2025 12:07:57 AM app.model.Momento push
FINE: Pushing state to momento
сент. 29, 2025 12:07:57 AM app.model.Momento push
FINE: Pushing state to momento
сент. 29, 2025 12:07:57 AM app.model.Momento push
FINE: Pushing state to momento
сент. 29, 2025 12:07:57 AM app.model.Momento push
FINE: Pushing state to momento
сент. 29, 2025 12:07:57 AM app.model.Momento push
FINE: Pushing state to momento
сент. 29, 2025 12:07:57 AM app.model.Momento push
FINE: Pushing state to momento
сент. 29, 2025 12:07:58 AM app.model.Momento push
FINE: Pushing state to momento
сент. 29, 2025 12:07:58 AM app.model.Momento push
FINE: Pushing state to momento
сент. 29, 2025 12:07:58 AM app.model.Momento push
FINE: Pushing state to momento
сент. 29, 2025 12:07:58 AM app.model.Momento push
FINE: Pushing state to momento
сент. 29, 2025 12:07:58 AM app.model.Momento push
FINE: Pushing state to momento
сент. 29, 2025 12:07:58 AM app.model.Momento push
FINE: Pushing state to momento
сент. 29, 2025 12:07:58 AM app.model.Momento push
FINE: Pushing state to momento
сент. 29, 2025 12:07:58 AM app.model.Momento push
FINE: Pushing state to momento
сент. 29, 2025 12:07:58 AM app.model.Momento push
FINE: Pushing state to momento
сент. 29, 2025 12:07:58 AM app.model.Momento push
FINE: Pushing state to momento
сент. 29, 2025 12:07:58 AM app.model.Momento push
FINE: Pushing state to momento
сент. 29, 2025 12:07:58 AM app.model.Momento push
FINE: Pushing state to momento
сент. 29, 2025 12:07:58 AM app.model.Momento push
FINE: Pushing state to momento
сент. 29, 2025 12:07:58 AM app.model.Momento push
FINE: Pushing state to momento
сент. 29, 2025 12:07:58 AM app.model.Momento push
FINE: Pushing state to momento
сент. 29, 2025 12:07:58 AM app.model.Momento push
FINE: Pushing state to momento
сент. 29, 2025 12:07:58 AM app.model.Momento push
FINE: Pushing state to momento
сент. 29, 2025 12:07:58 AM app.model.Momento push
FINE: Pushing state to momento
сент. 29, 2025 12:07:58 AM app.model.Momento push
FINE: Pushing state to momento
сент. 29, 2025 12:07:58 AM app.model.Momento push
FINE: Pushing state to momento
сент. 29, 2025 12:07:58 AM app.model.Momento push
FINE: Pushing state to momento
сент. 29, 2025 12:07:58 AM app.model.Momento push
FINE: Pushing state to momento
сент. 29, 2025 12:07:58 AM app.model.Momento push
FINE: Pushing state to momento
сент. 29, 2025 12:07:58 AM app.model.Momento push
FINE: Pushing state to momento
сент. 29, 2025 12:07:58 AM app.model.Momento push
FINE: Pushing state to momento
сент. 29, 2025 12:07:58 AM app.model.Momento push
FINE: Pushing state to momento
сент. 29, 2025 12:07:58 AM app.model.Momento push
FINE: Pushing state to momento
сент. 29, 2025 12:07:58 AM app.model.Momento push
FINE: Pushing state to momento
сент. 29, 2025 12:07:58 AM app.model.Momento push
FINE: Pushing state to momento
сент. 29, 2025 12:07:58 AM app.model.Momento push
FINE: Pushing state to momento
сент. 29, 2025 12:07:58 AM app.model.Momento push
FINE: Pushing state to momento
сент. 29, 2025 12:07:58 AM app.model.Momento push
FINE: Pushing state to momento
сент. 29, 2025 12:07:58 AM app.model.Momento push
FINE: Pushing state to momento
сент. 29, 2025 12:07:58 AM app.model.Momento push
FINE: Pushing state to momento
сент. 29, 2025 12:07:58 AM app.model.Momento push
FINE: Pushing state to momento
сент. 29, 2025 12:07:58 AM app.model.Momento push
FINE: Pushing state to momento
сент. 29, 2025 12:07:58 AM app.model.Momento push
FINE: Pushing state to momento
сент. 29, 2025 12:07:58 AM app.model.Momento push
FINE: Pushing state to momento
сент. 29, 2025 12:07:58 AM app.model.Momento push
FINE: Pushing state to momento
сент. 29, 2025 12:07:58 AM app.model.Momento push
FINE: Pushing state to momento
сент. 29, 2025 12:07:58 AM app.model.Momento push
FINE: Pushing state to momento
сент. 29, 2025 12:07:58 AM app.model.Momento push
FINE: Pushing state to momento
сент. 29, 2025 12:07:58 AM app.model.Momento push
FINE: Pushing state to momento
сент. 29, 2025 12:07:58 AM app.model.Momento push
FINE: Pushing state to momento
сент. 29, 2025 12:07:58 AM app.model.Momento push
FINE: Pushing state to momento
сент. 29, 2025 12:07:58 AM app.model.Momento push
FINE: Pushing state to momento
сент. 29, 2025 12:07:58 AM app.model.Momento push
FINE: Pushing state to momento
сент. 29, 2025 12:07:58 AM app.model.Momento push
FINE: Pushing state to momento
сент. 29, 2025 12:07:58 AM app.model.Momento push
FINE: Pushing state to momento
сент. 29, 2025 12:07:58 AM app.model.Momento push
FINE: Pushing state to momento
сент. 29, 2025 12:07:58 AM app.model.Momento push
FINE: Pushing state to momento
сент. 29, 2025 12:07:58 AM app.model.Momento push
FINE: Pushing state to momento
сент. 29, 2025 12:07:58 AM app.model.Momento push
FINE: Pushing state to momento
сент. 29, 2025 12:07:58 AM app.model.Momento push
FINE: Pushing state to momento
сент. 29, 2025 12:07:58 AM app.model.Momento push
FINE: Pushing state to momento
сент. 29, 2025 12:07:58 AM app.model.Momento push
FINE: Pushing state to momento
сент. 29, 2025 12:07:58 AM app.model.Momento push
FINE: Pushing state to momento
сент. 29, 2025 12:07:58 AM app.model.Momento push
FINE: Pushing state to momento
сент. 29, 2025 12:07:58 AM app.model.Momento push
FINE: Pushing state to momento
сент. 29, 2025 12:08:00 AM app.model.Momento push
FINE: Pushing state to momento
сент. 29, 2025 12:08:00 AM app.model.Momento push
FINE: Pushing state to momento
сент. 29, 2025 12:08:00 AM app.model.Momento push
FINE: Pushing state to momento
сент. 29, 2025 12:08:00 AM app.model.Momento push
FINE: Pushing state to momento
сент. 29, 2025 12:08:00 AM app.model.Momento push
FINE: Pushing state to momento
сент. 29, 2025 12:08:00 AM app.model.Momento push
FINE: Pushing state to momento
сент. 29, 2025 12:08:00 AM app.model.Momento push
FINE: Pushing state to momento
сент. 29, 2025 12:08:00 AM app.model.Momento push
FINE: Pushing state to momento
сент. 29, 2025 12:08:00 AM app.model.Momento push
FINE: Pushing state to momento
сент. 29, 2025 12:08:00 AM app.model.Momento push
FINE: Pushing state to momento
сент. 29, 2025 12:08:00 AM app.model.Momento push
FINE: Pushing state to momento
сент. 29, 2025 12:08:00 AM app.model.Momento push
FINE: Pushing state to momento
сент. 29, 2025 12:08:00 AM app.model.Momento push
FINE: Pushing state to momento
сент. 29, 2025 12:08:00 AM app.model.Momento push
FINE: Pushing state to momento
сент. 29, 2025 12:08:00 AM app.model.Momento push
FINE: Pushing state to momento
сент. 29, 2025 12:08:01 AM app.model.Momento push
FINE: Pushing state to momento
сент. 29, 2025 12:08:01 AM app.model.Momento push
FINE: Pushing state to momento
сент. 29, 2025 12:08:01 AM app.model.Momento push
FINE: Pushing state to momento
сент. 29, 2025 12:08:01 AM app.model.Momento push
FINE: Pushing state to momento
сент. 29, 2025 12:08:01 AM app.model.Momento push
FINE: Pushing state to momento
сент. 29, 2025 12:08:02 AM app.model.Momento push
FINE: Pushing state to momento
сент. 29, 2025 12:08:02 AM app.model.Momento push
FINE: Pushing state to momento
сент. 29, 2025 12:08:02 AM app.model.Momento push
FINE: Pushing state to momento
сент. 29, 2025 12:08:02 AM app.model.Momento push
FINE: Pushing state to momento
сент. 29, 2025 12:08:02 AM app.model.Momento push
FINE: Pushing state to momento
сент. 29, 2025 12:08:02 AM app.model.Momento push
FINE: Pushing state to momento
сент. 29, 2025 12:08:02 AM app.model.Momento push
FINE: Pushing state to momento
сент. 29, 2025 12:08:02 AM app.model.Momento push
FINE: Pushing state to momento
сент. 29, 2025 12:08:02 AM app.model.Momento push
FINE: Pushing state to momento
сент. 29, 2025 12:08:02 AM app.model.Momento push
FINE: Pushing state to momento
сент. 29, 2025 12:08:02 AM app.model.Momento push
FINE: Pushing state to momento
сент. 29, 2025 12:08:02 AM app.model.Momento push
FINE: Pushing state to momento
сент. 29, 2025 12:08:02 AM app.model.Momento push
FINE: Pushing state to momento
сент. 29, 2025 12:08:02 AM app.model.Momento push
FINE: Pushing state to momento
сент. 29, 2025 12:08:02 AM app.model.Momento push
FINE: Pushing state to momento
сент. 29, 2025 12:08:02 AM app.model.Momento push
FINE: Pushing state to momento
сент. 29, 2025 12:08:02 AM app.model.Momento push
FINE: Pushing state to momento
сент. 29, 2025 12:08:02 AM app.model.Momento push
FINE: Pushing state to momento
сент. 29, 2025 12:08:02 AM app.model.Momento push
FINE: Pushing state to momento
сент. 29, 2025 12:08:02 AM app.model.Momento push
FINE: Pushing state to momento
сент. 29, 2025 12:08:02 AM app.model.Momento push
FINE: Pushing state to momento
сент. 29, 2025 12:08:02 AM app.model.Momento push
FINE: Pushing state to momento
сент. 29, 2025 12:08:03 AM app.model.Momento push
FINE: Pushing state to momento
сент. 29, 2025 12:08:03 AM app.model.Momento push
FINE: Pushing state to momento
сент. 29, 2025 12:08:03 AM app.model.Momento push
FINE: Pushing state to momento
сент. 29, 2025 12:08:03 AM app.model.Momento push
FINE: Pushing state to momento
сент. 29, 2025 12:08:03 AM app.model.Momento push
FINE: Pushing state to momento
сент. 29, 2025 12:08:03 AM app.model.Momento push
FINE: Pushing state to momento
сент. 29, 2025 12:08:03 AM app.model.Momento push
FINE: Pushing state to momento
сент. 29, 2025 12:08:03 AM app.model.Momento push
FINE: Pushing state to momento
сент. 29, 2025 12:08:03 AM app.model.Momento push
FINE: Pushing state to momento
сент. 29, 2025 12:08:03 AM app.model.Momento push
FINE: Pushing state to momento
сент. 29, 2025 12:08:03 AM app.model.Momento push
FINE: Pushing state to momento
сент. 29, 2025 12:08:03 AM app.model.Momento push
FINE: Pushing state to momento
сент. 29, 2025 12:08:03 AM app.model.Momento push
FINE: Pushing state to momento
сент. 29, 2025 12:08:03 AM app.model.Momento push
FINE: Pushing state to momento
сент. 29, 2025 12:08:03 AM app.model.Momento push
FINE: Pushing state to momento
сент. 29, 2025 12:08:03 AM app.model.Momento push
FINE: Pushing state to momento
сент. 29, 2025 12:08:03 AM app.model.Momento push
FINE: Pushing state to momento
сент. 29, 2025 12:08:03 AM app.model.Momento push
FINE: Pushing state to momento
сент. 29, 2025 12:08:03 AM app.model.Momento push
FINE: Pushing state to momento
сент. 29, 2025 12:08:03 AM app.model.Momento push
FINE: Pushing state to momento
сент. 29, 2025 12:08:03 AM app.model.Momento push
FINE: Pushing state to momento
сент. 29, 2025 12:08:03 AM app.model.Momento push
FINE: Pushing state to momento
сент. 29, 2025 12:08:03 AM app.model.Momento push
FINE: Pushing state to momento
сент. 29, 2025 12:08:03 AM app.model.Momento push
FINE: Pushing state to momento
сент. 29, 2025 12:08:03 AM app.model.Momento push
FINE: Pushing state to momento
сент. 29, 2025 12:08:03 AM app.model.Momento push
FINE: Pushing state to momento
сент. 29, 2025 12:08:03 AM app.model.Momento push
FINE: Pushing state to momento
сент. 29, 2025 12:08:03 AM app.model.Momento push
FINE: Pushing state to momento
сент. 29, 2025 12:08:03 AM app.model.Momento push
FINE: Pushing state to momento
сент. 29, 2025 12:08:03 AM app.model.Momento push
FINE: Pushing state to momento
сент. 29, 2025 12:08:03 AM app.model.Momento push
FINE: Pushing state to momento
сент. 29, 2025 12:08:03 AM app.model.Momento push
FINE: Pushing state to momento
сент. 29, 2025 12:08:03 AM app.model.Momento push
FINE: Pushing state to momento
сент. 29, 2025 12:08:03 AM app.model.Momento push
FINE: Pushing state to momento
сент. 29, 2025 12:08:03 AM app.model.Momento push
FINE: Pushing state to momento
сент. 29, 2025 12:08:03 AM app.model.Momento push
FINE: Pushing state to momento
сент. 29, 2025 12:08:03 AM app.model.Momento push
FINE: Pushing state to momento
сент. 29, 2025 12:08:03 AM app.model.Momento push
FINE: Pushing state to momento
сент. 29, 2025 12:08:06 AM app.model.Momento push
FINE: Pushing state to momento
сент. 29, 2025 12:08:06 AM app.model.Momento push
FINE: Pushing state to momento
сент. 29, 2025 12:08:06 AM app.model.Momento push
FINE: Pushing state to momento
сент. 29, 2025 12:08:06 AM app.model.Momento push
FINE: Pushing state to momento
сент. 29, 2025 12:08:06 AM app.model.Momento push
FINE: Pushing state to momento
сент. 29, 2025 12:08:06 AM app.model.Momento push
FINE: Pushing state to momento
сент. 29, 2025 12:08:06 AM app.model.Momento push
FINE: Pushing state to momento
сент. 29, 2025 12:08:06 AM app.model.Momento push
FINE: Pushing state to momento
сент. 29, 2025 12:08:06 AM app.model.Momento push
FINE: Pushing state to momento
сент. 29, 2025 12:08:06 AM app.model.Momento push
FINE: Pushing state to momento
сент. 29, 2025 12:08:07 AM app.model.Momento push
FINE: Pushing state to momento
сент. 29, 2025 12:08:07 AM app.model.Momento push
FINE: Pushing state to momento
сент. 29, 2025 12:08:07 AM app.model.Momento push
FINE: Pushing state to momento
сент. 29, 2025 12:08:07 AM app.model.Momento push
FINE: Pushing state to momento
сент. 29, 2025 12:08:07 AM app.model.Momento push
FINE: Pushing state to momento
сент. 29, 2025 12:08:07 AM app.model.Momento push
FINE: Pushing state to momento
сент. 29, 2025 12:08:07 AM app.model.Momento push
FINE: Pushing state to momento
сент. 29, 2025 12:08:07 AM app.model.Momento push
FINE: Pushing state to momento
сент. 29, 2025 12:08:07 AM app.model.Momento push
FINE: Pushing state to momento
сент. 29, 2025 12:08:07 AM app.model.Momento push
FINE: Pushing state to momento
сент. 29, 2025 12:08:07 AM app.model.Momento push
FINE: Pushing state to momento
сент. 29, 2025 12:08:07 AM app.model.Momento push
FINE: Pushing state to momento
сент. 29, 2025 12:08:07 AM app.model.Momento push
FINE: Pushing state to momento
сент. 29, 2025 12:08:07 AM app.model.Momento push
FINE: Pushing state to momento
сент. 29, 2025 12:08:07 AM app.model.Momento push
FINE: Pushing state to momento
сент. 29, 2025 12:08:07 AM app.model.Momento push
FINE: Pushing state to momento
сент. 29, 2025 12:08:07 AM app.model.Momento push
FINE: Pushing state to momento
сент. 29, 2025 12:08:07 AM app.model.Momento push
FINE: Pushing state to momento
сент. 29, 2025 12:08:07 AM app.model.Momento push
FINE: Pushing state to momento
сент. 29, 2025 12:08:07 AM app.model.Momento push
FINE: Pushing state to momento
сент. 29, 2025 12:08:07 AM app.model.Momento push
FINE: Pushing state to momento
сент. 29, 2025 12:08:07 AM app.model.Momento push
FINE: Pushing state to momento
сент. 29, 2025 12:08:07 AM app.model.Momento push
FINE: Pushing state to momento
сент. 29, 2025 12:08:07 AM app.model.Momento push
FINE: Pushing state to momento
сент. 29, 2025 12:08:07 AM app.model.Momento push
FINE: Pushing state to momento
сент. 29, 2025 12:08:07 AM app.model.Momento push
FINE: Pushing state to momento
сент. 29, 2025 12:08:07 AM app.model.Momento push
FINE: Pushing state to momento
сент. 29, 2025 12:08:07 AM app.model.Momento push
FINE: Pushing state to momento
сент. 29, 2025 12:08:07 AM app.model.Momento push
FINE: Pushing state to momento
сент. 29, 2025 12:08:07 AM app.model.Momento push
FINE: Pushing state to momento
сент. 29, 2025 12:08:07 AM app.model.Momento push
FINE: Pushing state to momento
сент. 29, 2025 12:08:07 AM app.model.Momento push
FINE: Pushing state to momento
сент. 29, 2025 12:08:07 AM app.model.Momento push
FINE: Pushing state to momento
сент. 29, 2025 12:08:07 AM app.model.Momento push
FINE: Pushing state to momento
сент. 29, 2025 12:08:07 AM app.model.Momento push
FINE: Pushing state to momento
сент. 29, 2025 12:08:07 AM app.model.Momento push
FINE: Pushing state to momento
сент. 29, 2025 12:08:09 AM app.model.Momento push
FINE: Pushing state to momento
сент. 29, 2025 12:08:09 AM app.model.Momento push
FINE: Pushing state to momento
сент. 29, 2025 12:08:09 AM app.model.Momento push
FINE: Pushing state to momento
сент. 29, 2025 12:08:09 AM app.model.Momento push
FINE: Pushing state to momento
сент. 29, 2025 12:08:09 AM app.model.Momento push
FINE: Pushing state to momento
сент. 29, 2025 12:08:09 AM app.model.Momento push
FINE: Pushing state to momento
сент. 29, 2025 12:08:09 AM app.model.Momento push
FINE: Pushing state to momento
сент. 29, 2025 12:08:09 AM app.model.Momento push
FINE: Pushing state to momento
сент. 29, 2025 12:08:09 AM app.model.Momento push
FINE: Pushing state to momento
сент. 29, 2025 12:08:09 AM app.model.Momento push
FINE: Pushing state to momento
сент. 29, 2025 12:08:09 AM app.model.Momento push
FINE: Pushing state to momento
сент. 29, 2025 12:08:09 AM app.model.Momento push
FINE: Pushing state to momento
сент. 29, 2025 12:08:09 AM app.model.Momento push
FINE: Pushing state to momento
сент. 29, 2025 12:08:09 AM app.model.Momento push
FINE: Pushing state to momento
сент. 29, 2025 12:08:09 AM app.model.Momento push
FINE: Pushing state to momento
сент. 29, 2025 12:08:09 AM app.model.Momento push
FINE: Pushing state to momento
сент. 29, 2025 12:08:09 AM app.model.Momento push
FINE: Pushing state to momento
сент. 29, 2025 12:08:09 AM app.model.Momento push
FINE: Pushing state to momento
сент. 29, 2025 12:08:09 AM app.model.Momento push
FINE: Pushing state to momento
сент. 29, 2025 12:08:09 AM app.model.Momento push
FINE: Pushing state to momento
сент. 29, 2025 12:08:09 AM app.model.Momento push
FINE: Pushing state to momento
сент. 29, 2025 12:08:09 AM app.model.Momento push
FINE: Pushing state to momento
сент. 29, 2025 12:08:09 AM app.model.Momento push
FINE: Pushing state to momento
сент. 29, 2025 12:08:09 AM app.model.Momento push
FINE: Pushing state to momento
сент. 29, 2025 12:08:09 AM app.model.Momento push
FINE: Pushing state to momento
сент. 29, 2025 12:08:10 AM app.model.Momento push
FINE: Pushing state to momento
сент. 29, 2025 12:08:10 AM app.model.Momento push
FINE: Pushing state to momento
сент. 29, 2025 12:08:10 AM app.model.Momento push
FINE: Pushing state to momento
сент. 29, 2025 12:08:10 AM app.model.Momento push
FINE: Pushing state to momento
сент. 29, 2025 12:08:10 AM app.model.Momento push
FINE: Pushing state to momento
сент. 29, 2025 12:08:10 AM app.model.Momento push
FINE: Pushing state to momento
сент. 29, 2025 12:08:10 AM app.model.Momento push
FINE: Pushing state to momento
сент. 29, 2025 12:08:10 AM app.model.Momento push
FINE: Pushing state to momento
сент. 29, 2025 12:08:12 AM app.model.Momento getSize
FINER: Getting momento size: 377
сент. 29, 2025 12:08:12 AM app.model.Momento poll
FINE: Polling state from momento
сент. 29, 2025 12:08:12 AM app.model.Momento getListShapes
FINE: Getting list of shapes
сент. 29, 2025 12:08:13 AM app.model.Momento getSize
FINER: Getting momento size: 376
сент. 29, 2025 12:08:13 AM app.model.Momento poll
FINE: Polling state from momento
сент. 29, 2025 12:08:13 AM app.model.Momento getListShapes
FINE: Getting list of shapes
сент. 29, 2025 12:08:13 AM app.model.Momento <init>
INFO: Momento created
сент. 29, 2025 12:08:16 AM app.model.Momento push
FINE: Pushing state to momento
сент. 29, 2025 12:08:16 AM app.model.Momento push
FINE: Pushing state to momento
сент. 29, 2025 12:08:16 AM app.model.Momento push
FINE: Pushing state to momento
сент. 29, 2025 12:08:16 AM app.model.Momento push
FINE: Pushing state to momento
сент. 29, 2025 12:08:16 AM app.model.Momento push
FINE: Pushing state to momento
сент. 29, 2025 12:08:16 AM app.model.Momento push
FINE: Pushing state to momento
сент. 29, 2025 12:08:16 AM app.model.Momento push
FINE: Pushing state to momento
сент. 29, 2025 12:08:16 AM app.model.Momento push
FINE: Pushing state to momento
сент. 29, 2025 12:08:17 AM app.model.Momento push
FINE: Pushing state to momento
сент. 29, 2025 12:08:17 AM app.model.Momento push
FINE: Pushing state to momento
сент. 29, 2025 12:08:17 AM app.model.Momento push
FINE: Pushing state to momento
сент. 29, 2025 12:08:17 AM app.model.Momento push
FINE: Pushing state to momento
сент. 29, 2025 12:08:17 AM app.model.Momento push
FINE: Pushing state to momento
сент. 29, 2025 12:08:17 AM app.model.Momento push
FINE: Pushing state to momento
сент. 29, 2025 12:08:17 AM app.model.Momento push
FINE: Pushing state to momento
сент. 29, 2025 12:08:17 AM app.model.Momento push
FINE: Pushing state to momento
сент. 29, 2025 12:08:17 AM app.model.Momento push
FINE: Pushing state to momento
сент. 29, 2025 12:08:17 AM app.model.Momento push
FINE: Pushing state to momento
сент. 29, 2025 12:08:17 AM app.model.Momento push
FINE: Pushing state to momento
сент. 29, 2025 12:08:18 AM app.model.Momento push
FINE: Pushing state to momento
сент. 29, 2025 12:08:18 AM app.model.Momento push
FINE: Pushing state to momento
сент. 29, 2025 12:08:18 AM app.model.Momento push
FINE: Pushing state to momento
сент. 29, 2025 12:08:18 AM app.model.Momento push
FINE: Pushing state to momento
сент. 29, 2025 12:08:18 AM app.model.Momento push
FINE: Pushing state to momento
сент. 29, 2025 12:08:18 AM app.model.Momento push
FINE: Pushing state to momento
сент. 29, 2025 12:08:18 AM app.model.Momento push
FINE: Pushing state to momento
сент. 29, 2025 12:08:18 AM app.model.Momento push
FINE: Pushing state to momento
сент. 29, 2025 12:08:18 AM app.model.Momento push
FINE: Pushing state to momento
сент. 29, 2025 12:08:18 AM app.model.Momento push
FINE: Pushing state to momento
сент. 29, 2025 12:08:18 AM app.model.Momento push
FINE: Pushing state to momento
сент. 29, 2025 12:08:18 AM app.model.Momento push
FINE: Pushing state to momento
сент. 29, 2025 12:08:18 AM app.model.Momento push
FINE: Pushing state to momento
сент. 29, 2025 12:08:18 AM app.model.Momento push
FINE: Pushing state to momento
сент. 29, 2025 12:08:18 AM app.model.Momento push
FINE: Pushing state to momento
сент. 29, 2025 12:08:18 AM app.model.Momento push
FINE: Pushing state to momento
сент. 29, 2025 12:08:18 AM app.model.Momento push
FINE: Pushing state to momento
сент. 29, 2025 12:08:18 AM app.model.Momento push
FINE: Pushing state to momento
сент. 29, 2025 12:08:18 AM app.model.Momento push
FINE: Pushing state to momento
сент. 29, 2025 12:08:18 AM app.model.Momento push
FINE: Pushing state to momento
сент. 29, 2025 12:08:18 AM app.model.Momento push
FINE: Pushing state to momento
сент. 29, 2025 12:08:18 AM app.model.Momento push
FINE: Pushing state to momento
сент. 29, 2025 12:08:18 AM app.model.Momento push
FINE: Pushing state to momento
сент. 29, 2025 12:08:18 AM app.model.Momento push
FINE: Pushing state to momento
сент. 29, 2025 12:08:18 AM app.model.Momento push
FINE: Pushing state to momento
сент. 29, 2025 12:08:18 AM app.model.Momento push
FINE: Pushing state to momento
сент. 29, 2025 12:08:18 AM app.model.Momento push
FINE: Pushing state to momento
сент. 29, 2025 12:08:18 AM app.model.Momento push
FINE: Pushing state to momento
сент. 29, 2025 12:08:18 AM app.model.Momento push
FINE: Pushing state to momento
сент. 29, 2025 12:08:18 AM app.model.Momento push
FINE: Pushing state to momento
сент. 29, 2025 12:08:18 AM app.model.Momento push
FINE: Pushing state to momento
сент. 29, 2025 12:08:18 AM app.model.Momento push
FINE: Pushing state to momento
сент. 29, 2025 12:08:18 AM app.model.Momento push
FINE: Pushing state to momento
сент. 29, 2025 12:08:18 AM app.model.Momento push
FINE: Pushing state to momento
сент. 29, 2025 12:08:18 AM app.model.Momento push
FINE: Pushing state to momento
сент. 29, 2025 12:08:22 AM app.model.Momento push
FINE: Pushing state to momento
сент. 29, 2025 12:08:22 AM app.model.Momento push
FINE: Pushing state to momento
сент. 29, 2025 12:08:22 AM app.model.Momento push
FINE: Pushing state to momento
сент. 29, 2025 12:08:22 AM app.model.Momento push
FINE: Pushing state to momento
сент. 29, 2025 12:08:22 AM app.model.Momento push
FINE: Pushing state to momento
сент. 29, 2025 12:08:22 AM app.model.Momento push
FINE: Pushing state to momento
сент. 29, 2025 12:08:22 AM app.model.Momento push
FINE: Pushing state to momento
сент. 29, 2025 12:08:22 AM app.model.Momento push
FINE: Pushing state to momento
сент. 29, 2025 12:08:22 AM app.model.Momento push
FINE: Pushing state to momento
сент. 29, 2025 12:08:23 AM app.model.Momento push
FINE: Pushing state to momento
сент. 29, 2025 12:08:23 AM app.model.Momento push
FINE: Pushing state to momento
сент. 29, 2025 12:08:23 AM app.model.Momento push
FINE: Pushing state to momento
сент. 29, 2025 12:08:23 AM app.model.Momento push
FINE: Pushing state to momento
сент. 29, 2025 12:08:23 AM app.model.Momento push
FINE: Pushing state to momento
сент. 29, 2025 12:08:23 AM app.model.Momento push
FINE: Pushing state to momento
сент. 29, 2025 12:08:23 AM app.model.Momento push
FINE: Pushing state to momento
сент. 29, 2025 12:08:23 AM app.model.Momento push
FINE: Pushing state to momento
сент. 29, 2025 12:08:23 AM app.model.Momento push
FINE: Pushing state to momento
сент. 29, 2025 12:08:23 AM app.model.Momento push
FINE: Pushing state to momento
сент. 29, 2025 12:08:23 AM app.model.Momento push
FINE: Pushing state to momento
сент. 29, 2025 12:08:23 AM app.model.Momento push
FINE: Pushing state to momento
сент. 29, 2025 12:08:23 AM app.model.Momento push
FINE: Pushing state to momento
сент. 29, 2025 12:08:23 AM app.model.Momento push
FINE: Pushing state to momento
сент. 29, 2025 12:08:23 AM app.model.Momento push
FINE: Pushing state to momento
сент. 29, 2025 12:08:23 AM app.model.Momento push
FINE: Pushing state to momento
сент. 29, 2025 12:08:23 AM app.model.Momento push
FINE: Pushing state to momento
сент. 29, 2025 12:08:23 AM app.model.Momento push
FINE: Pushing state to momento
сент. 29, 2025 12:08:23 AM app.model.Momento push
FINE: Pushing state to momento
сент. 29, 2025 12:08:23 AM app.model.Momento push
FINE: Pushing state to momento
сент. 29, 2025 12:08:23 AM app.model.Momento push
FINE: Pushing state to momento
сент. 29, 2025 12:08:23 AM app.model.Momento push
FINE: Pushing state to momento
сент. 29, 2025 12:08:23 AM app.model.Momento push
FINE: Pushing state to momento
сент. 29, 2025 12:08:23 AM app.model.Momento push
FINE: Pushing state to momento
сент. 29, 2025 12:08:23 AM app.model.Momento push
FINE: Pushing state to momento
сент. 29, 2025 12:08:23 AM app.model.Momento push
FINE: Pushing state to momento
сент. 29, 2025 12:08:23 AM app.model.Momento push
FINE: Pushing state to momento
сент. 29, 2025 12:08:23 AM app.model.Momento push
FINE: Pushing state to momento
сент. 29, 2025 12:08:23 AM app.model.Momento push
FINE: Pushing state to momento
сент. 29, 2025 12:08:23 AM app.model.Momento push
FINE: Pushing state to momento
сент. 29, 2025 12:08:23 AM app.model.Momento push
FINE: Pushing state to momento
сент. 29, 2025 12:08:23 AM app.model.Momento push
FINE: Pushing state to momento
сент. 29, 2025 12:08:23 AM app.model.Momento push
FINE: Pushing state to momento
сент. 29, 2025 12:08:23 AM app.model.Momento push
FINE: Pushing state to momento
сент. 29, 2025 12:08:23 AM app.model.Momento push
FINE: Pushing state to momento
сент. 29, 2025 12:08:23 AM app.model.Momento push
FINE: Pushing state to momento
сент. 29, 2025 12:08:23 AM app.model.Momento push
FINE: Pushing state to momento
сент. 29, 2025 12:08:23 AM app.model.Momento push
FINE: Pushing state to momento
сент. 29, 2025 12:08:23 AM app.model.Momento push
FINE: Pushing state to momento
сент. 29, 2025 12:08:23 AM app.model.Momento push
FINE: Pushing state to momento
сент. 29, 2025 12:08:23 AM app.model.Momento push
FINE: Pushing state to momento
сент. 29, 2025 12:08:23 AM app.model.Momento push
FINE: Pushing state to momento
сент. 29, 2025 12:08:23 AM app.model.Momento push
FINE: Pushing state to momento
сент. 29, 2025 12:08:23 AM app.model.Momento push
FINE: Pushing state to momento
сент. 29, 2025 12:08:23 AM app.model.Momento push
FINE: Pushing state to momento
сент. 29, 2025 12:08:23 AM app.model.Momento push
FINE: Pushing state to momento
сент. 29, 2025 12:08:23 AM app.model.Momento push
FINE: Pushing state to momento
сент. 29, 2025 12:08:23 AM app.model.Momento push
FINE: Pushing state to momento
сент. 29, 2025 12:08:24 AM app.model.Momento push
FINE: Pushing state to momento
сент. 29, 2025 12:08:24 AM app.model.Momento push
FINE: Pushing state to momento
сент. 29, 2025 12:08:24 AM app.model.Momento push
FINE: Pushing state to momento
сент. 29, 2025 12:08:24 AM app.model.Momento push
FINE: Pushing state to momento
сент. 29, 2025 12:08:24 AM app.model.Momento push
FINE: Pushing state to momento
сент. 29, 2025 12:08:25 AM app.model.Momento push
FINE: Pushing state to momento
сент. 29, 2025 12:08:25 AM app.model.Momento push
FINE: Pushing state to momento
сент. 29, 2025 12:08:26 AM app.model.Momento push
FINE: Pushing state to momento
сент. 29, 2025 12:08:26 AM app.model.Momento push
FINE: Pushing state to momento
сент. 29, 2025 12:08:26 AM app.model.Momento push
FINE: Pushing state to momento
сент. 29, 2025 12:08:26 AM app.model.Momento push
FINE: Pushing state to momento
сент. 29, 2025 12:08:26 AM app.model.Momento push
FINE: Pushing state to momento
сент. 29, 2025 12:08:26 AM app.model.Momento push
FINE: Pushing state to momento
сент. 29, 2025 12:08:26 AM app.model.Momento push
FINE: Pushing state to momento
сент. 29, 2025 12:08:26 AM app.model.Momento push
FINE: Pushing state to momento
сент. 29, 2025 12:08:26 AM app.model.Momento push
FINE: Pushing state to momento
сент. 29, 2025 12:08:26 AM app.model.Momento push
FINE: Pushing state to momento
сент. 29, 2025 12:08:26 AM app.model.Momento push
FINE: Pushing state to momento
сент. 29, 2025 12:08:26 AM app.model.Momento push
FINE: Pushing state to momento
сент. 29, 2025 12:08:26 AM app.model.Momento push
FINE: Pushing state to momento
сент. 29, 2025 12:08:26 AM app.model.Momento push
FINE: Pushing state to momento
сент. 29, 2025 12:08:26 AM app.model.Momento push
FINE: Pushing state to momento
сент. 29, 2025 12:08:26 AM app.model.Momento push
FINE: Pushing state to momento
сент. 29, 2025 12:08:26 AM app.model.Momento push
FINE: Pushing state to momento
сент. 29, 2025 12:08:26 AM app.model.Momento push
FINE: Pushing state to momento
сент. 29, 2025 12:08:26 AM app.model.Momento push
FINE: Pushing state to momento
сент. 29, 2025 12:08:26 AM app.model.Momento push
FINE: Pushing state to momento
сент. 29, 2025 12:08:30 AM app.model.Momento getListShapes
FINE: Getting list of shapes
сент. 29, 2025 12:08:30 AM app.model.Momento getListShapes
FINE: Getting list of shapes
сент. 29, 2025 12:08:31 AM app.model.Momento remove
FINE: Remove operation succeeded
сент. 29, 2025 12:08:31 AM app.model.Momento getListShapes
FINE: Getting list of shapes
сент. 29, 2025 12:08:32 AM app.model.Momento getListShapes
FINE: Getting list of shapes
сент. 29, 2025 12:08:32 AM app.model.Momento getListShapes
FINE: Getting list of shapes
сент. 29, 2025 12:08:33 AM app.model.Momento remove
FINE: Remove operation failed
сент. 29, 2025 12:08:33 AM app.model.Momento remove
FINE: Remove operation succeeded
сент. 29, 2025 12:08:33 AM app.model.Momento getListShapes
FINE: Getting list of shapes
сент. 29, 2025 12:08:36 AM app.model.Momento <init>
INFO: Momento created
сент. 29, 2025 12:08:40 AM app.model.Momento getListShapes
FINE: Getting list of shapes
сент. 29, 2025 12:08:42 AM app.model.Momento getListShapes
FINE: Getting list of shapes
сент. 29, 2025 12:08:44 AM app.model.Momento getListShapes
FINE: Getting list of shapes
сент. 29, 2025 12:08:45 AM app.model.Momento push
FINE: Pushing state to momento
сент. 29, 2025 12:08:45 AM app.model.Momento push
FINE: Pushing state to momento
сент. 29, 2025 12:08:45 AM app.model.Momento push
FINE: Pushing state to momento
сент. 29, 2025 12:08:45 AM app.model.Momento push
FINE: Pushing state to momento
сент. 29, 2025 12:08:45 AM app.model.Momento push
FINE: Pushing state to momento
сент. 29, 2025 12:08:45 AM app.model.Momento push
FINE: Pushing state to momento
сент. 29, 2025 12:08:45 AM app.model.Momento push
FINE: Pushing state to momento
сент. 29, 2025 12:08:45 AM app.model.Momento push
FINE: Pushing state to momento
сент. 29, 2025 12:08:45 AM app.model.Momento push
FINE: Pushing state to momento
сент. 29, 2025 12:08:45 AM app.model.Momento push
FINE: Pushing state to momento
сент. 29, 2025 12:08:45 AM app.model.Momento push
FINE: Pushing state to momento
сент. 29, 2025 12:08:45 AM app.model.Momento push
FINE: Pushing state to momento
сент. 29, 2025 12:08:45 AM app.model.Momento push
FINE: Pushing state to momento
сент. 29, 2025 12:08:45 AM app.model.Momento push
FINE: Pushing state to momento
сент. 29, 2025 12:08:45 AM app.model.Momento push
FINE: Pushing state to momento
сент. 29, 2025 12:08:45 AM app.model.Momento push
FINE: Pushing state to momento
сент. 29, 2025 12:08:45 AM app.model.Momento push
FINE: Pushing state to momento
сент. 29, 2025 12:08:45 AM app.model.Momento push
FINE: Pushing state to momento
сент. 29, 2025 12:08:45 AM app.model.Momento push
FINE: Pushing state to momento
сент. 29, 2025 12:08:45 AM app.model.Momento push
FINE: Pushing state to momento
сент. 29, 2025 12:08:45 AM app.model.Momento push
FINE: Pushing state to momento
сент. 29, 2025 12:08:45 AM app.model.Momento push
FINE: Pushing state to momento
сент. 29, 2025 12:08:46 AM app.model.Momento push
FINE: Pushing state to momento
сент. 29, 2025 12:08:46 AM app.model.Momento push
FINE: Pushing state to momento
сент. 29, 2025 12:08:46 AM app.model.Momento push
FINE: Pushing state to momento
сент. 29, 2025 12:08:46 AM app.model.Momento push
FINE: Pushing state to momento
сент. 29, 2025 12:08:46 AM app.model.Momento push
FINE: Pushing state to momento
сент. 29, 2025 12:08:46 AM app.model.Momento push
FINE: Pushing state to momento
сент. 29, 2025 12:08:46 AM app.model.Momento push
FINE: Pushing state to momento
сент. 29, 2025 12:08:46 AM app.model.Momento push
FINE: Pushing state to momento
сент. 29, 2025 12:08:46 AM app.model.Momento push
FINE: Pushing state to momento
сент. 29, 2025 12:08:46 AM app.model.Momento push
FINE: Pushing state to momento
сент. 29, 2025 12:08:46 AM app.model.Momento push
FINE: Pushing state to momento
сент. 29, 2025 12:08:46 AM app.model.Momento push
FINE: Pushing state to momento
сент. 29, 2025 12:08:46 AM app.model.Momento push
FINE: Pushing state to momento
сент. 29, 2025 12:08:46 AM app.model.Momento push
FINE: Pushing state to momento
сент. 29, 2025 12:08:46 AM app.model.Momento push
FINE: Pushing state to momento
сент. 29, 2025 12:08:46 AM app.model.Momento push
FINE: Pushing state to momento
сент. 29, 2025 12:08:46 AM app.model.Momento push
FINE: Pushing state to momento
сент. 29, 2025 12:08:46 AM app.model.Momento push
FINE: Pushing state to momento
сент. 29, 2025 12:08:46 AM app.model.Momento push
FINE: Pushing state to momento
сент. 29, 2025 12:08:46 AM app.model.Momento push
FINE: Pushing state to momento
сент. 29, 2025 12:08:46 AM app.model.Momento push
FINE: Pushing state to momento
сент. 29, 2025 12:08:46 AM app.model.Momento push
FINE: Pushing state to momento
сент. 29, 2025 12:08:46 AM app.model.Momento push
FINE: Pushing state to momento
сент. 29, 2025 12:08:46 AM app.model.Momento push
FINE: Pushing state to momento
сент. 29, 2025 12:08:46 AM app.model.Momento push
FINE: Pushing state to momento
сент. 29, 2025 12:08:46 AM app.model.Momento push
FINE: Pushing state to momento
сент. 29, 2025 12:08:46 AM app.model.Momento push
FINE: Pushing state to momento
сент. 29, 2025 12:08:46 AM app.model.Momento push
FINE: Pushing state to momento
сент. 29, 2025 12:08:46 AM app.model.Momento push
FINE: Pushing state to momento
сент. 29, 2025 12:08:46 AM app.model.Momento push
FINE: Pushing state to momento
сент. 29, 2025 12:08:46 AM app.model.Momento push
FINE: Pushing state to momento
сент. 29, 2025 12:08:46 AM app.model.Momento push
FINE: Pushing state to momento
сент. 29, 2025 12:08:46 AM app.model.Momento push
FINE: Pushing state to momento
сент. 29, 2025 12:08:46 AM app.model.Momento push
FINE: Pushing state to momento
сент. 29, 2025 12:08:46 AM app.model.Momento push
FINE: Pushing state to momento
сент. 29, 2025 12:08:46 AM app.model.Momento push
FINE: Pushing state to momento
сент. 29, 2025 12:08:46 AM app.model.Momento push
FINE: Pushing state to momento
сент. 29, 2025 12:08:46 AM app.model.Momento push
FINE: Pushing state to momento
сент. 29, 2025 12:08:46 AM app.model.Momento push
FINE: Pushing state to momento
сент. 29, 2025 12:08:49 AM app.model.Momento <init>
INFO: Momento created
сент. 29, 2025 12:08:52 AM app.model.Momento push
FINE: Pushing state to momento
сент. 29, 2025 12:09:00 AM app.model.Momento push
FINE: Pushing state to momento
сент. 29, 2025 12:09:06 AM app.model.Momento getListShapes
FINE: Getting list of shapes
сент. 29, 2025 12:09:06 AM app.model.Momento getListShapes
FINE: Getting list of shapes
сент. 29, 2025 12:09:06 AM app.model.Momento getListShapes
FINE: Getting list of shapes
сент. 29, 2025 12:09:06 AM app.model.Momento getListShapes
FINE: Getting list of shapes
сент. 29, 2025 12:09:06 AM app.model.Momento getListShapes
FINE: Getting list of shapes
сент. 29, 2025 12:09:06 AM app.model.Momento getListShapes
FINE: Getting list of shapes
сент. 29, 2025 12:09:06 AM app.model.Momento getListShapes
FINE: Getting list of shapes
сент. 29, 2025 12:09:06 AM app.model.Momento getListShapes
FINE: Getting list of shapes
сент. 29, 2025 12:09:06 AM app.model.Momento getListShapes
FINE: Getting list of shapes
сент. 29, 2025 12:09:06 AM app.model.Momento getListShapes
FINE: Getting list of shapes
сент. 29, 2025 12:09:06 AM app.model.Momento getListShapes
FINE: Getting list of shapes
сент. 29, 2025 12:09:06 AM app.model.Momento getListShapes
FINE: Getting list of shapes
сент. 29, 2025 12:09:06 AM app.model.Momento getListShapes
FINE: Getting list of shapes
сент. 29, 2025 12:09:06 AM app.model.Momento getListShapes
FINE: Getting list of shapes
сент. 29, 2025 12:09:06 AM app.model.Momento getListShapes
FINE: Getting list of shapes
сент. 29, 2025 12:09:06 AM app.model.Momento getListShapes
FINE: Getting list of shapes
сент. 29, 2025 12:09:06 AM app.model.Momento getListShapes
FINE: Getting list of shapes
сент. 29, 2025 12:09:06 AM app.model.Momento getListShapes
FINE: Getting list of shapes
сент. 29, 2025 12:09:06 AM app.model.Momento getListShapes
FINE: Getting list of shapes
сент. 29, 2025 12:09:06 AM app.model.Momento getListShapes
FINE: Getting list of shapes
сент. 29, 2025 12:09:06 AM app.model.Momento getListShapes
FINE: Getting list of shapes
сент. 29, 2025 12:09:06 AM app.model.Momento getListShapes
FINE: Getting list of shapes
сент. 29, 2025 12:09:06 AM app.model.Momento getListShapes
FINE: Getting list of shapes
сент. 29, 2025 12:09:06 AM app.model.Momento getListShapes
FINE: Getting list of shapes
сент. 29, 2025 12:09:06 AM app.model.Momento getListShapes
FINE: Getting list of shapes
сент. 29, 2025 12:09:06 AM app.model.Momento getListShapes
FINE: Getting list of shapes
сент. 29, 2025 12:09:06 AM app.model.Momento getListShapes
FINE: Getting list of shapes
сент. 29, 2025 12:09:06 AM app.model.Momento getListShapes
FINE: Getting list of shapes
сент. 29, 2025 12:09:06 AM app.model.Momento getListShapes
FINE: Getting list of shapes
сент. 29, 2025 12:09:06 AM app.model.Momento getListShapes
FINE: Getting list of shapes
сент. 29, 2025 12:09:06 AM app.model.Momento getListShapes
FINE: Getting list of shapes
сент. 29, 2025 12:09:06 AM app.model.Momento getListShapes
FINE: Getting list of shapes
сент. 29, 2025 12:09:06 AM app.model.Momento getListShapes
FINE: Getting list of shapes
сент. 29, 2025 12:09:06 AM app.model.Momento getListShapes
FINE: Getting list of shapes
сент. 29, 2025 12:09:06 AM app.model.Momento getListShapes
FINE: Getting list of shapes
сент. 29, 2025 12:09:06 AM app.model.Momento getListShapes
FINE: Getting list of shapes
сент. 29, 2025 12:09:06 AM app.model.Momento getListShapes
FINE: Getting list of shapes
сент. 29, 2025 12:09:06 AM app.model.Momento getListShapes
FINE: Getting list of shapes
сент. 29, 2025 12:09:06 AM app.model.Momento getListShapes
FINE: Getting list of shapes
сент. 29, 2025 12:09:06 AM app.model.Momento getListShapes
FINE: Getting list of shapes
сент. 29, 2025 12:09:06 AM app.model.Momento getListShapes
FINE: Getting list of shapes
сент. 29, 2025 12:09:06 AM app.model.Momento getListShapes
FINE: Getting list of shapes
сент. 29, 2025 12:09:06 AM app.model.Momento getListShapes
FINE: Getting list of shapes
сент. 29, 2025 12:09:06 AM app.model.Momento getListShapes
FINE: Getting list of shapes
сент. 29, 2025 12:09:06 AM app.model.Momento getListShapes
FINE: Getting list of shapes
сент. 29, 2025 12:09:06 AM app.model.Momento getListShapes
FINE: Getting list of shapes
сент. 29, 2025 12:09:06 AM app.model.Momento getListShapes
FINE: Getting list of shapes
сент. 29, 2025 12:09:06 AM app.model.Momento getListShapes
FINE: Getting list of shapes
сент. 29, 2025 12:09:06 AM app.model.Momento getListShapes
FINE: Getting list of shapes
сент. 29, 2025 12:09:06 AM app.model.Momento getListShapes
FINE: Getting list of shapes
сент. 29, 2025 12:09:06 AM app.model.Momento getListShapes
FINE: Getting list of shapes
сент. 29, 2025 12:09:06 AM app.model.Momento getListShapes
FINE: Getting list of shapes
сент. 29, 2025 12:09:06 AM app.model.Momento getListShapes
FINE: Getting list of shapes
сент. 29, 2025 12:09:06 AM app.model.Momento getListShapes
FINE: Getting list of shapes
сент. 29, 2025 12:09:06 AM app.model.Momento getListShapes
FINE: Getting list of shapes
сент. 29, 2025 12:09:06 AM app.model.Momento getListShapes
FINE: Getting list of shapes
сент. 29, 2025 12:09:06 AM app.model.Momento getListShapes
FINE: Getting list of shapes
сент. 29, 2025 12:09:06 AM app.model.Momento getListShapes
FINE: Getting list of shapes
сент. 29, 2025 12:09:06 AM app.model.Momento getListShapes
FINE: Getting list of shapes
сент. 29, 2025 12:09:06 AM app.model.Momento getListShapes
FINE: Getting list of shapes
сент. 29, 2025 12:09:06 AM app.model.Momento getListShapes
FINE: Getting list of shapes
сент. 29, 2025 12:09:06 AM app.model.Momento getListShapes
FINE: Getting list of shapes
сент. 29, 2025 12:09:06 AM app.model.Momento getListShapes
FINE: Getting list of shapes
сент. 29, 2025 12:09:07 AM app.model.Momento getListShapes
FINE: Getting list of shapes
сент. 29, 2025 12:09:07 AM app.model.Momento getListShapes
FINE: Getting list of shapes
сент. 29, 2025 12:09:07 AM app.model.Momento getListShapes
FINE: Getting list of shapes
сент. 29, 2025 12:09:07 AM app.model.Momento getListShapes
FINE: Getting list of shapes
сент. 29, 2025 12:09:07 AM app.model.Momento getListShapes
FINE: Getting list of shapes
сент. 29, 2025 12:09:07 AM app.model.Momento getListShapes
FINE: Getting list of shapes
сент. 29, 2025 12:09:07 AM app.model.Momento getListShapes
FINE: Getting list of shapes
сент. 29, 2025 12:09:07 AM app.model.Momento getListShapes
FINE: Getting list of shapes
сент. 29, 2025 12:09:07 AM app.model.Momento getListShapes
FINE: Getting list of shapes
сент. 29, 2025 12:09:07 AM app.model.Momento getListShapes
FINE: Getting list of shapes
сент. 29, 2025 12:09:07 AM app.model.Momento getListShapes
FINE: Getting list of shapes
сент. 29, 2025 12:09:07 AM app.model.Momento getListShapes
FINE: Getting list of shapes
сент. 29, 2025 12:09:07 AM app.model.Momento getListShapes
FINE: Getting list of shapes
сент. 29, 2025 12:09:07 AM app.model.Momento getListShapes
FINE: Getting list of shapes
сент. 29, 2025 12:09:07 AM app.model.Momento getListShapes
FINE: Getting list of shapes
сент. 29, 2025 12:09:07 AM app.model.Momento getListShapes
FINE: Getting list of shapes
сент. 29, 2025 12:09:07 AM app.model.Momento getListShapes
FINE: Getting list of shapes
сент. 29, 2025 12:09:07 AM app.model.Momento getListShapes
FINE: Getting list of shapes
сент. 29, 2025 12:09:07 AM app.model.Momento getListShapes
FINE: Getting list of shapes
сент. 29, 2025 12:09:07 AM app.model.Momento getListShapes
FINE: Getting list of shapes
сент. 29, 2025 12:09:07 AM app.model.Momento getListShapes
FINE: Getting list of shapes
сент. 29, 2025 12:09:07 AM app.model.Momento getListShapes
FINE: Getting list of shapes
сент. 29, 2025 12:09:07 AM app.model.Momento getListShapes
FINE: Getting list of shapes
сент. 29, 2025 12:09:07 AM app.model.Momento getListShapes
FINE: Getting list of shapes
сент. 29, 2025 12:09:07 AM app.model.Momento getListShapes
FINE: Getting list of shapes
сент. 29, 2025 12:09:07 AM app.model.Momento getListShapes
FINE: Getting list of shapes
сент. 29, 2025 12:09:07 AM app.model.Momento getListShapes
FINE: Getting list of shapes
сент. 29, 2025 12:09:07 AM app.model.Momento getListShapes
FINE: Getting list of shapes
сент. 29, 2025 12:09:07 AM app.model.Momento getListShapes
FINE: Getting list of shapes
сент. 29, 2025 12:09:07 AM app.model.Momento getListShapes
FINE: Getting list of shapes
сент. 29, 2025 12:09:07 AM app.model.Momento getListShapes
FINE: Getting list of shapes
сент. 29, 2025 12:09:07 AM app.model.Momento getListShapes
FINE: Getting list of shapes
сент. 29, 2025 12:09:07 AM app.model.Momento getListShapes
FINE: Getting list of shapes
сент. 29, 2025 12:09:07 AM app.model.Momento getListShapes
FINE: Getting list of shapes
сент. 29, 2025 12:09:07 AM app.model.Momento getListShapes
FINE: Getting list of shapes
сент. 29, 2025 12:09:07 AM app.model.Momento getListShapes
FINE: Getting list of shapes
сент. 29, 2025 12:09:07 AM app.model.Momento getListShapes
FINE: Getting list of shapes
сент. 29, 2025 12:09:07 AM app.model.Momento getListShapes
FINE: Getting list of shapes
сент. 29, 2025 12:09:07 AM app.model.Momento getListShapes
FINE: Getting list of shapes
сент. 29, 2025 12:09:20 AM app.model.Momento getListShapes
FINE: Getting list of shapes
сент. 29, 2025 12:09:20 AM app.model.Momento getListShapes
FINE: Getting list of shapes
сент. 29, 2025 12:09:21 AM app.model.Momento remove
FINE: Remove operation succeeded
сент. 29, 2025 12:09:21 AM app.model.Momento getListShapes
FINE: Getting list of shapes
сент. 29, 2025 12:09:24 AM app.model.Momento getListShapes
FINE: Getting list of shapes
сент. 29, 2025 12:09:25 AM app.model.Momento push
FINE: Pushing state to momento
сент. 29, 2025 12:09:28 AM app.model.Momento getListShapes
FINE: Getting list of shapes
сент. 29, 2025 12:09:30 AM app.model.Momento push
FINE: Pushing state to momento
сент. 29, 2025 12:09:30 AM app.model.Momento push
FINE: Pushing state to momento
сент. 29, 2025 12:09:30 AM app.model.Momento push
FINE: Pushing state to momento
сент. 29, 2025 12:09:31 AM app.model.Momento push
FINE: Pushing state to momento
сент. 29, 2025 12:09:32 AM app.model.Momento push
FINE: Pushing state to momento
сент. 29, 2025 12:09:33 AM app.model.Momento push
FINE: Pushing state to momento
сент. 29, 2025 12:09:33 AM app.model.Momento push
FINE: Pushing state to momento
сент. 29, 2025 12:09:33 AM app.model.Momento push
FINE: Pushing state to momento
сент. 29, 2025 12:09:33 AM app.model.Momento push
FINE: Pushing state to momento
сент. 29, 2025 12:09:36 AM app.model.Momento <init>
INFO: Momento created
сент. 29, 2025 12:09:37 AM app.model.Momento push
FINE: Pushing state to momento
сент. 29, 2025 12:09:41 AM app.model.Momento push
FINE: Pushing state to momento
сент. 29, 2025 12:09:46 AM app.model.Momento push
FINE: Pushing state to momento
сент. 29, 2025 12:09:46 AM app.model.Momento push
FINE: Pushing state to momento
сент. 29, 2025 12:09:47 AM app.model.Momento push
FINE: Pushing state to momento
сент. 29, 2025 12:09:48 AM app.model.Momento push
FINE: Pushing state to momento
сент. 29, 2025 12:09:49 AM app.model.Momento push
FINE: Pushing state to momento
сент. 29, 2025 12:09:49 AM app.model.Momento push
FINE: Pushing state to momento
сент. 29, 2025 12:10:04 AM app.model.Momento push
FINE: Pushing state to momento
сент. 29, 2025 12:10:08 AM app.model.Momento getListShapes
FINE: Getting list of shapes
сент. 29, 2025 12:10:08 AM app.model.Momento getListShapes
FINE: Getting list of shapes
сент. 29, 2025 12:10:09 AM app.model.Momento getListShapes
FINE: Getting list of shapes
сент. 29, 2025 12:10:09 AM app.model.Momento getListShapes
FINE: Getting list of shapes
сент. 29, 2025 12:10:09 AM app.model.Momento getListShapes
FINE: Getting list of shapes
сент. 29, 2025 12:10:09 AM app.model.Momento getListShapes
FINE: Getting list of shapes
сент. 29, 2025 12:10:11 AM app.model.Momento remove
FINE: Remove operation succeeded
сент. 29, 2025 12:10:11 AM app.model.Momento getListShapes
FINE: Getting list of shapes
сент. 29, 2025 12:10:17 AM app.model.Momento getListShapes
FINE: Getting list of shapes
сент. 29, 2025 12:10:17 AM app.model.Momento getListShapes
FINE: Getting list of shapes
сент. 29, 2025 12:10:18 AM app.model.Momento getListShapes
FINE: Getting list of shapes
сент. 29, 2025 12:10:18 AM app.model.Momento getListShapes
FINE: Getting list of shapes
сент. 29, 2025 12:10:20 AM app.model.Momento getListShapes
FINE: Getting list of shapes
сент. 29, 2025 12:10:21 AM app.model.Momento push
FINE: Pushing state to momento
сент. 29, 2025 12:10:21 AM app.model.Momento push
FINE: Pushing state to momento
сент. 29, 2025 12:10:32 AM app.model.Momento push
FINE: Pushing state to momento
сент. 29, 2025 12:10:32 AM app.model.Momento push
FINE: Pushing state to momento
сент. 29, 2025 12:10:32 AM app.model.Momento push
FINE: Pushing state to momento
сент. 29, 2025 12:10:32 AM app.model.Momento push
FINE: Pushing state to momento
сент. 29, 2025 12:10:32 AM app.model.Momento push
FINE: Pushing state to momento
сент. 29, 2025 12:10:33 AM app.model.Momento push
FINE: Pushing state to momento
сент. 29, 2025 12:10:33 AM app.model.Momento push
FINE: Pushing state to momento
сент. 29, 2025 12:10:33 AM app.model.Momento push
FINE: Pushing state to momento
сент. 29, 2025 12:10:33 AM app.model.Momento push
FINE: Pushing state to momento
сент. 29, 2025 12:10:33 AM app.model.Momento push
FINE: Pushing state to momento
сент. 29, 2025 12:10:33 AM app.model.Momento push
FINE: Pushing state to momento
сент. 29, 2025 12:10:33 AM app.model.Momento push
FINE: Pushing state to momento
сент. 29, 2025 12:10:33 AM app.model.Momento push
FINE: Pushing state to momento
сент. 29, 2025 12:10:33 AM app.model.Momento push
FINE: Pushing state to momento
сент. 29, 2025 12:10:33 AM app.model.Momento push
FINE: Pushing state to momento
сент. 29, 2025 12:10:33 AM app.model.Momento push
FINE: Pushing state to momento
сент. 29, 2025 12:10:33 AM app.model.Momento push
FINE: Pushing state to momento
сент. 29, 2025 12:10:33 AM app.model.Momento push
FINE: Pushing state to momento
сент. 29, 2025 12:10:33 AM app.model.Momento push
FINE: Pushing state to momento
сент. 29, 2025 12:10:33 AM app.model.Momento push
FINE: Pushing state to momento
сент. 29, 2025 12:10:33 AM app.model.Momento push
FINE: Pushing state to momento
сент. 29, 2025 12:10:33 AM app.model.Momento push
FINE: Pushing state to momento
сент. 29, 2025 12:10:33 AM app.model.Momento push
FINE: Pushing state to momento
сент. 29, 2025 12:10:33 AM app.model.Momento push
FINE: Pushing state to momento
сент. 29, 2025 12:10:33 AM app.model.Momento push
FINE: Pushing state to momento
сент. 29, 2025 12:10:33 AM app.model.Momento push
FINE: Pushing state to momento
сент. 29, 2025 12:10:33 AM app.model.Momento push
FINE: Pushing state to momento
сент. 29, 2025 12:10:33 AM app.model.Momento push
FINE: Pushing state to momento
сент. 29, 2025 12:10:33 AM app.model.Momento push
FINE: Pushing state to momento
сент. 29, 2025 12:10:33 AM app.model.Momento push
FINE: Pushing state to momento
сент. 29, 2025 12:10:33 AM app.model.Momento push
FINE: Pushing state to momento
сент. 29, 2025 12:10:33 AM app.model.Momento push
FINE: Pushing state to momento
сент. 29, 2025 12:10:33 AM app.model.Momento push
FINE: Pushing state to momento
сент. 29, 2025 12:10:33 AM app.model.Momento push
FINE: Pushing state to momento
сент. 29, 2025 12:10:33 AM app.model.Momento push
FINE: Pushing state to momento
сент. 29, 2025 12:10:33 AM app.model.Momento push
FINE: Pushing state to momento
сент. 29, 2025 12:10:33 AM app.model.Momento push
FINE: Pushing state to momento
сент. 29, 2025 12:10:33 AM app.model.Momento push
FINE: Pushing state to momento
сент. 29, 2025 12:10:33 AM app.model.Momento push
FINE: Pushing state to momento
сент. 29, 2025 12:10:33 AM app.model.Momento push
FINE: Pushing state to momento
сент. 29, 2025 12:10:33 AM app.model.Momento push
FINE: Pushing state to momento
сент. 29, 2025 12:10:33 AM app.model.Momento push
FINE: Pushing state to momento
сент. 29, 2025 12:10:33 AM app.model.Momento push
FINE: Pushing state to momento
сент. 29, 2025 12:10:33 AM app.model.Momento push
FINE: Pushing state to momento
сент. 29, 2025 12:10:33 AM app.model.Momento push
FINE: Pushing state to momento
сент. 29, 2025 12:10:33 AM app.model.Momento push
FINE: Pushing state to momento
сент. 29, 2025 12:10:33 AM app.model.Momento push
FINE: Pushing state to momento
сент. 29, 2025 12:10:33 AM app.model.Momento push
FINE: Pushing state to momento
сент. 29, 2025 12:10:33 AM app.model.Momento push
FINE: Pushing state to momento
сент. 29, 2025 12:10:33 AM app.model.Momento push
FINE: Pushing state to momento
сент. 29, 2025 12:10:33 AM app.model.Momento push
FINE: Pushing state to momento
сент. 29, 2025 12:10:33 AM app.model.Momento push
FINE: Pushing state to momento
сент. 29, 2025 12:10:33 AM app.model.Momento push
FINE: Pushing state to momento
сент. 29, 2025 12:10:33 AM app.model.Momento push
FINE: Pushing state to momento
сент. 29, 2025 12:10:33 AM app.model.Momento push
FINE: Pushing state to momento
сент. 29, 2025 12:10:33 AM app.model.Momento push
FINE: Pushing state to momento
сент. 29, 2025 12:10:33 AM app.model.Momento push
FINE: Pushing state to momento
сент. 29, 2025 12:10:33 AM app.model.Momento push
FINE: Pushing state to momento
сент. 29, 2025 12:10:33 AM app.model.Momento push
FINE: Pushing state to momento
сент. 29, 2025 12:10:33 AM app.model.Momento push
FINE: Pushing state to momento
сент. 29, 2025 12:10:33 AM app.model.Momento push
FINE: Pushing state to momento
сент. 29, 2025 12:10:33 AM app.model.Momento push
FINE: Pushing state to momento
сент. 29, 2025 12:10:33 AM app.model.Momento push
FINE: Pushing state to momento
сент. 29, 2025 12:10:33 AM app.model.Momento push
FINE: Pushing state to momento
сент. 29, 2025 12:10:33 AM app.model.Momento push
FINE: Pushing state to momento
сент. 29, 2025 12:10:34 AM app.model.Momento push
FINE: Pushing state to momento
сент. 29, 2025 12:10:34 AM app.model.Momento push
FINE: Pushing state to momento
сент. 29, 2025 12:10:34 AM app.model.Momento push
FINE: Pushing state to momento
сент. 29, 2025 12:10:34 AM app.model.Momento push
FINE: Pushing state to momento
сент. 29, 2025 12:10:34 AM app.model.Momento push
FINE: Pushing state to momento
сент. 29, 2025 12:10:34 AM app.model.Momento push
FINE: Pushing state to momento
сент. 29, 2025 12:10:34 AM app.model.Momento push
FINE: Pushing state to momento
сент. 29, 2025 12:10:34 AM app.model.Momento push
FINE: Pushing state to momento
сент. 29, 2025 12:10:34 AM app.model.Momento push
FINE: Pushing state to momento
сент. 29, 2025 12:10:34 AM app.model.Momento push
FINE: Pushing state to momento
сент. 29, 2025 12:10:34 AM app.model.Momento push
FINE: Pushing state to momento
сент. 29, 2025 12:10:34 AM app.model.Momento push
FINE: Pushing state to momento
сент. 29, 2025 12:10:44 AM app.model.Momento push
FINE: Pushing state to momento
сент. 29, 2025 12:10:46 AM app.model.Momento push
FINE: Pushing state to momento
сент. 29, 2025 12:10:46 AM app.model.Momento push
FINE: Pushing state to momento
сент. 29, 2025 12:10:46 AM app.model.Momento push
FINE: Pushing state to momento
сент. 29, 2025 12:10:46 AM app.model.Momento push
FINE: Pushing state to momento
сент. 29, 2025 12:10:47 AM app.model.Momento push
FINE: Pushing state to momento
сент. 29, 2025 12:10:47 AM app.model.Momento push
FINE: Pushing state to momento
сент. 29, 2025 12:10:48 AM app.model.Momento push
FINE: Pushing state to momento
сент. 29, 2025 12:10:48 AM app.model.Momento push
FINE: Pushing state to momento
сент. 29, 2025 12:10:49 AM app.model.Momento push
FINE: Pushing state to momento
сент. 29, 2025 12:10:49 AM app.model.Momento push
FINE: Pushing state to momento
сент. 29, 2025 12:10:49 AM app.model.Momento push
FINE: Pushing state to momento
сент. 29, 2025 12:10:49 AM app.model.Momento push
FINE: Pushing state to momento
сент. 29, 2025 12:10:49 AM app.model.Momento push
FINE: Pushing state to momento
сент. 29, 2025 12:10:49 AM app.model.Momento push
FINE: Pushing state to momento
сент. 29, 2025 12:10:50 AM app.model.Momento push
FINE: Pushing state to momento
сент. 29, 2025 12:10:50 AM app.model.Momento push
FINE: Pushing state to momento
сент. 29, 2025 12:11:28 AM app.model.Momento push
FINE: Pushing state to momento
сент. 29, 2025 12:11:28 AM app.model.Momento push
FINE: Pushing state to momento
сент. 29, 2025 12:11:28 AM app.model.Momento push
FINE: Pushing state to momento
сент. 29, 2025 12:11:29 AM app.model.Momento push
FINE: Pushing state to momento
сент. 29, 2025 12:11:29 AM app.model.Momento push
FINE: Pushing state to momento
сент. 29, 2025 12:11:29 AM app.model.Momento push
FINE: Pushing state to momento
сент. 29, 2025 12:11:29 AM app.model.Momento push
FINE: Pushing state to momento
сент. 29, 2025 12:11:29 AM app.model.Momento push
FINE: Pushing state to momento
сент. 29, 2025 12:11:29 AM app.model.Momento push
FINE: Pushing state to momento
сент. 29, 2025 12:11:29 AM app.model.Momento push
FINE: Pushing state to momento
сент. 29, 2025 12:11:29 AM app.model.Momento push
FINE: Pushing state to momento
сент. 29, 2025 12:11:29 AM app.model.Momento push
FINE: Pushing state to momento
сент. 29, 2025 12:11:29 AM app.model.Momento push
FINE: Pushing state to momento
сент. 29, 2025 12:11:29 AM app.model.Momento push
FINE: Pushing state to momento
сент. 29, 2025 12:11:29 AM app.model.Momento push
FINE: Pushing state to momento
сент. 29, 2025 12:11:29 AM app.model.Momento push
FINE: Pushing state to momento
сент. 29, 2025 12:11:29 AM app.model.Momento push
FINE: Pushing state to momento
сент. 29, 2025 12:11:29 AM app.model.Momento push
FINE: Pushing state to momento
сент. 29, 2025 12:11:29 AM app.model.Momento push
FINE: Pushing state to momento
сент. 29, 2025 12:11:29 AM app.model.Momento push
FINE: Pushing state to momento
сент. 29, 2025 12:11:29 AM app.model.Momento push
FINE: Pushing state to momento
сент. 29, 2025 12:11:29 AM app.model.Momento push
FINE: Pushing state to momento
сент. 29, 2025 12:11:29 AM app.model.Momento push
FINE: Pushing state to momento
сент. 29, 2025 12:11:29 AM app.model.Momento push
FINE: Pushing state to momento
сент. 29, 2025 12:11:29 AM app.model.Momento push
FINE: Pushing state to momento
сент. 29, 2025 12:11:29 AM app.model.Momento push
FINE: Pushing state to momento
сент. 29, 2025 12:11:29 AM app.model.Momento push
FINE: Pushing state to momento
сент. 29, 2025 12:11:29 AM app.model.Momento push
FINE: Pushing state to momento
сент. 29, 2025 12:11:29 AM app.model.Momento push
FINE: Pushing state to momento
сент. 29, 2025 12:11:29 AM app.model.Momento push
FINE: Pushing state to momento
сент. 29, 2025 12:11:29 AM app.model.Momento push
FINE: Pushing state to momento
сент. 29, 2025 12:11:29 AM app.model.Momento push
FINE: Pushing state to momento
сент. 29, 2025 12:11:29 AM app.model.Momento push
FINE: Pushing state to momento
сент. 29, 2025 12:11:29 AM app.model.Momento push
FINE: Pushing state to momento
сент. 29, 2025 12:11:29 AM app.model.Momento push
FINE: Pushing state to momento
сент. 29, 2025 12:11:29 AM app.model.Momento push
FINE: Pushing state to momento
сент. 29, 2025 12:11:29 AM app.model.Momento push
FINE: Pushing state to momento
сент. 29, 2025 12:11:29 AM app.model.Momento push
FINE: Pushing state to momento
сент. 29, 2025 12:11:29 AM app.model.Momento push
FINE: Pushing state to momento
сент. 29, 2025 12:11:29 AM app.model.Momento push
FINE: Pushing state to momento
сент. 29, 2025 12:11:29 AM app.model.Momento push
FINE: Pushing state to momento
сент. 29, 2025 12:11:29 AM app.model.Momento push
FINE: Pushing state to momento
сент. 29, 2025 12:11:29 AM app.model.Momento push
FINE: Pushing state to momento
сент. 29, 2025 12:11:29 AM app.model.Momento push
FINE: Pushing state to momento
сент. 29, 2025 12:11:29 AM app.model.Momento push
FINE: Pushing state to momento
сент. 29, 2025 12:11:29 AM app.model.Momento push
FINE: Pushing state to momento
сент. 29, 2025 12:11:29 AM app.model.Momento push
FINE: Pushing state to momento
сент. 29, 2025 12:11:29 AM app.model.Momento push
FINE: Pushing state to momento
сент. 29, 2025 12:11:29 AM app.model.Momento push
FINE: Pushing state to momento
сент. 29, 2025 12:11:29 AM app.model.Momento push
FINE: Pushing state to momento
сент. 29, 2025 12:11:29 AM app.model.Momento push
FINE: Pushing state to momento
сент. 29, 2025 12:11:29 AM app.model.Momento push
FINE: Pushing state to momento
сент. 29, 2025 12:11:29 AM app.model.Momento push
FINE: Pushing state to momento
сент. 29, 2025 12:11:29 AM app.model.Momento push
FINE: Pushing state to momento
сент. 29, 2025 12:11:29 AM app.model.Momento push
FINE: Pushing state to momento
сент. 29, 2025 12:11:29 AM app.model.Momento push
FINE: Pushing state to momento
сент. 29, 2025 12:11:29 AM app.model.Momento push
FINE: Pushing state to momento
сент. 29, 2025 12:11:29 AM app.model.Momento push
FINE: Pushing state to momento
сент. 29, 2025 12:11:29 AM app.model.Momento push
FINE: Pushing state to momento
сент. 29, 2025 12:11:29 AM app.model.Momento push
FINE: Pushing state to momento
сент. 29, 2025 12:11:29 AM app.model.Momento push
FINE: Pushing state to momento
сент. 29, 2025 12:11:29 AM app.model.Momento push
FINE: Pushing state to momento
сент. 29, 2025 12:11:30 AM app.model.Momento push
FINE: Pushing state to momento
сент. 29, 2025 12:11:30 AM app.model.Momento push
FINE: Pushing state to momento
сент. 29, 2025 12:11:30 AM app.model.Momento push
FINE: Pushing state to momento
сент. 29, 2025 12:11:30 AM app.model.Momento push
FINE: Pushing state to momento
сент. 29, 2025 12:11:30 AM app.model.Momento push
FINE: Pushing state to momento
сент. 29, 2025 12:11:30 AM app.model.Momento push
FINE: Pushing state to momento
сент. 29, 2025 12:11:30 AM app.model.Momento push
FINE: Pushing state to momento
сент. 29, 2025 12:11:30 AM app.model.Momento push
FINE: Pushing state to momento
сент. 29, 2025 12:11:30 AM app.model.Momento push
FINE: Pushing state to momento
сент. 29, 2025 12:11:30 AM app.model.Momento push
FINE: Pushing state to momento
сент. 29, 2025 12:11:30 AM app.model.Momento push
FINE: Pushing state to momento
сент. 29, 2025 12:11:30 AM app.model.Momento push
FINE: Pushing state to momento
сент. 29, 2025 12:11:30 AM app.model.Momento push
FINE: Pushing state to momento
сент. 29, 2025 12:11:30 AM app.model.Momento push
FINE: Pushing state to momento
