сент. 29, 2025 12:07:39 AM app.model.shapes.Pentagon <init>
FINE: Pentagon created at (5,0,5,0) size 2,0
сент. 29, 2025 12:08:02 AM app.model.shapes.Pentagon setSize
FINE: Setting pentagon size to: 100.0
сент. 29, 2025 12:08:02 AM app.model.shapes.Pentagon draw
FINER: Drawing pentagon on canvas
сент. 29, 2025 12:08:02 AM app.model.shapes.Pentagon setSize
FINE: Setting pentagon size to: 100.0
сент. 29, 2025 12:08:02 AM app.model.shapes.Pentagon draw
FINER: Drawing pentagon on canvas
сент. 29, 2025 12:08:02 AM app.model.shapes.Pentagon setSize
FINE: Setting pentagon size to: 100.0
сент. 29, 2025 12:08:02 AM app.model.shapes.Pentagon draw
FINER: Drawing pentagon on canvas
сент. 29, 2025 12:08:02 AM app.model.shapes.Pentagon setSize
FINE: Setting pentagon size to: 100.0
сент. 29, 2025 12:08:02 AM app.model.shapes.Pentagon draw
FINER: Drawing pentagon on canvas
сент. 29, 2025 12:08:02 AM app.model.shapes.Pentagon setSize
FINE: Setting pentagon size to: 100.0
сент. 29, 2025 12:08:02 AM app.model.shapes.Pentagon draw
FINER: Drawing pentagon on canvas
сент. 29, 2025 12:08:02 AM app.model.shapes.Pentagon setSize
FINE: Setting pentagon size to: 100.0
сент. 29, 2025 12:08:02 AM app.model.shapes.Pentagon draw
FINER: Drawing pentagon on canvas
сент. 29, 2025 12:08:02 AM app.model.shapes.Pentagon setSize
FINE: Setting pentagon size to: 100.0
сент. 29, 2025 12:08:02 AM app.model.shapes.Pentagon draw
FINER: Drawing pentagon on canvas
сент. 29, 2025 12:08:02 AM app.model.shapes.Pentagon setSize
FINE: Setting pentagon size to: 100.0
сент. 29, 2025 12:08:02 AM app.model.shapes.Pentagon draw
FINER: Drawing pentagon on canvas
сент. 29, 2025 12:08:02 AM app.model.shapes.Pentagon setSize
FINE: Setting pentagon size to: 100.0
сент. 29, 2025 12:08:02 AM app.model.shapes.Pentagon draw
FINER: Drawing pentagon on canvas
сент. 29, 2025 12:08:02 AM app.model.shapes.Pentagon setSize
FINE: Setting pentagon size to: 100.0
сент. 29, 2025 12:08:02 AM app.model.shapes.Pentagon draw
FINER: Drawing pentagon on canvas
сент. 29, 2025 12:08:02 AM app.model.shapes.Pentagon setSize
FINE: Setting pentagon size to: 100.0
сент. 29, 2025 12:08:02 AM app.model.shapes.Pentagon draw
FINER: Drawing pentagon on canvas
сент. 29, 2025 12:08:02 AM app.model.shapes.Pentagon setSize
FINE: Setting pentagon size to: 100.0
сент. 29, 2025 12:08:02 AM app.model.shapes.Pentagon draw
FINER: Drawing pentagon on canvas
сент. 29, 2025 12:08:02 AM app.model.shapes.Pentagon setSize
FINE: Setting pentagon size to: 100.0
сент. 29, 2025 12:08:02 AM app.model.shapes.Pentagon draw
FINER: Drawing pentagon on canvas
сент. 29, 2025 12:08:02 AM app.model.shapes.Pentagon setSize
FINE: Setting pentagon size to: 100.0
сент. 29, 2025 12:08:02 AM app.model.shapes.Pentagon draw
FINER: Drawing pentagon on canvas
сент. 29, 2025 12:08:02 AM app.model.shapes.Pentagon setSize
FINE: Setting pentagon size to: 100.0
сент. 29, 2025 12:08:02 AM app.model.shapes.Pentagon draw
FINER: Drawing pentagon on canvas
сент. 29, 2025 12:08:02 AM app.model.shapes.Pentagon setSize
FINE: Setting pentagon size to: 100.0
сент. 29, 2025 12:08:02 AM app.model.shapes.Pentagon draw
FINER: Drawing pentagon on canvas
сент. 29, 2025 12:08:02 AM app.model.shapes.Pentagon setSize
FINE: Setting pentagon size to: 100.0
сент. 29, 2025 12:08:02 AM app.model.shapes.Pentagon draw
FINER: Drawing pentagon on canvas
сент. 29, 2025 12:08:02 AM app.model.shapes.Pentagon setSize
FINE: Setting pentagon size to: 100.0
сент. 29, 2025 12:08:02 AM app.model.shapes.Pentagon draw
FINER: Drawing pentagon on canvas
сент. 29, 2025 12:08:02 AM app.model.shapes.Pentagon setSize
FINE: Setting pentagon size to: 100.0
сент. 29, 2025 12:08:02 AM app.model.shapes.Pentagon draw
FINER: Drawing pentagon on canvas
сент. 29, 2025 12:08:02 AM app.model.shapes.Pentagon setSize
FINE: Setting pentagon size to: 100.0
сент. 29, 2025 12:08:02 AM app.model.shapes.Pentagon draw
FINER: Drawing pentagon on canvas
сент. 29, 2025 12:08:02 AM app.model.shapes.Pentagon setSize
FINE: Setting pentagon size to: 100.0
сент. 29, 2025 12:08:02 AM app.model.shapes.Pentagon draw
FINER: Drawing pentagon on canvas
сент. 29, 2025 12:08:02 AM app.model.shapes.Pentagon setSize
FINE: Setting pentagon size to: 100.0
сент. 29, 2025 12:08:02 AM app.model.shapes.Pentagon draw
FINER: Drawing pentagon on canvas
сент. 29, 2025 12:08:02 AM app.model.shapes.Pentagon setSize
FINE: Setting pentagon size to: 100.0
сент. 29, 2025 12:08:03 AM app.model.shapes.Pentagon draw
FINER: Drawing pentagon on canvas
сент. 29, 2025 12:08:03 AM app.model.shapes.Pentagon setSize
FINE: Setting pentagon size to: 100.0
сент. 29, 2025 12:08:03 AM app.model.shapes.Pentagon draw
FINER: Drawing pentagon on canvas
сент. 29, 2025 12:08:03 AM app.model.shapes.Pentagon setSize
FINE: Setting pentagon size to: 100.0
сент. 29, 2025 12:08:03 AM app.model.shapes.Pentagon draw
FINER: Drawing pentagon on canvas
сент. 29, 2025 12:08:03 AM app.model.shapes.Pentagon setSize
FINE: Setting pentagon size to: 100.0
сент. 29, 2025 12:08:03 AM app.model.shapes.Pentagon draw
FINER: Drawing pentagon on canvas
сент. 29, 2025 12:08:03 AM app.model.shapes.Pentagon setSize
FINE: Setting pentagon size to: 100.0
сент. 29, 2025 12:08:03 AM app.model.shapes.Pentagon draw
FINER: Drawing pentagon on canvas
сент. 29, 2025 12:08:03 AM app.model.shapes.Pentagon setSize
FINE: Setting pentagon size to: 100.0
сент. 29, 2025 12:08:03 AM app.model.shapes.Pentagon draw
FINER: Drawing pentagon on canvas
сент. 29, 2025 12:08:03 AM app.model.shapes.Pentagon setSize
FINE: Setting pentagon size to: 100.0
сент. 29, 2025 12:08:03 AM app.model.shapes.Pentagon draw
FINER: Drawing pentagon on canvas
сент. 29, 2025 12:08:03 AM app.model.shapes.Pentagon setSize
FINE: Setting pentagon size to: 100.0
сент. 29, 2025 12:08:03 AM app.model.shapes.Pentagon draw
FINER: Drawing pentagon on canvas
сент. 29, 2025 12:08:03 AM app.model.shapes.Pentagon setSize
FINE: Setting pentagon size to: 100.0
сент. 29, 2025 12:08:03 AM app.model.shapes.Pentagon draw
FINER: Drawing pentagon on canvas
сент. 29, 2025 12:08:03 AM app.model.shapes.Pentagon setSize
FINE: Setting pentagon size to: 100.0
сент. 29, 2025 12:08:03 AM app.model.shapes.Pentagon draw
FINER: Drawing pentagon on canvas
сент. 29, 2025 12:08:03 AM app.model.shapes.Pentagon setSize
FINE: Setting pentagon size to: 100.0
сент. 29, 2025 12:08:03 AM app.model.shapes.Pentagon draw
FINER: Drawing pentagon on canvas
сент. 29, 2025 12:08:03 AM app.model.shapes.Pentagon setSize
FINE: Setting pentagon size to: 100.0
сент. 29, 2025 12:08:03 AM app.model.shapes.Pentagon draw
FINER: Drawing pentagon on canvas
сент. 29, 2025 12:08:03 AM app.model.shapes.Pentagon setSize
FINE: Setting pentagon size to: 100.0
сент. 29, 2025 12:08:03 AM app.model.shapes.Pentagon draw
FINER: Drawing pentagon on canvas
сент. 29, 2025 12:08:03 AM app.model.shapes.Pentagon setSize
FINE: Setting pentagon size to: 100.0
сент. 29, 2025 12:08:03 AM app.model.shapes.Pentagon draw
FINER: Drawing pentagon on canvas
сент. 29, 2025 12:08:03 AM app.model.shapes.Pentagon setSize
FINE: Setting pentagon size to: 100.0
сент. 29, 2025 12:08:03 AM app.model.shapes.Pentagon draw
FINER: Drawing pentagon on canvas
сент. 29, 2025 12:08:03 AM app.model.shapes.Pentagon setSize
FINE: Setting pentagon size to: 100.0
сент. 29, 2025 12:08:03 AM app.model.shapes.Pentagon draw
FINER: Drawing pentagon on canvas
сент. 29, 2025 12:08:03 AM app.model.shapes.Pentagon setSize
FINE: Setting pentagon size to: 100.0
сент. 29, 2025 12:08:03 AM app.model.shapes.Pentagon draw
FINER: Drawing pentagon on canvas
сент. 29, 2025 12:08:03 AM app.model.shapes.Pentagon setSize
FINE: Setting pentagon size to: 100.0
сент. 29, 2025 12:08:03 AM app.model.shapes.Pentagon draw
FINER: Drawing pentagon on canvas
сент. 29, 2025 12:08:03 AM app.model.shapes.Pentagon setSize
FINE: Setting pentagon size to: 100.0
сент. 29, 2025 12:08:03 AM app.model.shapes.Pentagon draw
FINER: Drawing pentagon on canvas
сент. 29, 2025 12:08:03 AM app.model.shapes.Pentagon setSize
FINE: Setting pentagon size to: 100.0
сент. 29, 2025 12:08:03 AM app.model.shapes.Pentagon draw
FINER: Drawing pentagon on canvas
сент. 29, 2025 12:08:03 AM app.model.shapes.Pentagon setSize
FINE: Setting pentagon size to: 100.0
сент. 29, 2025 12:08:03 AM app.model.shapes.Pentagon draw
FINER: Drawing pentagon on canvas
сент. 29, 2025 12:08:03 AM app.model.shapes.Pentagon setSize
FINE: Setting pentagon size to: 100.0
сент. 29, 2025 12:08:03 AM app.model.shapes.Pentagon draw
FINER: Drawing pentagon on canvas
сент. 29, 2025 12:08:03 AM app.model.shapes.Pentagon setSize
FINE: Setting pentagon size to: 100.0
сент. 29, 2025 12:08:03 AM app.model.shapes.Pentagon draw
FINER: Drawing pentagon on canvas
сент. 29, 2025 12:08:03 AM app.model.shapes.Pentagon setSize
FINE: Setting pentagon size to: 100.0
сент. 29, 2025 12:08:03 AM app.model.shapes.Pentagon draw
FINER: Drawing pentagon on canvas
сент. 29, 2025 12:08:03 AM app.model.shapes.Pentagon setSize
FINE: Setting pentagon size to: 100.0
сент. 29, 2025 12:08:03 AM app.model.shapes.Pentagon draw
FINER: Drawing pentagon on canvas
сент. 29, 2025 12:08:03 AM app.model.shapes.Pentagon setSize
FINE: Setting pentagon size to: 100.0
сент. 29, 2025 12:08:03 AM app.model.shapes.Pentagon draw
FINER: Drawing pentagon on canvas
сент. 29, 2025 12:08:03 AM app.model.shapes.Pentagon setSize
FINE: Setting pentagon size to: 100.0
сент. 29, 2025 12:08:03 AM app.model.shapes.Pentagon draw
FINER: Drawing pentagon on canvas
сент. 29, 2025 12:08:03 AM app.model.shapes.Pentagon setSize
FINE: Setting pentagon size to: 100.0
сент. 29, 2025 12:08:03 AM app.model.shapes.Pentagon draw
FINER: Drawing pentagon on canvas
сент. 29, 2025 12:08:03 AM app.model.shapes.Pentagon setSize
FINE: Setting pentagon size to: 100.0
сент. 29, 2025 12:08:03 AM app.model.shapes.Pentagon draw
FINER: Drawing pentagon on canvas
сент. 29, 2025 12:08:03 AM app.model.shapes.Pentagon setSize
FINE: Setting pentagon size to: 100.0
сент. 29, 2025 12:08:03 AM app.model.shapes.Pentagon draw
FINER: Drawing pentagon on canvas
сент. 29, 2025 12:08:03 AM app.model.shapes.Pentagon setSize
FINE: Setting pentagon size to: 100.0
сент. 29, 2025 12:08:03 AM app.model.shapes.Pentagon draw
FINER: Drawing pentagon on canvas
сент. 29, 2025 12:08:03 AM app.model.shapes.Pentagon setSize
FINE: Setting pentagon size to: 100.0
сент. 29, 2025 12:08:03 AM app.model.shapes.Pentagon draw
FINER: Drawing pentagon on canvas
сент. 29, 2025 12:08:03 AM app.model.shapes.Pentagon setSize
FINE: Setting pentagon size to: 100.0
сент. 29, 2025 12:08:03 AM app.model.shapes.Pentagon draw
FINER: Drawing pentagon on canvas
сент. 29, 2025 12:08:03 AM app.model.shapes.Pentagon setSize
FINE: Setting pentagon size to: 100.0
сент. 29, 2025 12:08:03 AM app.model.shapes.Pentagon draw
FINER: Drawing pentagon on canvas
сент. 29, 2025 12:08:03 AM app.model.shapes.Pentagon setSize
FINE: Setting pentagon size to: 100.0
сент. 29, 2025 12:08:03 AM app.model.shapes.Pentagon draw
FINER: Drawing pentagon on canvas
сент. 29, 2025 12:08:03 AM app.model.shapes.Pentagon setSize
FINE: Setting pentagon size to: 100.0
сент. 29, 2025 12:08:03 AM app.model.shapes.Pentagon draw
FINER: Drawing pentagon on canvas
сент. 29, 2025 12:08:03 AM app.model.shapes.Pentagon setSize
FINE: Setting pentagon size to: 100.0
сент. 29, 2025 12:08:03 AM app.model.shapes.Pentagon draw
FINER: Drawing pentagon on canvas
сент. 29, 2025 12:08:03 AM app.model.shapes.Pentagon setSize
FINE: Setting pentagon size to: 100.0
сент. 29, 2025 12:08:03 AM app.model.shapes.Pentagon draw
FINER: Drawing pentagon on canvas
сент. 29, 2025 12:08:12 AM app.model.shapes.Pentagon draw
FINER: Drawing pentagon on canvas
сент. 29, 2025 12:08:12 AM app.model.shapes.Pentagon draw
FINER: Drawing pentagon on canvas
сент. 29, 2025 12:08:12 AM app.model.shapes.Pentagon draw
FINER: Drawing pentagon on canvas
сент. 29, 2025 12:08:12 AM app.model.shapes.Pentagon draw
FINER: Drawing pentagon on canvas
сент. 29, 2025 12:08:12 AM app.model.shapes.Pentagon draw
FINER: Drawing pentagon on canvas
сент. 29, 2025 12:08:12 AM app.model.shapes.Pentagon draw
FINER: Drawing pentagon on canvas
сент. 29, 2025 12:08:12 AM app.model.shapes.Pentagon draw
FINER: Drawing pentagon on canvas
сент. 29, 2025 12:08:12 AM app.model.shapes.Pentagon draw
FINER: Drawing pentagon on canvas
сент. 29, 2025 12:08:12 AM app.model.shapes.Pentagon draw
FINER: Drawing pentagon on canvas
сент. 29, 2025 12:08:12 AM app.model.shapes.Pentagon draw
FINER: Drawing pentagon on canvas
сент. 29, 2025 12:08:12 AM app.model.shapes.Pentagon draw
FINER: Drawing pentagon on canvas
сент. 29, 2025 12:08:12 AM app.model.shapes.Pentagon draw
FINER: Drawing pentagon on canvas
сент. 29, 2025 12:08:12 AM app.model.shapes.Pentagon draw
FINER: Drawing pentagon on canvas
сент. 29, 2025 12:08:12 AM app.model.shapes.Pentagon draw
FINER: Drawing pentagon on canvas
сент. 29, 2025 12:08:12 AM app.model.shapes.Pentagon draw
FINER: Drawing pentagon on canvas
сент. 29, 2025 12:08:12 AM app.model.shapes.Pentagon draw
FINER: Drawing pentagon on canvas
сент. 29, 2025 12:08:12 AM app.model.shapes.Pentagon draw
FINER: Drawing pentagon on canvas
сент. 29, 2025 12:08:12 AM app.model.shapes.Pentagon draw
FINER: Drawing pentagon on canvas
сент. 29, 2025 12:08:12 AM app.model.shapes.Pentagon draw
FINER: Drawing pentagon on canvas
сент. 29, 2025 12:08:12 AM app.model.shapes.Pentagon draw
FINER: Drawing pentagon on canvas
сент. 29, 2025 12:08:12 AM app.model.shapes.Pentagon draw
FINER: Drawing pentagon on canvas
сент. 29, 2025 12:08:12 AM app.model.shapes.Pentagon draw
FINER: Drawing pentagon on canvas
сент. 29, 2025 12:08:12 AM app.model.shapes.Pentagon draw
FINER: Drawing pentagon on canvas
сент. 29, 2025 12:08:12 AM app.model.shapes.Pentagon draw
FINER: Drawing pentagon on canvas
сент. 29, 2025 12:08:12 AM app.model.shapes.Pentagon draw
FINER: Drawing pentagon on canvas
сент. 29, 2025 12:08:12 AM app.model.shapes.Pentagon draw
FINER: Drawing pentagon on canvas
сент. 29, 2025 12:08:12 AM app.model.shapes.Pentagon draw
FINER: Drawing pentagon on canvas
сент. 29, 2025 12:08:12 AM app.model.shapes.Pentagon draw
FINER: Drawing pentagon on canvas
сент. 29, 2025 12:08:12 AM app.model.shapes.Pentagon draw
FINER: Drawing pentagon on canvas
сент. 29, 2025 12:08:12 AM app.model.shapes.Pentagon draw
FINER: Drawing pentagon on canvas
сент. 29, 2025 12:08:12 AM app.model.shapes.Pentagon draw
FINER: Drawing pentagon on canvas
сент. 29, 2025 12:08:12 AM app.model.shapes.Pentagon draw
FINER: Drawing pentagon on canvas
сент. 29, 2025 12:08:12 AM app.model.shapes.Pentagon draw
FINER: Drawing pentagon on canvas
сент. 29, 2025 12:08:12 AM app.model.shapes.Pentagon draw
FINER: Drawing pentagon on canvas
сент. 29, 2025 12:08:12 AM app.model.shapes.Pentagon draw
FINER: Drawing pentagon on canvas
сент. 29, 2025 12:08:12 AM app.model.shapes.Pentagon draw
FINER: Drawing pentagon on canvas
сент. 29, 2025 12:08:12 AM app.model.shapes.Pentagon draw
FINER: Drawing pentagon on canvas
сент. 29, 2025 12:08:12 AM app.model.shapes.Pentagon draw
FINER: Drawing pentagon on canvas
сент. 29, 2025 12:08:12 AM app.model.shapes.Pentagon draw
FINER: Drawing pentagon on canvas
сент. 29, 2025 12:08:12 AM app.model.shapes.Pentagon draw
FINER: Drawing pentagon on canvas
сент. 29, 2025 12:08:12 AM app.model.shapes.Pentagon draw
FINER: Drawing pentagon on canvas
сент. 29, 2025 12:08:12 AM app.model.shapes.Pentagon draw
FINER: Drawing pentagon on canvas
сент. 29, 2025 12:08:12 AM app.model.shapes.Pentagon draw
FINER: Drawing pentagon on canvas
сент. 29, 2025 12:08:12 AM app.model.shapes.Pentagon draw
FINER: Drawing pentagon on canvas
сент. 29, 2025 12:08:12 AM app.model.shapes.Pentagon draw
FINER: Drawing pentagon on canvas
сент. 29, 2025 12:08:12 AM app.model.shapes.Pentagon draw
FINER: Drawing pentagon on canvas
сент. 29, 2025 12:08:12 AM app.model.shapes.Pentagon draw
FINER: Drawing pentagon on canvas
сент. 29, 2025 12:08:12 AM app.model.shapes.Pentagon draw
FINER: Drawing pentagon on canvas
сент. 29, 2025 12:08:12 AM app.model.shapes.Pentagon draw
FINER: Drawing pentagon on canvas
сент. 29, 2025 12:08:12 AM app.model.shapes.Pentagon draw
FINER: Drawing pentagon on canvas
сент. 29, 2025 12:08:12 AM app.model.shapes.Pentagon draw
FINER: Drawing pentagon on canvas
сент. 29, 2025 12:08:12 AM app.model.shapes.Pentagon draw
FINER: Drawing pentagon on canvas
сент. 29, 2025 12:08:12 AM app.model.shapes.Pentagon draw
FINER: Drawing pentagon on canvas
сент. 29, 2025 12:08:12 AM app.model.shapes.Pentagon draw
FINER: Drawing pentagon on canvas
сент. 29, 2025 12:08:12 AM app.model.shapes.Pentagon draw
FINER: Drawing pentagon on canvas
сент. 29, 2025 12:08:12 AM app.model.shapes.Pentagon draw
FINER: Drawing pentagon on canvas
сент. 29, 2025 12:08:12 AM app.model.shapes.Pentagon draw
FINER: Drawing pentagon on canvas
сент. 29, 2025 12:08:12 AM app.model.shapes.Pentagon draw
FINER: Drawing pentagon on canvas
сент. 29, 2025 12:08:12 AM app.model.shapes.Pentagon draw
FINER: Drawing pentagon on canvas
сент. 29, 2025 12:08:12 AM app.model.shapes.Pentagon draw
FINER: Drawing pentagon on canvas
сент. 29, 2025 12:08:13 AM app.model.shapes.Pentagon draw
FINER: Drawing pentagon on canvas
сент. 29, 2025 12:08:13 AM app.model.shapes.Pentagon draw
FINER: Drawing pentagon on canvas
сент. 29, 2025 12:08:13 AM app.model.shapes.Pentagon draw
FINER: Drawing pentagon on canvas
сент. 29, 2025 12:08:13 AM app.model.shapes.Pentagon draw
FINER: Drawing pentagon on canvas
сент. 29, 2025 12:08:13 AM app.model.shapes.Pentagon draw
FINER: Drawing pentagon on canvas
сент. 29, 2025 12:08:13 AM app.model.shapes.Pentagon draw
FINER: Drawing pentagon on canvas
сент. 29, 2025 12:08:13 AM app.model.shapes.Pentagon draw
FINER: Drawing pentagon on canvas
сент. 29, 2025 12:08:13 AM app.model.shapes.Pentagon draw
FINER: Drawing pentagon on canvas
сент. 29, 2025 12:08:13 AM app.model.shapes.Pentagon draw
FINER: Drawing pentagon on canvas
сент. 29, 2025 12:08:13 AM app.model.shapes.Pentagon draw
FINER: Drawing pentagon on canvas
сент. 29, 2025 12:08:13 AM app.model.shapes.Pentagon draw
FINER: Drawing pentagon on canvas
сент. 29, 2025 12:08:13 AM app.model.shapes.Pentagon draw
FINER: Drawing pentagon on canvas
сент. 29, 2025 12:08:13 AM app.model.shapes.Pentagon draw
FINER: Drawing pentagon on canvas
сент. 29, 2025 12:08:13 AM app.model.shapes.Pentagon draw
FINER: Drawing pentagon on canvas
сент. 29, 2025 12:08:13 AM app.model.shapes.Pentagon draw
FINER: Drawing pentagon on canvas
сент. 29, 2025 12:08:13 AM app.model.shapes.Pentagon draw
FINER: Drawing pentagon on canvas
сент. 29, 2025 12:08:13 AM app.model.shapes.Pentagon draw
FINER: Drawing pentagon on canvas
сент. 29, 2025 12:08:13 AM app.model.shapes.Pentagon draw
FINER: Drawing pentagon on canvas
сент. 29, 2025 12:08:13 AM app.model.shapes.Pentagon draw
FINER: Drawing pentagon on canvas
сент. 29, 2025 12:08:13 AM app.model.shapes.Pentagon draw
FINER: Drawing pentagon on canvas
сент. 29, 2025 12:08:13 AM app.model.shapes.Pentagon draw
FINER: Drawing pentagon on canvas
сент. 29, 2025 12:08:13 AM app.model.shapes.Pentagon draw
FINER: Drawing pentagon on canvas
сент. 29, 2025 12:08:13 AM app.model.shapes.Pentagon draw
FINER: Drawing pentagon on canvas
сент. 29, 2025 12:08:13 AM app.model.shapes.Pentagon draw
FINER: Drawing pentagon on canvas
сент. 29, 2025 12:08:13 AM app.model.shapes.Pentagon draw
FINER: Drawing pentagon on canvas
сент. 29, 2025 12:08:13 AM app.model.shapes.Pentagon draw
FINER: Drawing pentagon on canvas
сент. 29, 2025 12:08:13 AM app.model.shapes.Pentagon draw
FINER: Drawing pentagon on canvas
сент. 29, 2025 12:08:13 AM app.model.shapes.Pentagon draw
FINER: Drawing pentagon on canvas
сент. 29, 2025 12:08:13 AM app.model.shapes.Pentagon draw
FINER: Drawing pentagon on canvas
сент. 29, 2025 12:08:13 AM app.model.shapes.Pentagon draw
FINER: Drawing pentagon on canvas
сент. 29, 2025 12:08:13 AM app.model.shapes.Pentagon draw
FINER: Drawing pentagon on canvas
сент. 29, 2025 12:08:13 AM app.model.shapes.Pentagon draw
FINER: Drawing pentagon on canvas
сент. 29, 2025 12:08:13 AM app.model.shapes.Pentagon draw
FINER: Drawing pentagon on canvas
сент. 29, 2025 12:08:13 AM app.model.shapes.Pentagon draw
FINER: Drawing pentagon on canvas
сент. 29, 2025 12:08:13 AM app.model.shapes.Pentagon draw
FINER: Drawing pentagon on canvas
сент. 29, 2025 12:08:13 AM app.model.shapes.Pentagon draw
FINER: Drawing pentagon on canvas
сент. 29, 2025 12:08:13 AM app.model.shapes.Pentagon draw
FINER: Drawing pentagon on canvas
сент. 29, 2025 12:08:13 AM app.model.shapes.Pentagon draw
FINER: Drawing pentagon on canvas
сент. 29, 2025 12:08:13 AM app.model.shapes.Pentagon draw
FINER: Drawing pentagon on canvas
сент. 29, 2025 12:08:13 AM app.model.shapes.Pentagon draw
FINER: Drawing pentagon on canvas
сент. 29, 2025 12:08:13 AM app.model.shapes.Pentagon draw
FINER: Drawing pentagon on canvas
сент. 29, 2025 12:08:13 AM app.model.shapes.Pentagon draw
FINER: Drawing pentagon on canvas
сент. 29, 2025 12:08:13 AM app.model.shapes.Pentagon draw
FINER: Drawing pentagon on canvas
сент. 29, 2025 12:08:13 AM app.model.shapes.Pentagon draw
FINER: Drawing pentagon on canvas
сент. 29, 2025 12:08:13 AM app.model.shapes.Pentagon draw
FINER: Drawing pentagon on canvas
сент. 29, 2025 12:08:13 AM app.model.shapes.Pentagon draw
FINER: Drawing pentagon on canvas
сент. 29, 2025 12:08:13 AM app.model.shapes.Pentagon draw
FINER: Drawing pentagon on canvas
сент. 29, 2025 12:08:13 AM app.model.shapes.Pentagon draw
FINER: Drawing pentagon on canvas
сент. 29, 2025 12:08:13 AM app.model.shapes.Pentagon draw
FINER: Drawing pentagon on canvas
сент. 29, 2025 12:08:13 AM app.model.shapes.Pentagon draw
FINER: Drawing pentagon on canvas
сент. 29, 2025 12:08:13 AM app.model.shapes.Pentagon draw
FINER: Drawing pentagon on canvas
сент. 29, 2025 12:08:13 AM app.model.shapes.Pentagon draw
FINER: Drawing pentagon on canvas
сент. 29, 2025 12:08:13 AM app.model.shapes.Pentagon draw
FINER: Drawing pentagon on canvas
сент. 29, 2025 12:08:13 AM app.model.shapes.Pentagon draw
FINER: Drawing pentagon on canvas
сент. 29, 2025 12:08:13 AM app.model.shapes.Pentagon draw
FINER: Drawing pentagon on canvas
сент. 29, 2025 12:08:13 AM app.model.shapes.Pentagon draw
FINER: Drawing pentagon on canvas
сент. 29, 2025 12:08:13 AM app.model.shapes.Pentagon draw
FINER: Drawing pentagon on canvas
сент. 29, 2025 12:08:13 AM app.model.shapes.Pentagon draw
FINER: Drawing pentagon on canvas
сент. 29, 2025 12:08:13 AM app.model.shapes.Pentagon draw
FINER: Drawing pentagon on canvas
сент. 29, 2025 12:08:13 AM app.model.shapes.Pentagon draw
FINER: Drawing pentagon on canvas
