сент. 29, 2025 12:07:39 AM app.model.shapes.Straight <init>
FINE: Straight line created at (5,0,5,0) size 2,0
сент. 29, 2025 12:07:43 AM app.model.shapes.Straight draw
FINER: Drawing straight line on canvas
сент. 29, 2025 12:08:06 AM app.model.shapes.Straight setSize
FINE: Setting line size to: 100.0
сент. 29, 2025 12:08:06 AM app.model.shapes.Straight draw
FINER: Drawing straight line on canvas
сент. 29, 2025 12:08:06 AM app.model.shapes.Straight setSize
FINE: Setting line size to: 100.0
сент. 29, 2025 12:08:06 AM app.model.shapes.Straight draw
FINER: Drawing straight line on canvas
сент. 29, 2025 12:08:06 AM app.model.shapes.Straight setSize
FINE: Setting line size to: 100.0
сент. 29, 2025 12:08:06 AM app.model.shapes.Straight draw
FINER: Drawing straight line on canvas
сент. 29, 2025 12:08:06 AM app.model.shapes.Straight setSize
FINE: Setting line size to: 100.0
сент. 29, 2025 12:08:06 AM app.model.shapes.Straight draw
FINER: Drawing straight line on canvas
сент. 29, 2025 12:08:06 AM app.model.shapes.Straight setSize
FINE: Setting line size to: 100.0
сент. 29, 2025 12:08:06 AM app.model.shapes.Straight draw
FINER: Drawing straight line on canvas
сент. 29, 2025 12:08:06 AM app.model.shapes.Straight setSize
FINE: Setting line size to: 100.0
сент. 29, 2025 12:08:06 AM app.model.shapes.Straight draw
FINER: Drawing straight line on canvas
сент. 29, 2025 12:08:06 AM app.model.shapes.Straight setSize
FINE: Setting line size to: 100.0
сент. 29, 2025 12:08:06 AM app.model.shapes.Straight draw
FINER: Drawing straight line on canvas
сент. 29, 2025 12:08:06 AM app.model.shapes.Straight setSize
FINE: Setting line size to: 100.0
сент. 29, 2025 12:08:06 AM app.model.shapes.Straight draw
FINER: Drawing straight line on canvas
сент. 29, 2025 12:08:06 AM app.model.shapes.Straight setSize
FINE: Setting line size to: 100.0
сент. 29, 2025 12:08:06 AM app.model.shapes.Straight draw
FINER: Drawing straight line on canvas
сент. 29, 2025 12:08:06 AM app.model.shapes.Straight setSize
FINE: Setting line size to: 100.0
сент. 29, 2025 12:08:06 AM app.model.shapes.Straight draw
FINER: Drawing straight line on canvas
сент. 29, 2025 12:08:06 AM app.model.shapes.Straight setSize
FINE: Setting line size to: 100.0
сент. 29, 2025 12:08:07 AM app.model.shapes.Straight draw
FINER: Drawing straight line on canvas
сент. 29, 2025 12:08:07 AM app.model.shapes.Straight setSize
FINE: Setting line size to: 100.0
сент. 29, 2025 12:08:07 AM app.model.shapes.Straight draw
FINER: Drawing straight line on canvas
сент. 29, 2025 12:08:07 AM app.model.shapes.Straight setSize
FINE: Setting line size to: 100.0
сент. 29, 2025 12:08:07 AM app.model.shapes.Straight draw
FINER: Drawing straight line on canvas
сент. 29, 2025 12:08:07 AM app.model.shapes.Straight setSize
FINE: Setting line size to: 100.0
сент. 29, 2025 12:08:07 AM app.model.shapes.Straight draw
FINER: Drawing straight line on canvas
сент. 29, 2025 12:08:07 AM app.model.shapes.Straight setSize
FINE: Setting line size to: 100.0
сент. 29, 2025 12:08:07 AM app.model.shapes.Straight draw
FINER: Drawing straight line on canvas
сент. 29, 2025 12:08:07 AM app.model.shapes.Straight setSize
FINE: Setting line size to: 100.0
сент. 29, 2025 12:08:07 AM app.model.shapes.Straight draw
FINER: Drawing straight line on canvas
сент. 29, 2025 12:08:07 AM app.model.shapes.Straight setSize
FINE: Setting line size to: 100.0
сент. 29, 2025 12:08:07 AM app.model.shapes.Straight draw
FINER: Drawing straight line on canvas
сент. 29, 2025 12:08:07 AM app.model.shapes.Straight setSize
FINE: Setting line size to: 100.0
сент. 29, 2025 12:08:07 AM app.model.shapes.Straight draw
FINER: Drawing straight line on canvas
сент. 29, 2025 12:08:07 AM app.model.shapes.Straight setSize
FINE: Setting line size to: 100.0
сент. 29, 2025 12:08:07 AM app.model.shapes.Straight draw
FINER: Drawing straight line on canvas
сент. 29, 2025 12:08:07 AM app.model.shapes.Straight setSize
FINE: Setting line size to: 100.0
сент. 29, 2025 12:08:07 AM app.model.shapes.Straight draw
FINER: Drawing straight line on canvas
сент. 29, 2025 12:08:07 AM app.model.shapes.Straight setSize
FINE: Setting line size to: 100.0
сент. 29, 2025 12:08:07 AM app.model.shapes.Straight draw
FINER: Drawing straight line on canvas
сент. 29, 2025 12:08:07 AM app.model.shapes.Straight setSize
FINE: Setting line size to: 100.0
сент. 29, 2025 12:08:07 AM app.model.shapes.Straight draw
FINER: Drawing straight line on canvas
сент. 29, 2025 12:08:07 AM app.model.shapes.Straight setSize
FINE: Setting line size to: 100.0
сент. 29, 2025 12:08:07 AM app.model.shapes.Straight draw
FINER: Drawing straight line on canvas
сент. 29, 2025 12:08:07 AM app.model.shapes.Straight setSize
FINE: Setting line size to: 100.0
сент. 29, 2025 12:08:07 AM app.model.shapes.Straight draw
FINER: Drawing straight line on canvas
сент. 29, 2025 12:08:07 AM app.model.shapes.Straight setSize
FINE: Setting line size to: 100.0
сент. 29, 2025 12:08:07 AM app.model.shapes.Straight draw
FINER: Drawing straight line on canvas
сент. 29, 2025 12:08:07 AM app.model.shapes.Straight setSize
FINE: Setting line size to: 100.0
сент. 29, 2025 12:08:07 AM app.model.shapes.Straight draw
FINER: Drawing straight line on canvas
сент. 29, 2025 12:08:07 AM app.model.shapes.Straight setSize
FINE: Setting line size to: 100.0
сент. 29, 2025 12:08:07 AM app.model.shapes.Straight draw
FINER: Drawing straight line on canvas
сент. 29, 2025 12:08:07 AM app.model.shapes.Straight setSize
FINE: Setting line size to: 100.0
сент. 29, 2025 12:08:07 AM app.model.shapes.Straight draw
FINER: Drawing straight line on canvas
сент. 29, 2025 12:08:07 AM app.model.shapes.Straight setSize
FINE: Setting line size to: 100.0
сент. 29, 2025 12:08:07 AM app.model.shapes.Straight draw
FINER: Drawing straight line on canvas
сент. 29, 2025 12:08:07 AM app.model.shapes.Straight setSize
FINE: Setting line size to: 100.0
сент. 29, 2025 12:08:07 AM app.model.shapes.Straight draw
FINER: Drawing straight line on canvas
сент. 29, 2025 12:08:07 AM app.model.shapes.Straight setSize
FINE: Setting line size to: 100.0
сент. 29, 2025 12:08:07 AM app.model.shapes.Straight draw
FINER: Drawing straight line on canvas
сент. 29, 2025 12:08:07 AM app.model.shapes.Straight setSize
FINE: Setting line size to: 100.0
сент. 29, 2025 12:08:07 AM app.model.shapes.Straight draw
FINER: Drawing straight line on canvas
сент. 29, 2025 12:08:07 AM app.model.shapes.Straight setSize
FINE: Setting line size to: 100.0
сент. 29, 2025 12:08:07 AM app.model.shapes.Straight draw
FINER: Drawing straight line on canvas
сент. 29, 2025 12:08:07 AM app.model.shapes.Straight setSize
FINE: Setting line size to: 100.0
сент. 29, 2025 12:08:07 AM app.model.shapes.Straight draw
FINER: Drawing straight line on canvas
сент. 29, 2025 12:08:07 AM app.model.shapes.Straight setSize
FINE: Setting line size to: 100.0
сент. 29, 2025 12:08:07 AM app.model.shapes.Straight draw
FINER: Drawing straight line on canvas
сент. 29, 2025 12:08:07 AM app.model.shapes.Straight setSize
FINE: Setting line size to: 100.0
сент. 29, 2025 12:08:07 AM app.model.shapes.Straight draw
FINER: Drawing straight line on canvas
сент. 29, 2025 12:08:07 AM app.model.shapes.Straight setSize
FINE: Setting line size to: 100.0
сент. 29, 2025 12:08:07 AM app.model.shapes.Straight draw
FINER: Drawing straight line on canvas
сент. 29, 2025 12:08:07 AM app.model.shapes.Straight setSize
FINE: Setting line size to: 100.0
сент. 29, 2025 12:08:07 AM app.model.shapes.Straight draw
FINER: Drawing straight line on canvas
сент. 29, 2025 12:08:07 AM app.model.shapes.Straight setSize
FINE: Setting line size to: 100.0
сент. 29, 2025 12:08:07 AM app.model.shapes.Straight draw
FINER: Drawing straight line on canvas
сент. 29, 2025 12:08:07 AM app.model.shapes.Straight setSize
FINE: Setting line size to: 100.0
сент. 29, 2025 12:08:07 AM app.model.shapes.Straight draw
FINER: Drawing straight line on canvas
сент. 29, 2025 12:08:07 AM app.model.shapes.Straight setSize
FINE: Setting line size to: 100.0
сент. 29, 2025 12:08:07 AM app.model.shapes.Straight draw
FINER: Drawing straight line on canvas
сент. 29, 2025 12:08:07 AM app.model.shapes.Straight setSize
FINE: Setting line size to: 100.0
сент. 29, 2025 12:08:07 AM app.model.shapes.Straight draw
FINER: Drawing straight line on canvas
сент. 29, 2025 12:08:07 AM app.model.shapes.Straight setSize
FINE: Setting line size to: 100.0
сент. 29, 2025 12:08:07 AM app.model.shapes.Straight draw
FINER: Drawing straight line on canvas
сент. 29, 2025 12:08:07 AM app.model.shapes.Straight setSize
FINE: Setting line size to: 100.0
сент. 29, 2025 12:08:07 AM app.model.shapes.Straight draw
FINER: Drawing straight line on canvas
сент. 29, 2025 12:08:07 AM app.model.shapes.Straight setSize
FINE: Setting line size to: 100.0
сент. 29, 2025 12:08:07 AM app.model.shapes.Straight draw
FINER: Drawing straight line on canvas
сент. 29, 2025 12:08:07 AM app.model.shapes.Straight setSize
FINE: Setting line size to: 100.0
сент. 29, 2025 12:08:07 AM app.model.shapes.Straight draw
FINER: Drawing straight line on canvas
сент. 29, 2025 12:08:12 AM app.model.shapes.Straight draw
FINER: Drawing straight line on canvas
сент. 29, 2025 12:08:12 AM app.model.shapes.Straight draw
FINER: Drawing straight line on canvas
сент. 29, 2025 12:08:12 AM app.model.shapes.Straight draw
FINER: Drawing straight line on canvas
сент. 29, 2025 12:08:12 AM app.model.shapes.Straight draw
FINER: Drawing straight line on canvas
сент. 29, 2025 12:08:12 AM app.model.shapes.Straight draw
FINER: Drawing straight line on canvas
сент. 29, 2025 12:08:12 AM app.model.shapes.Straight draw
FINER: Drawing straight line on canvas
сент. 29, 2025 12:08:12 AM app.model.shapes.Straight draw
FINER: Drawing straight line on canvas
сент. 29, 2025 12:08:12 AM app.model.shapes.Straight draw
FINER: Drawing straight line on canvas
сент. 29, 2025 12:08:12 AM app.model.shapes.Straight draw
FINER: Drawing straight line on canvas
сент. 29, 2025 12:08:12 AM app.model.shapes.Straight draw
FINER: Drawing straight line on canvas
сент. 29, 2025 12:08:12 AM app.model.shapes.Straight draw
FINER: Drawing straight line on canvas
сент. 29, 2025 12:08:12 AM app.model.shapes.Straight draw
FINER: Drawing straight line on canvas
сент. 29, 2025 12:08:12 AM app.model.shapes.Straight draw
FINER: Drawing straight line on canvas
сент. 29, 2025 12:08:12 AM app.model.shapes.Straight draw
FINER: Drawing straight line on canvas
сент. 29, 2025 12:08:12 AM app.model.shapes.Straight draw
FINER: Drawing straight line on canvas
сент. 29, 2025 12:08:12 AM app.model.shapes.Straight draw
FINER: Drawing straight line on canvas
сент. 29, 2025 12:08:12 AM app.model.shapes.Straight draw
FINER: Drawing straight line on canvas
сент. 29, 2025 12:08:12 AM app.model.shapes.Straight draw
FINER: Drawing straight line on canvas
сент. 29, 2025 12:08:12 AM app.model.shapes.Straight draw
FINER: Drawing straight line on canvas
сент. 29, 2025 12:08:12 AM app.model.shapes.Straight draw
FINER: Drawing straight line on canvas
сент. 29, 2025 12:08:12 AM app.model.shapes.Straight draw
FINER: Drawing straight line on canvas
сент. 29, 2025 12:08:12 AM app.model.shapes.Straight draw
FINER: Drawing straight line on canvas
сент. 29, 2025 12:08:12 AM app.model.shapes.Straight draw
FINER: Drawing straight line on canvas
сент. 29, 2025 12:08:12 AM app.model.shapes.Straight draw
FINER: Drawing straight line on canvas
сент. 29, 2025 12:08:12 AM app.model.shapes.Straight draw
FINER: Drawing straight line on canvas
сент. 29, 2025 12:08:12 AM app.model.shapes.Straight draw
FINER: Drawing straight line on canvas
сент. 29, 2025 12:08:12 AM app.model.shapes.Straight draw
FINER: Drawing straight line on canvas
сент. 29, 2025 12:08:12 AM app.model.shapes.Straight draw
FINER: Drawing straight line on canvas
сент. 29, 2025 12:08:12 AM app.model.shapes.Straight draw
FINER: Drawing straight line on canvas
сент. 29, 2025 12:08:12 AM app.model.shapes.Straight draw
FINER: Drawing straight line on canvas
сент. 29, 2025 12:08:12 AM app.model.shapes.Straight draw
FINER: Drawing straight line on canvas
сент. 29, 2025 12:08:12 AM app.model.shapes.Straight draw
FINER: Drawing straight line on canvas
сент. 29, 2025 12:08:12 AM app.model.shapes.Straight draw
FINER: Drawing straight line on canvas
сент. 29, 2025 12:08:12 AM app.model.shapes.Straight draw
FINER: Drawing straight line on canvas
сент. 29, 2025 12:08:12 AM app.model.shapes.Straight draw
FINER: Drawing straight line on canvas
сент. 29, 2025 12:08:12 AM app.model.shapes.Straight draw
FINER: Drawing straight line on canvas
сент. 29, 2025 12:08:12 AM app.model.shapes.Straight draw
FINER: Drawing straight line on canvas
сент. 29, 2025 12:08:12 AM app.model.shapes.Straight draw
FINER: Drawing straight line on canvas
сент. 29, 2025 12:08:12 AM app.model.shapes.Straight draw
FINER: Drawing straight line on canvas
сент. 29, 2025 12:08:12 AM app.model.shapes.Straight draw
FINER: Drawing straight line on canvas
сент. 29, 2025 12:08:12 AM app.model.shapes.Straight draw
FINER: Drawing straight line on canvas
сент. 29, 2025 12:08:12 AM app.model.shapes.Straight draw
FINER: Drawing straight line on canvas
сент. 29, 2025 12:08:12 AM app.model.shapes.Straight draw
FINER: Drawing straight line on canvas
сент. 29, 2025 12:08:12 AM app.model.shapes.Straight draw
FINER: Drawing straight line on canvas
сент. 29, 2025 12:08:12 AM app.model.shapes.Straight draw
FINER: Drawing straight line on canvas
сент. 29, 2025 12:08:12 AM app.model.shapes.Straight draw
FINER: Drawing straight line on canvas
сент. 29, 2025 12:08:13 AM app.model.shapes.Straight draw
FINER: Drawing straight line on canvas
сент. 29, 2025 12:08:13 AM app.model.shapes.Straight draw
FINER: Drawing straight line on canvas
сент. 29, 2025 12:08:13 AM app.model.shapes.Straight draw
FINER: Drawing straight line on canvas
сент. 29, 2025 12:08:13 AM app.model.shapes.Straight draw
FINER: Drawing straight line on canvas
сент. 29, 2025 12:08:13 AM app.model.shapes.Straight draw
FINER: Drawing straight line on canvas
сент. 29, 2025 12:08:13 AM app.model.shapes.Straight draw
FINER: Drawing straight line on canvas
сент. 29, 2025 12:08:13 AM app.model.shapes.Straight draw
FINER: Drawing straight line on canvas
сент. 29, 2025 12:08:13 AM app.model.shapes.Straight draw
FINER: Drawing straight line on canvas
сент. 29, 2025 12:08:13 AM app.model.shapes.Straight draw
FINER: Drawing straight line on canvas
сент. 29, 2025 12:08:13 AM app.model.shapes.Straight draw
FINER: Drawing straight line on canvas
сент. 29, 2025 12:08:13 AM app.model.shapes.Straight draw
FINER: Drawing straight line on canvas
сент. 29, 2025 12:08:13 AM app.model.shapes.Straight draw
FINER: Drawing straight line on canvas
сент. 29, 2025 12:08:13 AM app.model.shapes.Straight draw
FINER: Drawing straight line on canvas
сент. 29, 2025 12:08:13 AM app.model.shapes.Straight draw
FINER: Drawing straight line on canvas
сент. 29, 2025 12:08:13 AM app.model.shapes.Straight draw
FINER: Drawing straight line on canvas
сент. 29, 2025 12:08:13 AM app.model.shapes.Straight draw
FINER: Drawing straight line on canvas
сент. 29, 2025 12:08:13 AM app.model.shapes.Straight draw
FINER: Drawing straight line on canvas
сент. 29, 2025 12:08:13 AM app.model.shapes.Straight draw
FINER: Drawing straight line on canvas
сент. 29, 2025 12:08:13 AM app.model.shapes.Straight draw
FINER: Drawing straight line on canvas
сент. 29, 2025 12:08:13 AM app.model.shapes.Straight draw
FINER: Drawing straight line on canvas
сент. 29, 2025 12:08:13 AM app.model.shapes.Straight draw
FINER: Drawing straight line on canvas
сент. 29, 2025 12:08:13 AM app.model.shapes.Straight draw
FINER: Drawing straight line on canvas
сент. 29, 2025 12:08:13 AM app.model.shapes.Straight draw
FINER: Drawing straight line on canvas
сент. 29, 2025 12:08:13 AM app.model.shapes.Straight draw
FINER: Drawing straight line on canvas
сент. 29, 2025 12:08:13 AM app.model.shapes.Straight draw
FINER: Drawing straight line on canvas
сент. 29, 2025 12:08:13 AM app.model.shapes.Straight draw
FINER: Drawing straight line on canvas
сент. 29, 2025 12:08:13 AM app.model.shapes.Straight draw
FINER: Drawing straight line on canvas
сент. 29, 2025 12:08:13 AM app.model.shapes.Straight draw
FINER: Drawing straight line on canvas
сент. 29, 2025 12:08:13 AM app.model.shapes.Straight draw
FINER: Drawing straight line on canvas
сент. 29, 2025 12:08:13 AM app.model.shapes.Straight draw
FINER: Drawing straight line on canvas
сент. 29, 2025 12:08:13 AM app.model.shapes.Straight draw
FINER: Drawing straight line on canvas
сент. 29, 2025 12:08:13 AM app.model.shapes.Straight draw
FINER: Drawing straight line on canvas
сент. 29, 2025 12:08:13 AM app.model.shapes.Straight draw
FINER: Drawing straight line on canvas
сент. 29, 2025 12:08:13 AM app.model.shapes.Straight draw
FINER: Drawing straight line on canvas
сент. 29, 2025 12:08:13 AM app.model.shapes.Straight draw
FINER: Drawing straight line on canvas
сент. 29, 2025 12:08:13 AM app.model.shapes.Straight draw
FINER: Drawing straight line on canvas
сент. 29, 2025 12:08:13 AM app.model.shapes.Straight draw
FINER: Drawing straight line on canvas
сент. 29, 2025 12:08:13 AM app.model.shapes.Straight draw
FINER: Drawing straight line on canvas
сент. 29, 2025 12:08:13 AM app.model.shapes.Straight draw
FINER: Drawing straight line on canvas
сент. 29, 2025 12:08:13 AM app.model.shapes.Straight draw
FINER: Drawing straight line on canvas
сент. 29, 2025 12:08:13 AM app.model.shapes.Straight draw
FINER: Drawing straight line on canvas
сент. 29, 2025 12:08:13 AM app.model.shapes.Straight draw
FINER: Drawing straight line on canvas
сент. 29, 2025 12:08:13 AM app.model.shapes.Straight draw
FINER: Drawing straight line on canvas
сент. 29, 2025 12:08:13 AM app.model.shapes.Straight draw
FINER: Drawing straight line on canvas
сент. 29, 2025 12:08:13 AM app.model.shapes.Straight draw
FINER: Drawing straight line on canvas
сент. 29, 2025 12:08:13 AM app.model.shapes.Straight draw
FINER: Drawing straight line on canvas
