сент. 29, 2025 12:07:39 AM app.model.shapes.Triangle <init>
FINE: Triangle created at (5,0,5,0) size 2,0
сент. 29, 2025 12:07:53 AM app.model.shapes.Triangle draw
FINER: Drawing triangle on canvas
сент. 29, 2025 12:07:53 AM app.model.shapes.Triangle draw
FINER: Drawing triangle on canvas
сент. 29, 2025 12:07:53 AM app.model.shapes.Triangle draw
FINER: Drawing triangle on canvas
сент. 29, 2025 12:07:53 AM app.model.shapes.Triangle draw
FINER: Drawing triangle on canvas
сент. 29, 2025 12:07:53 AM app.model.shapes.Triangle draw
FINER: Drawing triangle on canvas
сент. 29, 2025 12:07:53 AM app.model.shapes.Triangle draw
FINER: Drawing triangle on canvas
сент. 29, 2025 12:07:53 AM app.model.shapes.Triangle draw
FINER: Drawing triangle on canvas
сент. 29, 2025 12:07:53 AM app.model.shapes.Triangle draw
FINER: Drawing triangle on canvas
сент. 29, 2025 12:07:53 AM app.model.shapes.Triangle draw
FINER: Drawing triangle on canvas
сент. 29, 2025 12:07:53 AM app.model.shapes.Triangle draw
FINER: Drawing triangle on canvas
сент. 29, 2025 12:07:53 AM app.model.shapes.Triangle draw
FINER: Drawing triangle on canvas
сент. 29, 2025 12:07:53 AM app.model.shapes.Triangle draw
FINER: Drawing triangle on canvas
сент. 29, 2025 12:07:53 AM app.model.shapes.Triangle draw
FINER: Drawing triangle on canvas
сент. 29, 2025 12:07:53 AM app.model.shapes.Triangle draw
FINER: Drawing triangle on canvas
сент. 29, 2025 12:07:53 AM app.model.shapes.Triangle draw
FINER: Drawing triangle on canvas
сент. 29, 2025 12:07:53 AM app.model.shapes.Triangle draw
FINER: Drawing triangle on canvas
сент. 29, 2025 12:07:53 AM app.model.shapes.Triangle draw
FINER: Drawing triangle on canvas
сент. 29, 2025 12:07:53 AM app.model.shapes.Triangle draw
FINER: Drawing triangle on canvas
сент. 29, 2025 12:07:53 AM app.model.shapes.Triangle draw
FINER: Drawing triangle on canvas
сент. 29, 2025 12:07:53 AM app.model.shapes.Triangle draw
FINER: Drawing triangle on canvas
сент. 29, 2025 12:07:53 AM app.model.shapes.Triangle draw
FINER: Drawing triangle on canvas
сент. 29, 2025 12:07:53 AM app.model.shapes.Triangle draw
FINER: Drawing triangle on canvas
сент. 29, 2025 12:07:53 AM app.model.shapes.Triangle draw
FINER: Drawing triangle on canvas
сент. 29, 2025 12:07:53 AM app.model.shapes.Triangle draw
FINER: Drawing triangle on canvas
сент. 29, 2025 12:07:53 AM app.model.shapes.Triangle draw
FINER: Drawing triangle on canvas
сент. 29, 2025 12:07:53 AM app.model.shapes.Triangle draw
FINER: Drawing triangle on canvas
сент. 29, 2025 12:07:53 AM app.model.shapes.Triangle draw
FINER: Drawing triangle on canvas
сент. 29, 2025 12:07:53 AM app.model.shapes.Triangle draw
FINER: Drawing triangle on canvas
сент. 29, 2025 12:07:53 AM app.model.shapes.Triangle draw
FINER: Drawing triangle on canvas
сент. 29, 2025 12:07:57 AM app.model.shapes.Triangle setSize
FINE: Setting triangle size to: 100.0
сент. 29, 2025 12:07:57 AM app.model.shapes.Triangle draw
FINER: Drawing triangle on canvas
сент. 29, 2025 12:07:57 AM app.model.shapes.Triangle setSize
FINE: Setting triangle size to: 100.0
сент. 29, 2025 12:07:57 AM app.model.shapes.Triangle draw
FINER: Drawing triangle on canvas
сент. 29, 2025 12:07:57 AM app.model.shapes.Triangle setSize
FINE: Setting triangle size to: 100.0
сент. 29, 2025 12:07:57 AM app.model.shapes.Triangle draw
FINER: Drawing triangle on canvas
сент. 29, 2025 12:07:57 AM app.model.shapes.Triangle setSize
FINE: Setting triangle size to: 100.0
сент. 29, 2025 12:07:57 AM app.model.shapes.Triangle draw
FINER: Drawing triangle on canvas
сент. 29, 2025 12:07:57 AM app.model.shapes.Triangle setSize
FINE: Setting triangle size to: 100.0
сент. 29, 2025 12:07:57 AM app.model.shapes.Triangle draw
FINER: Drawing triangle on canvas
сент. 29, 2025 12:07:57 AM app.model.shapes.Triangle setSize
FINE: Setting triangle size to: 100.0
сент. 29, 2025 12:07:57 AM app.model.shapes.Triangle draw
FINER: Drawing triangle on canvas
сент. 29, 2025 12:07:57 AM app.model.shapes.Triangle setSize
FINE: Setting triangle size to: 100.0
сент. 29, 2025 12:07:57 AM app.model.shapes.Triangle draw
FINER: Drawing triangle on canvas
сент. 29, 2025 12:07:57 AM app.model.shapes.Triangle setSize
FINE: Setting triangle size to: 100.0
сент. 29, 2025 12:07:57 AM app.model.shapes.Triangle draw
FINER: Drawing triangle on canvas
сент. 29, 2025 12:07:57 AM app.model.shapes.Triangle setSize
FINE: Setting triangle size to: 100.0
сент. 29, 2025 12:07:57 AM app.model.shapes.Triangle draw
FINER: Drawing triangle on canvas
сент. 29, 2025 12:07:57 AM app.model.shapes.Triangle setSize
FINE: Setting triangle size to: 100.0
сент. 29, 2025 12:07:57 AM app.model.shapes.Triangle draw
FINER: Drawing triangle on canvas
сент. 29, 2025 12:07:57 AM app.model.shapes.Triangle setSize
FINE: Setting triangle size to: 100.0
сент. 29, 2025 12:07:57 AM app.model.shapes.Triangle draw
FINER: Drawing triangle on canvas
сент. 29, 2025 12:07:57 AM app.model.shapes.Triangle setSize
FINE: Setting triangle size to: 100.0
сент. 29, 2025 12:07:57 AM app.model.shapes.Triangle draw
FINER: Drawing triangle on canvas
сент. 29, 2025 12:07:57 AM app.model.shapes.Triangle setSize
FINE: Setting triangle size to: 100.0
сент. 29, 2025 12:07:57 AM app.model.shapes.Triangle draw
FINER: Drawing triangle on canvas
сент. 29, 2025 12:07:57 AM app.model.shapes.Triangle setSize
FINE: Setting triangle size to: 100.0
сент. 29, 2025 12:07:57 AM app.model.shapes.Triangle draw
FINER: Drawing triangle on canvas
сент. 29, 2025 12:07:57 AM app.model.shapes.Triangle setSize
FINE: Setting triangle size to: 100.0
сент. 29, 2025 12:07:58 AM app.model.shapes.Triangle draw
FINER: Drawing triangle on canvas
сент. 29, 2025 12:07:58 AM app.model.shapes.Triangle setSize
FINE: Setting triangle size to: 100.0
сент. 29, 2025 12:07:58 AM app.model.shapes.Triangle draw
FINER: Drawing triangle on canvas
сент. 29, 2025 12:07:58 AM app.model.shapes.Triangle setSize
FINE: Setting triangle size to: 100.0
сент. 29, 2025 12:07:58 AM app.model.shapes.Triangle draw
FINER: Drawing triangle on canvas
сент. 29, 2025 12:07:58 AM app.model.shapes.Triangle setSize
FINE: Setting triangle size to: 100.0
сент. 29, 2025 12:07:58 AM app.model.shapes.Triangle draw
FINER: Drawing triangle on canvas
сент. 29, 2025 12:07:58 AM app.model.shapes.Triangle setSize
FINE: Setting triangle size to: 100.0
сент. 29, 2025 12:07:58 AM app.model.shapes.Triangle draw
FINER: Drawing triangle on canvas
сент. 29, 2025 12:07:58 AM app.model.shapes.Triangle setSize
FINE: Setting triangle size to: 100.0
сент. 29, 2025 12:07:58 AM app.model.shapes.Triangle draw
FINER: Drawing triangle on canvas
сент. 29, 2025 12:07:58 AM app.model.shapes.Triangle setSize
FINE: Setting triangle size to: 100.0
сент. 29, 2025 12:07:58 AM app.model.shapes.Triangle draw
FINER: Drawing triangle on canvas
сент. 29, 2025 12:07:58 AM app.model.shapes.Triangle setSize
FINE: Setting triangle size to: 100.0
сент. 29, 2025 12:07:58 AM app.model.shapes.Triangle draw
FINER: Drawing triangle on canvas
сент. 29, 2025 12:07:58 AM app.model.shapes.Triangle setSize
FINE: Setting triangle size to: 100.0
сент. 29, 2025 12:07:58 AM app.model.shapes.Triangle draw
FINER: Drawing triangle on canvas
сент. 29, 2025 12:07:58 AM app.model.shapes.Triangle setSize
FINE: Setting triangle size to: 100.0
сент. 29, 2025 12:07:58 AM app.model.shapes.Triangle draw
FINER: Drawing triangle on canvas
сент. 29, 2025 12:07:58 AM app.model.shapes.Triangle setSize
FINE: Setting triangle size to: 100.0
сент. 29, 2025 12:07:58 AM app.model.shapes.Triangle draw
FINER: Drawing triangle on canvas
сент. 29, 2025 12:07:58 AM app.model.shapes.Triangle setSize
FINE: Setting triangle size to: 100.0
сент. 29, 2025 12:07:58 AM app.model.shapes.Triangle draw
FINER: Drawing triangle on canvas
сент. 29, 2025 12:07:58 AM app.model.shapes.Triangle setSize
FINE: Setting triangle size to: 100.0
сент. 29, 2025 12:07:58 AM app.model.shapes.Triangle draw
FINER: Drawing triangle on canvas
сент. 29, 2025 12:07:58 AM app.model.shapes.Triangle setSize
FINE: Setting triangle size to: 100.0
сент. 29, 2025 12:07:58 AM app.model.shapes.Triangle draw
FINER: Drawing triangle on canvas
сент. 29, 2025 12:07:58 AM app.model.shapes.Triangle setSize
FINE: Setting triangle size to: 100.0
сент. 29, 2025 12:07:58 AM app.model.shapes.Triangle draw
FINER: Drawing triangle on canvas
сент. 29, 2025 12:07:58 AM app.model.shapes.Triangle setSize
FINE: Setting triangle size to: 100.0
сент. 29, 2025 12:07:58 AM app.model.shapes.Triangle draw
FINER: Drawing triangle on canvas
сент. 29, 2025 12:07:58 AM app.model.shapes.Triangle setSize
FINE: Setting triangle size to: 100.0
сент. 29, 2025 12:07:58 AM app.model.shapes.Triangle draw
FINER: Drawing triangle on canvas
сент. 29, 2025 12:07:58 AM app.model.shapes.Triangle setSize
FINE: Setting triangle size to: 100.0
сент. 29, 2025 12:07:58 AM app.model.shapes.Triangle draw
FINER: Drawing triangle on canvas
сент. 29, 2025 12:07:58 AM app.model.shapes.Triangle setSize
FINE: Setting triangle size to: 100.0
сент. 29, 2025 12:07:58 AM app.model.shapes.Triangle draw
FINER: Drawing triangle on canvas
сент. 29, 2025 12:07:58 AM app.model.shapes.Triangle setSize
FINE: Setting triangle size to: 100.0
сент. 29, 2025 12:07:58 AM app.model.shapes.Triangle draw
FINER: Drawing triangle on canvas
сент. 29, 2025 12:07:58 AM app.model.shapes.Triangle setSize
FINE: Setting triangle size to: 100.0
сент. 29, 2025 12:07:58 AM app.model.shapes.Triangle draw
FINER: Drawing triangle on canvas
сент. 29, 2025 12:07:58 AM app.model.shapes.Triangle setSize
FINE: Setting triangle size to: 100.0
сент. 29, 2025 12:07:58 AM app.model.shapes.Triangle draw
FINER: Drawing triangle on canvas
сент. 29, 2025 12:07:58 AM app.model.shapes.Triangle setSize
FINE: Setting triangle size to: 100.0
сент. 29, 2025 12:07:58 AM app.model.shapes.Triangle draw
FINER: Drawing triangle on canvas
сент. 29, 2025 12:07:58 AM app.model.shapes.Triangle setSize
FINE: Setting triangle size to: 100.0
сент. 29, 2025 12:07:58 AM app.model.shapes.Triangle draw
FINER: Drawing triangle on canvas
сент. 29, 2025 12:07:58 AM app.model.shapes.Triangle setSize
FINE: Setting triangle size to: 100.0
сент. 29, 2025 12:07:58 AM app.model.shapes.Triangle draw
FINER: Drawing triangle on canvas
сент. 29, 2025 12:07:58 AM app.model.shapes.Triangle setSize
FINE: Setting triangle size to: 100.0
сент. 29, 2025 12:07:58 AM app.model.shapes.Triangle draw
FINER: Drawing triangle on canvas
сент. 29, 2025 12:07:58 AM app.model.shapes.Triangle setSize
FINE: Setting triangle size to: 100.0
сент. 29, 2025 12:07:58 AM app.model.shapes.Triangle draw
FINER: Drawing triangle on canvas
сент. 29, 2025 12:07:58 AM app.model.shapes.Triangle setSize
FINE: Setting triangle size to: 100.0
сент. 29, 2025 12:07:58 AM app.model.shapes.Triangle draw
FINER: Drawing triangle on canvas
сент. 29, 2025 12:07:58 AM app.model.shapes.Triangle setSize
FINE: Setting triangle size to: 100.0
сент. 29, 2025 12:07:58 AM app.model.shapes.Triangle draw
FINER: Drawing triangle on canvas
сент. 29, 2025 12:07:58 AM app.model.shapes.Triangle setSize
FINE: Setting triangle size to: 100.0
сент. 29, 2025 12:07:58 AM app.model.shapes.Triangle draw
FINER: Drawing triangle on canvas
сент. 29, 2025 12:07:58 AM app.model.shapes.Triangle setSize
FINE: Setting triangle size to: 100.0
сент. 29, 2025 12:07:58 AM app.model.shapes.Triangle draw
FINER: Drawing triangle on canvas
сент. 29, 2025 12:07:58 AM app.model.shapes.Triangle setSize
FINE: Setting triangle size to: 100.0
сент. 29, 2025 12:07:58 AM app.model.shapes.Triangle draw
FINER: Drawing triangle on canvas
сент. 29, 2025 12:07:58 AM app.model.shapes.Triangle setSize
FINE: Setting triangle size to: 100.0
сент. 29, 2025 12:07:58 AM app.model.shapes.Triangle draw
FINER: Drawing triangle on canvas
сент. 29, 2025 12:07:58 AM app.model.shapes.Triangle setSize
FINE: Setting triangle size to: 100.0
сент. 29, 2025 12:07:58 AM app.model.shapes.Triangle draw
FINER: Drawing triangle on canvas
сент. 29, 2025 12:07:58 AM app.model.shapes.Triangle setSize
FINE: Setting triangle size to: 100.0
сент. 29, 2025 12:07:58 AM app.model.shapes.Triangle draw
FINER: Drawing triangle on canvas
сент. 29, 2025 12:07:58 AM app.model.shapes.Triangle setSize
FINE: Setting triangle size to: 100.0
сент. 29, 2025 12:07:58 AM app.model.shapes.Triangle draw
FINER: Drawing triangle on canvas
сент. 29, 2025 12:07:58 AM app.model.shapes.Triangle setSize
FINE: Setting triangle size to: 100.0
сент. 29, 2025 12:07:58 AM app.model.shapes.Triangle draw
FINER: Drawing triangle on canvas
сент. 29, 2025 12:07:58 AM app.model.shapes.Triangle setSize
FINE: Setting triangle size to: 100.0
сент. 29, 2025 12:07:58 AM app.model.shapes.Triangle draw
FINER: Drawing triangle on canvas
сент. 29, 2025 12:07:58 AM app.model.shapes.Triangle setSize
FINE: Setting triangle size to: 100.0
сент. 29, 2025 12:07:58 AM app.model.shapes.Triangle draw
FINER: Drawing triangle on canvas
сент. 29, 2025 12:07:58 AM app.model.shapes.Triangle setSize
FINE: Setting triangle size to: 100.0
сент. 29, 2025 12:07:58 AM app.model.shapes.Triangle draw
FINER: Drawing triangle on canvas
сент. 29, 2025 12:07:58 AM app.model.shapes.Triangle setSize
FINE: Setting triangle size to: 100.0
сент. 29, 2025 12:07:58 AM app.model.shapes.Triangle draw
FINER: Drawing triangle on canvas
сент. 29, 2025 12:07:58 AM app.model.shapes.Triangle setSize
FINE: Setting triangle size to: 100.0
сент. 29, 2025 12:07:58 AM app.model.shapes.Triangle draw
FINER: Drawing triangle on canvas
сент. 29, 2025 12:07:58 AM app.model.shapes.Triangle setSize
FINE: Setting triangle size to: 100.0
сент. 29, 2025 12:07:58 AM app.model.shapes.Triangle draw
FINER: Drawing triangle on canvas
сент. 29, 2025 12:07:58 AM app.model.shapes.Triangle setSize
FINE: Setting triangle size to: 100.0
сент. 29, 2025 12:07:58 AM app.model.shapes.Triangle draw
FINER: Drawing triangle on canvas
сент. 29, 2025 12:07:58 AM app.model.shapes.Triangle setSize
FINE: Setting triangle size to: 100.0
сент. 29, 2025 12:07:58 AM app.model.shapes.Triangle draw
FINER: Drawing triangle on canvas
сент. 29, 2025 12:07:58 AM app.model.shapes.Triangle setSize
FINE: Setting triangle size to: 100.0
сент. 29, 2025 12:07:58 AM app.model.shapes.Triangle draw
FINER: Drawing triangle on canvas
сент. 29, 2025 12:07:58 AM app.model.shapes.Triangle setSize
FINE: Setting triangle size to: 100.0
сент. 29, 2025 12:07:58 AM app.model.shapes.Triangle draw
FINER: Drawing triangle on canvas
сент. 29, 2025 12:07:58 AM app.model.shapes.Triangle setSize
FINE: Setting triangle size to: 100.0
сент. 29, 2025 12:07:58 AM app.model.shapes.Triangle draw
FINER: Drawing triangle on canvas
сент. 29, 2025 12:07:58 AM app.model.shapes.Triangle setSize
FINE: Setting triangle size to: 100.0
сент. 29, 2025 12:07:58 AM app.model.shapes.Triangle draw
FINER: Drawing triangle on canvas
сент. 29, 2025 12:07:58 AM app.model.shapes.Triangle setSize
FINE: Setting triangle size to: 100.0
сент. 29, 2025 12:07:58 AM app.model.shapes.Triangle draw
FINER: Drawing triangle on canvas
сент. 29, 2025 12:07:58 AM app.model.shapes.Triangle setSize
FINE: Setting triangle size to: 100.0
сент. 29, 2025 12:07:58 AM app.model.shapes.Triangle draw
FINER: Drawing triangle on canvas
сент. 29, 2025 12:07:58 AM app.model.shapes.Triangle setSize
FINE: Setting triangle size to: 100.0
сент. 29, 2025 12:07:58 AM app.model.shapes.Triangle draw
FINER: Drawing triangle on canvas
сент. 29, 2025 12:07:58 AM app.model.shapes.Triangle setSize
FINE: Setting triangle size to: 100.0
сент. 29, 2025 12:07:58 AM app.model.shapes.Triangle draw
FINER: Drawing triangle on canvas
сент. 29, 2025 12:07:58 AM app.model.shapes.Triangle setSize
FINE: Setting triangle size to: 100.0
сент. 29, 2025 12:07:58 AM app.model.shapes.Triangle draw
FINER: Drawing triangle on canvas
сент. 29, 2025 12:07:58 AM app.model.shapes.Triangle setSize
FINE: Setting triangle size to: 100.0
сент. 29, 2025 12:07:58 AM app.model.shapes.Triangle draw
FINER: Drawing triangle on canvas
сент. 29, 2025 12:07:58 AM app.model.shapes.Triangle setSize
FINE: Setting triangle size to: 100.0
сент. 29, 2025 12:07:58 AM app.model.shapes.Triangle draw
FINER: Drawing triangle on canvas
сент. 29, 2025 12:07:58 AM app.model.shapes.Triangle setSize
FINE: Setting triangle size to: 100.0
сент. 29, 2025 12:07:58 AM app.model.shapes.Triangle draw
FINER: Drawing triangle on canvas
сент. 29, 2025 12:07:58 AM app.model.shapes.Triangle setSize
FINE: Setting triangle size to: 100.0
сент. 29, 2025 12:07:58 AM app.model.shapes.Triangle draw
FINER: Drawing triangle on canvas
сент. 29, 2025 12:07:58 AM app.model.shapes.Triangle setSize
FINE: Setting triangle size to: 100.0
сент. 29, 2025 12:07:58 AM app.model.shapes.Triangle draw
FINER: Drawing triangle on canvas
сент. 29, 2025 12:08:12 AM app.model.shapes.Triangle draw
FINER: Drawing triangle on canvas
сент. 29, 2025 12:08:12 AM app.model.shapes.Triangle draw
FINER: Drawing triangle on canvas
сент. 29, 2025 12:08:12 AM app.model.shapes.Triangle draw
FINER: Drawing triangle on canvas
сент. 29, 2025 12:08:12 AM app.model.shapes.Triangle draw
FINER: Drawing triangle on canvas
сент. 29, 2025 12:08:12 AM app.model.shapes.Triangle draw
FINER: Drawing triangle on canvas
сент. 29, 2025 12:08:12 AM app.model.shapes.Triangle draw
FINER: Drawing triangle on canvas
сент. 29, 2025 12:08:12 AM app.model.shapes.Triangle draw
FINER: Drawing triangle on canvas
сент. 29, 2025 12:08:12 AM app.model.shapes.Triangle draw
FINER: Drawing triangle on canvas
сент. 29, 2025 12:08:12 AM app.model.shapes.Triangle draw
FINER: Drawing triangle on canvas
сент. 29, 2025 12:08:12 AM app.model.shapes.Triangle draw
FINER: Drawing triangle on canvas
сент. 29, 2025 12:08:12 AM app.model.shapes.Triangle draw
FINER: Drawing triangle on canvas
сент. 29, 2025 12:08:12 AM app.model.shapes.Triangle draw
FINER: Drawing triangle on canvas
сент. 29, 2025 12:08:12 AM app.model.shapes.Triangle draw
FINER: Drawing triangle on canvas
сент. 29, 2025 12:08:12 AM app.model.shapes.Triangle draw
FINER: Drawing triangle on canvas
сент. 29, 2025 12:08:12 AM app.model.shapes.Triangle draw
FINER: Drawing triangle on canvas
сент. 29, 2025 12:08:12 AM app.model.shapes.Triangle draw
FINER: Drawing triangle on canvas
сент. 29, 2025 12:08:12 AM app.model.shapes.Triangle draw
FINER: Drawing triangle on canvas
сент. 29, 2025 12:08:12 AM app.model.shapes.Triangle draw
FINER: Drawing triangle on canvas
сент. 29, 2025 12:08:12 AM app.model.shapes.Triangle draw
FINER: Drawing triangle on canvas
сент. 29, 2025 12:08:12 AM app.model.shapes.Triangle draw
FINER: Drawing triangle on canvas
сент. 29, 2025 12:08:12 AM app.model.shapes.Triangle draw
FINER: Drawing triangle on canvas
сент. 29, 2025 12:08:12 AM app.model.shapes.Triangle draw
FINER: Drawing triangle on canvas
сент. 29, 2025 12:08:12 AM app.model.shapes.Triangle draw
FINER: Drawing triangle on canvas
сент. 29, 2025 12:08:12 AM app.model.shapes.Triangle draw
FINER: Drawing triangle on canvas
сент. 29, 2025 12:08:12 AM app.model.shapes.Triangle draw
FINER: Drawing triangle on canvas
сент. 29, 2025 12:08:12 AM app.model.shapes.Triangle draw
FINER: Drawing triangle on canvas
сент. 29, 2025 12:08:12 AM app.model.shapes.Triangle draw
FINER: Drawing triangle on canvas
сент. 29, 2025 12:08:12 AM app.model.shapes.Triangle draw
FINER: Drawing triangle on canvas
сент. 29, 2025 12:08:12 AM app.model.shapes.Triangle draw
FINER: Drawing triangle on canvas
сент. 29, 2025 12:08:12 AM app.model.shapes.Triangle draw
FINER: Drawing triangle on canvas
сент. 29, 2025 12:08:12 AM app.model.shapes.Triangle draw
FINER: Drawing triangle on canvas
сент. 29, 2025 12:08:12 AM app.model.shapes.Triangle draw
FINER: Drawing triangle on canvas
сент. 29, 2025 12:08:12 AM app.model.shapes.Triangle draw
FINER: Drawing triangle on canvas
сент. 29, 2025 12:08:12 AM app.model.shapes.Triangle draw
FINER: Drawing triangle on canvas
сент. 29, 2025 12:08:12 AM app.model.shapes.Triangle draw
FINER: Drawing triangle on canvas
сент. 29, 2025 12:08:12 AM app.model.shapes.Triangle draw
FINER: Drawing triangle on canvas
сент. 29, 2025 12:08:12 AM app.model.shapes.Triangle draw
FINER: Drawing triangle on canvas
сент. 29, 2025 12:08:12 AM app.model.shapes.Triangle draw
FINER: Drawing triangle on canvas
сент. 29, 2025 12:08:12 AM app.model.shapes.Triangle draw
FINER: Drawing triangle on canvas
сент. 29, 2025 12:08:12 AM app.model.shapes.Triangle draw
FINER: Drawing triangle on canvas
сент. 29, 2025 12:08:12 AM app.model.shapes.Triangle draw
FINER: Drawing triangle on canvas
сент. 29, 2025 12:08:12 AM app.model.shapes.Triangle draw
FINER: Drawing triangle on canvas
сент. 29, 2025 12:08:12 AM app.model.shapes.Triangle draw
FINER: Drawing triangle on canvas
сент. 29, 2025 12:08:12 AM app.model.shapes.Triangle draw
FINER: Drawing triangle on canvas
сент. 29, 2025 12:08:12 AM app.model.shapes.Triangle draw
FINER: Drawing triangle on canvas
сент. 29, 2025 12:08:12 AM app.model.shapes.Triangle draw
FINER: Drawing triangle on canvas
сент. 29, 2025 12:08:12 AM app.model.shapes.Triangle draw
FINER: Drawing triangle on canvas
сент. 29, 2025 12:08:12 AM app.model.shapes.Triangle draw
FINER: Drawing triangle on canvas
сент. 29, 2025 12:08:12 AM app.model.shapes.Triangle draw
FINER: Drawing triangle on canvas
сент. 29, 2025 12:08:12 AM app.model.shapes.Triangle draw
FINER: Drawing triangle on canvas
сент. 29, 2025 12:08:12 AM app.model.shapes.Triangle draw
FINER: Drawing triangle on canvas
сент. 29, 2025 12:08:12 AM app.model.shapes.Triangle draw
FINER: Drawing triangle on canvas
сент. 29, 2025 12:08:12 AM app.model.shapes.Triangle draw
FINER: Drawing triangle on canvas
сент. 29, 2025 12:08:12 AM app.model.shapes.Triangle draw
FINER: Drawing triangle on canvas
сент. 29, 2025 12:08:12 AM app.model.shapes.Triangle draw
FINER: Drawing triangle on canvas
сент. 29, 2025 12:08:12 AM app.model.shapes.Triangle draw
FINER: Drawing triangle on canvas
сент. 29, 2025 12:08:12 AM app.model.shapes.Triangle draw
FINER: Drawing triangle on canvas
сент. 29, 2025 12:08:12 AM app.model.shapes.Triangle draw
FINER: Drawing triangle on canvas
сент. 29, 2025 12:08:12 AM app.model.shapes.Triangle draw
FINER: Drawing triangle on canvas
сент. 29, 2025 12:08:12 AM app.model.shapes.Triangle draw
FINER: Drawing triangle on canvas
сент. 29, 2025 12:08:12 AM app.model.shapes.Triangle draw
FINER: Drawing triangle on canvas
сент. 29, 2025 12:08:12 AM app.model.shapes.Triangle draw
FINER: Drawing triangle on canvas
сент. 29, 2025 12:08:12 AM app.model.shapes.Triangle draw
FINER: Drawing triangle on canvas
сент. 29, 2025 12:08:12 AM app.model.shapes.Triangle draw
FINER: Drawing triangle on canvas
сент. 29, 2025 12:08:12 AM app.model.shapes.Triangle draw
FINER: Drawing triangle on canvas
сент. 29, 2025 12:08:12 AM app.model.shapes.Triangle draw
FINER: Drawing triangle on canvas
сент. 29, 2025 12:08:12 AM app.model.shapes.Triangle draw
FINER: Drawing triangle on canvas
сент. 29, 2025 12:08:12 AM app.model.shapes.Triangle draw
FINER: Drawing triangle on canvas
сент. 29, 2025 12:08:12 AM app.model.shapes.Triangle draw
FINER: Drawing triangle on canvas
сент. 29, 2025 12:08:12 AM app.model.shapes.Triangle draw
FINER: Drawing triangle on canvas
сент. 29, 2025 12:08:12 AM app.model.shapes.Triangle draw
FINER: Drawing triangle on canvas
сент. 29, 2025 12:08:12 AM app.model.shapes.Triangle draw
FINER: Drawing triangle on canvas
сент. 29, 2025 12:08:12 AM app.model.shapes.Triangle draw
FINER: Drawing triangle on canvas
сент. 29, 2025 12:08:12 AM app.model.shapes.Triangle draw
FINER: Drawing triangle on canvas
сент. 29, 2025 12:08:12 AM app.model.shapes.Triangle draw
FINER: Drawing triangle on canvas
сент. 29, 2025 12:08:12 AM app.model.shapes.Triangle draw
FINER: Drawing triangle on canvas
сент. 29, 2025 12:08:12 AM app.model.shapes.Triangle draw
FINER: Drawing triangle on canvas
сент. 29, 2025 12:08:12 AM app.model.shapes.Triangle draw
FINER: Drawing triangle on canvas
сент. 29, 2025 12:08:12 AM app.model.shapes.Triangle draw
FINER: Drawing triangle on canvas
сент. 29, 2025 12:08:12 AM app.model.shapes.Triangle draw
FINER: Drawing triangle on canvas
сент. 29, 2025 12:08:12 AM app.model.shapes.Triangle draw
FINER: Drawing triangle on canvas
сент. 29, 2025 12:08:12 AM app.model.shapes.Triangle draw
FINER: Drawing triangle on canvas
сент. 29, 2025 12:08:12 AM app.model.shapes.Triangle draw
FINER: Drawing triangle on canvas
сент. 29, 2025 12:08:12 AM app.model.shapes.Triangle draw
FINER: Drawing triangle on canvas
сент. 29, 2025 12:08:12 AM app.model.shapes.Triangle draw
FINER: Drawing triangle on canvas
сент. 29, 2025 12:08:12 AM app.model.shapes.Triangle draw
FINER: Drawing triangle on canvas
сент. 29, 2025 12:08:12 AM app.model.shapes.Triangle draw
FINER: Drawing triangle on canvas
сент. 29, 2025 12:08:12 AM app.model.shapes.Triangle draw
FINER: Drawing triangle on canvas
сент. 29, 2025 12:08:12 AM app.model.shapes.Triangle draw
FINER: Drawing triangle on canvas
сент. 29, 2025 12:08:12 AM app.model.shapes.Triangle draw
FINER: Drawing triangle on canvas
сент. 29, 2025 12:08:12 AM app.model.shapes.Triangle draw
FINER: Drawing triangle on canvas
сент. 29, 2025 12:08:12 AM app.model.shapes.Triangle draw
FINER: Drawing triangle on canvas
сент. 29, 2025 12:08:12 AM app.model.shapes.Triangle draw
FINER: Drawing triangle on canvas
сент. 29, 2025 12:08:12 AM app.model.shapes.Triangle draw
FINER: Drawing triangle on canvas
сент. 29, 2025 12:08:12 AM app.model.shapes.Triangle draw
FINER: Drawing triangle on canvas
сент. 29, 2025 12:08:12 AM app.model.shapes.Triangle draw
FINER: Drawing triangle on canvas
сент. 29, 2025 12:08:12 AM app.model.shapes.Triangle draw
FINER: Drawing triangle on canvas
сент. 29, 2025 12:08:12 AM app.model.shapes.Triangle draw
FINER: Drawing triangle on canvas
сент. 29, 2025 12:08:12 AM app.model.shapes.Triangle draw
FINER: Drawing triangle on canvas
сент. 29, 2025 12:08:12 AM app.model.shapes.Triangle draw
FINER: Drawing triangle on canvas
сент. 29, 2025 12:08:12 AM app.model.shapes.Triangle draw
FINER: Drawing triangle on canvas
сент. 29, 2025 12:08:12 AM app.model.shapes.Triangle draw
FINER: Drawing triangle on canvas
сент. 29, 2025 12:08:13 AM app.model.shapes.Triangle draw
FINER: Drawing triangle on canvas
сент. 29, 2025 12:08:13 AM app.model.shapes.Triangle draw
FINER: Drawing triangle on canvas
сент. 29, 2025 12:08:13 AM app.model.shapes.Triangle draw
FINER: Drawing triangle on canvas
сент. 29, 2025 12:08:13 AM app.model.shapes.Triangle draw
FINER: Drawing triangle on canvas
сент. 29, 2025 12:08:13 AM app.model.shapes.Triangle draw
FINER: Drawing triangle on canvas
сент. 29, 2025 12:08:13 AM app.model.shapes.Triangle draw
FINER: Drawing triangle on canvas
сент. 29, 2025 12:08:13 AM app.model.shapes.Triangle draw
FINER: Drawing triangle on canvas
сент. 29, 2025 12:08:13 AM app.model.shapes.Triangle draw
FINER: Drawing triangle on canvas
сент. 29, 2025 12:08:13 AM app.model.shapes.Triangle draw
FINER: Drawing triangle on canvas
сент. 29, 2025 12:08:13 AM app.model.shapes.Triangle draw
FINER: Drawing triangle on canvas
сент. 29, 2025 12:08:13 AM app.model.shapes.Triangle draw
FINER: Drawing triangle on canvas
сент. 29, 2025 12:08:13 AM app.model.shapes.Triangle draw
FINER: Drawing triangle on canvas
сент. 29, 2025 12:08:13 AM app.model.shapes.Triangle draw
FINER: Drawing triangle on canvas
сент. 29, 2025 12:08:13 AM app.model.shapes.Triangle draw
FINER: Drawing triangle on canvas
сент. 29, 2025 12:08:13 AM app.model.shapes.Triangle draw
FINER: Drawing triangle on canvas
сент. 29, 2025 12:08:13 AM app.model.shapes.Triangle draw
FINER: Drawing triangle on canvas
сент. 29, 2025 12:08:13 AM app.model.shapes.Triangle draw
FINER: Drawing triangle on canvas
сент. 29, 2025 12:08:13 AM app.model.shapes.Triangle draw
FINER: Drawing triangle on canvas
сент. 29, 2025 12:08:13 AM app.model.shapes.Triangle draw
FINER: Drawing triangle on canvas
сент. 29, 2025 12:08:13 AM app.model.shapes.Triangle draw
FINER: Drawing triangle on canvas
сент. 29, 2025 12:08:13 AM app.model.shapes.Triangle draw
FINER: Drawing triangle on canvas
сент. 29, 2025 12:08:13 AM app.model.shapes.Triangle draw
FINER: Drawing triangle on canvas
сент. 29, 2025 12:08:13 AM app.model.shapes.Triangle draw
FINER: Drawing triangle on canvas
сент. 29, 2025 12:08:13 AM app.model.shapes.Triangle draw
FINER: Drawing triangle on canvas
сент. 29, 2025 12:08:13 AM app.model.shapes.Triangle draw
FINER: Drawing triangle on canvas
сент. 29, 2025 12:08:13 AM app.model.shapes.Triangle draw
FINER: Drawing triangle on canvas
сент. 29, 2025 12:08:13 AM app.model.shapes.Triangle draw
FINER: Drawing triangle on canvas
сент. 29, 2025 12:08:13 AM app.model.shapes.Triangle draw
FINER: Drawing triangle on canvas
сент. 29, 2025 12:08:13 AM app.model.shapes.Triangle draw
FINER: Drawing triangle on canvas
сент. 29, 2025 12:08:13 AM app.model.shapes.Triangle draw
FINER: Drawing triangle on canvas
сент. 29, 2025 12:08:13 AM app.model.shapes.Triangle draw
FINER: Drawing triangle on canvas
сент. 29, 2025 12:08:13 AM app.model.shapes.Triangle draw
FINER: Drawing triangle on canvas
сент. 29, 2025 12:08:13 AM app.model.shapes.Triangle draw
FINER: Drawing triangle on canvas
сент. 29, 2025 12:08:13 AM app.model.shapes.Triangle draw
FINER: Drawing triangle on canvas
сент. 29, 2025 12:08:13 AM app.model.shapes.Triangle draw
FINER: Drawing triangle on canvas
сент. 29, 2025 12:08:13 AM app.model.shapes.Triangle draw
FINER: Drawing triangle on canvas
сент. 29, 2025 12:08:13 AM app.model.shapes.Triangle draw
FINER: Drawing triangle on canvas
сент. 29, 2025 12:08:13 AM app.model.shapes.Triangle draw
FINER: Drawing triangle on canvas
сент. 29, 2025 12:08:13 AM app.model.shapes.Triangle draw
FINER: Drawing triangle on canvas
сент. 29, 2025 12:08:13 AM app.model.shapes.Triangle draw
FINER: Drawing triangle on canvas
сент. 29, 2025 12:08:13 AM app.model.shapes.Triangle draw
FINER: Drawing triangle on canvas
сент. 29, 2025 12:08:13 AM app.model.shapes.Triangle draw
FINER: Drawing triangle on canvas
сент. 29, 2025 12:08:13 AM app.model.shapes.Triangle draw
FINER: Drawing triangle on canvas
сент. 29, 2025 12:08:13 AM app.model.shapes.Triangle draw
FINER: Drawing triangle on canvas
сент. 29, 2025 12:08:13 AM app.model.shapes.Triangle draw
FINER: Drawing triangle on canvas
сент. 29, 2025 12:08:13 AM app.model.shapes.Triangle draw
FINER: Drawing triangle on canvas
сент. 29, 2025 12:08:13 AM app.model.shapes.Triangle draw
FINER: Drawing triangle on canvas
сент. 29, 2025 12:08:13 AM app.model.shapes.Triangle draw
FINER: Drawing triangle on canvas
сент. 29, 2025 12:08:13 AM app.model.shapes.Triangle draw
FINER: Drawing triangle on canvas
сент. 29, 2025 12:08:13 AM app.model.shapes.Triangle draw
FINER: Drawing triangle on canvas
сент. 29, 2025 12:08:13 AM app.model.shapes.Triangle draw
FINER: Drawing triangle on canvas
сент. 29, 2025 12:08:13 AM app.model.shapes.Triangle draw
FINER: Drawing triangle on canvas
сент. 29, 2025 12:08:13 AM app.model.shapes.Triangle draw
FINER: Drawing triangle on canvas
сент. 29, 2025 12:08:13 AM app.model.shapes.Triangle draw
FINER: Drawing triangle on canvas
сент. 29, 2025 12:08:13 AM app.model.shapes.Triangle draw
FINER: Drawing triangle on canvas
сент. 29, 2025 12:08:13 AM app.model.shapes.Triangle draw
FINER: Drawing triangle on canvas
сент. 29, 2025 12:08:13 AM app.model.shapes.Triangle draw
FINER: Drawing triangle on canvas
сент. 29, 2025 12:08:13 AM app.model.shapes.Triangle draw
FINER: Drawing triangle on canvas
сент. 29, 2025 12:08:13 AM app.model.shapes.Triangle draw
FINER: Drawing triangle on canvas
сент. 29, 2025 12:08:13 AM app.model.shapes.Triangle draw
FINER: Drawing triangle on canvas
сент. 29, 2025 12:08:13 AM app.model.shapes.Triangle draw
FINER: Drawing triangle on canvas
сент. 29, 2025 12:08:13 AM app.model.shapes.Triangle draw
FINER: Drawing triangle on canvas
сент. 29, 2025 12:08:13 AM app.model.shapes.Triangle draw
FINER: Drawing triangle on canvas
сент. 29, 2025 12:08:13 AM app.model.shapes.Triangle draw
FINER: Drawing triangle on canvas
сент. 29, 2025 12:08:13 AM app.model.shapes.Triangle draw
FINER: Drawing triangle on canvas
сент. 29, 2025 12:08:13 AM app.model.shapes.Triangle draw
FINER: Drawing triangle on canvas
сент. 29, 2025 12:08:13 AM app.model.shapes.Triangle draw
FINER: Drawing triangle on canvas
сент. 29, 2025 12:08:13 AM app.model.shapes.Triangle draw
FINER: Drawing triangle on canvas
сент. 29, 2025 12:08:13 AM app.model.shapes.Triangle draw
FINER: Drawing triangle on canvas
сент. 29, 2025 12:08:13 AM app.model.shapes.Triangle draw
FINER: Drawing triangle on canvas
сент. 29, 2025 12:08:13 AM app.model.shapes.Triangle draw
FINER: Drawing triangle on canvas
сент. 29, 2025 12:08:13 AM app.model.shapes.Triangle draw
FINER: Drawing triangle on canvas
сент. 29, 2025 12:08:13 AM app.model.shapes.Triangle draw
FINER: Drawing triangle on canvas
сент. 29, 2025 12:08:13 AM app.model.shapes.Triangle draw
FINER: Drawing triangle on canvas
сент. 29, 2025 12:08:13 AM app.model.shapes.Triangle draw
FINER: Drawing triangle on canvas
сент. 29, 2025 12:08:13 AM app.model.shapes.Triangle draw
FINER: Drawing triangle on canvas
сент. 29, 2025 12:08:13 AM app.model.shapes.Triangle draw
FINER: Drawing triangle on canvas
сент. 29, 2025 12:08:13 AM app.model.shapes.Triangle draw
FINER: Drawing triangle on canvas
сент. 29, 2025 12:08:13 AM app.model.shapes.Triangle draw
FINER: Drawing triangle on canvas
сент. 29, 2025 12:08:13 AM app.model.shapes.Triangle draw
FINER: Drawing triangle on canvas
сент. 29, 2025 12:08:13 AM app.model.shapes.Triangle draw
FINER: Drawing triangle on canvas
сент. 29, 2025 12:08:13 AM app.model.shapes.Triangle draw
FINER: Drawing triangle on canvas
сент. 29, 2025 12:08:13 AM app.model.shapes.Triangle draw
FINER: Drawing triangle on canvas
сент. 29, 2025 12:08:13 AM app.model.shapes.Triangle draw
FINER: Drawing triangle on canvas
сент. 29, 2025 12:08:13 AM app.model.shapes.Triangle draw
FINER: Drawing triangle on canvas
сент. 29, 2025 12:08:13 AM app.model.shapes.Triangle draw
FINER: Drawing triangle on canvas
сент. 29, 2025 12:08:13 AM app.model.shapes.Triangle draw
FINER: Drawing triangle on canvas
сент. 29, 2025 12:08:13 AM app.model.shapes.Triangle draw
FINER: Drawing triangle on canvas
сент. 29, 2025 12:08:13 AM app.model.shapes.Triangle draw
FINER: Drawing triangle on canvas
сент. 29, 2025 12:08:13 AM app.model.shapes.Triangle draw
FINER: Drawing triangle on canvas
сент. 29, 2025 12:08:13 AM app.model.shapes.Triangle draw
FINER: Drawing triangle on canvas
сент. 29, 2025 12:08:13 AM app.model.shapes.Triangle draw
FINER: Drawing triangle on canvas
сент. 29, 2025 12:08:13 AM app.model.shapes.Triangle draw
FINER: Drawing triangle on canvas
сент. 29, 2025 12:08:13 AM app.model.shapes.Triangle draw
FINER: Drawing triangle on canvas
сент. 29, 2025 12:08:13 AM app.model.shapes.Triangle draw
FINER: Drawing triangle on canvas
сент. 29, 2025 12:08:13 AM app.model.shapes.Triangle draw
FINER: Drawing triangle on canvas
сент. 29, 2025 12:08:13 AM app.model.shapes.Triangle draw
FINER: Drawing triangle on canvas
сент. 29, 2025 12:08:13 AM app.model.shapes.Triangle draw
FINER: Drawing triangle on canvas
сент. 29, 2025 12:08:13 AM app.model.shapes.Triangle draw
FINER: Drawing triangle on canvas
сент. 29, 2025 12:08:13 AM app.model.shapes.Triangle draw
FINER: Drawing triangle on canvas
сент. 29, 2025 12:08:13 AM app.model.shapes.Triangle draw
FINER: Drawing triangle on canvas
сент. 29, 2025 12:08:13 AM app.model.shapes.Triangle draw
FINER: Drawing triangle on canvas
сент. 29, 2025 12:09:00 AM app.model.shapes.Triangle setSize
FINE: Setting triangle size to: 400.0
сент. 29, 2025 12:09:00 AM app.model.shapes.Triangle draw
FINER: Drawing triangle on canvas
сент. 29, 2025 12:09:06 AM app.model.shapes.Triangle draw
FINER: Drawing triangle on canvas
сент. 29, 2025 12:09:06 AM app.model.shapes.Triangle draw
FINER: Drawing triangle on canvas
сент. 29, 2025 12:09:06 AM app.model.shapes.Triangle draw
FINER: Drawing triangle on canvas
сент. 29, 2025 12:09:06 AM app.model.shapes.Triangle draw
FINER: Drawing triangle on canvas
сент. 29, 2025 12:09:06 AM app.model.shapes.Triangle draw
FINER: Drawing triangle on canvas
сент. 29, 2025 12:09:06 AM app.model.shapes.Triangle draw
FINER: Drawing triangle on canvas
сент. 29, 2025 12:09:06 AM app.model.shapes.Triangle draw
FINER: Drawing triangle on canvas
сент. 29, 2025 12:09:06 AM app.model.shapes.Triangle draw
FINER: Drawing triangle on canvas
сент. 29, 2025 12:09:06 AM app.model.shapes.Triangle draw
FINER: Drawing triangle on canvas
сент. 29, 2025 12:09:06 AM app.model.shapes.Triangle draw
FINER: Drawing triangle on canvas
сент. 29, 2025 12:09:06 AM app.model.shapes.Triangle draw
FINER: Drawing triangle on canvas
сент. 29, 2025 12:09:06 AM app.model.shapes.Triangle draw
FINER: Drawing triangle on canvas
сент. 29, 2025 12:09:06 AM app.model.shapes.Triangle draw
FINER: Drawing triangle on canvas
сент. 29, 2025 12:09:06 AM app.model.shapes.Triangle draw
FINER: Drawing triangle on canvas
сент. 29, 2025 12:09:06 AM app.model.shapes.Triangle draw
FINER: Drawing triangle on canvas
сент. 29, 2025 12:09:06 AM app.model.shapes.Triangle draw
FINER: Drawing triangle on canvas
сент. 29, 2025 12:09:06 AM app.model.shapes.Triangle draw
FINER: Drawing triangle on canvas
сент. 29, 2025 12:09:06 AM app.model.shapes.Triangle draw
FINER: Drawing triangle on canvas
сент. 29, 2025 12:09:06 AM app.model.shapes.Triangle draw
FINER: Drawing triangle on canvas
сент. 29, 2025 12:09:06 AM app.model.shapes.Triangle draw
FINER: Drawing triangle on canvas
сент. 29, 2025 12:09:06 AM app.model.shapes.Triangle draw
FINER: Drawing triangle on canvas
сент. 29, 2025 12:09:06 AM app.model.shapes.Triangle draw
FINER: Drawing triangle on canvas
сент. 29, 2025 12:09:06 AM app.model.shapes.Triangle draw
FINER: Drawing triangle on canvas
сент. 29, 2025 12:09:06 AM app.model.shapes.Triangle draw
FINER: Drawing triangle on canvas
сент. 29, 2025 12:09:06 AM app.model.shapes.Triangle draw
FINER: Drawing triangle on canvas
сент. 29, 2025 12:09:06 AM app.model.shapes.Triangle draw
FINER: Drawing triangle on canvas
сент. 29, 2025 12:09:06 AM app.model.shapes.Triangle draw
FINER: Drawing triangle on canvas
сент. 29, 2025 12:09:06 AM app.model.shapes.Triangle draw
FINER: Drawing triangle on canvas
сент. 29, 2025 12:09:06 AM app.model.shapes.Triangle draw
FINER: Drawing triangle on canvas
сент. 29, 2025 12:09:06 AM app.model.shapes.Triangle draw
FINER: Drawing triangle on canvas
сент. 29, 2025 12:09:06 AM app.model.shapes.Triangle draw
FINER: Drawing triangle on canvas
сент. 29, 2025 12:09:06 AM app.model.shapes.Triangle draw
FINER: Drawing triangle on canvas
сент. 29, 2025 12:09:06 AM app.model.shapes.Triangle draw
FINER: Drawing triangle on canvas
сент. 29, 2025 12:09:06 AM app.model.shapes.Triangle draw
FINER: Drawing triangle on canvas
сент. 29, 2025 12:09:06 AM app.model.shapes.Triangle draw
FINER: Drawing triangle on canvas
сент. 29, 2025 12:09:06 AM app.model.shapes.Triangle draw
FINER: Drawing triangle on canvas
сент. 29, 2025 12:09:06 AM app.model.shapes.Triangle draw
FINER: Drawing triangle on canvas
сент. 29, 2025 12:09:06 AM app.model.shapes.Triangle draw
FINER: Drawing triangle on canvas
сент. 29, 2025 12:09:06 AM app.model.shapes.Triangle draw
FINER: Drawing triangle on canvas
сент. 29, 2025 12:09:06 AM app.model.shapes.Triangle draw
FINER: Drawing triangle on canvas
сент. 29, 2025 12:09:06 AM app.model.shapes.Triangle draw
FINER: Drawing triangle on canvas
сент. 29, 2025 12:09:06 AM app.model.shapes.Triangle draw
FINER: Drawing triangle on canvas
сент. 29, 2025 12:09:06 AM app.model.shapes.Triangle draw
FINER: Drawing triangle on canvas
сент. 29, 2025 12:09:06 AM app.model.shapes.Triangle draw
FINER: Drawing triangle on canvas
сент. 29, 2025 12:09:06 AM app.model.shapes.Triangle draw
FINER: Drawing triangle on canvas
сент. 29, 2025 12:09:06 AM app.model.shapes.Triangle draw
FINER: Drawing triangle on canvas
сент. 29, 2025 12:09:06 AM app.model.shapes.Triangle draw
FINER: Drawing triangle on canvas
сент. 29, 2025 12:09:06 AM app.model.shapes.Triangle draw
FINER: Drawing triangle on canvas
сент. 29, 2025 12:09:06 AM app.model.shapes.Triangle draw
FINER: Drawing triangle on canvas
сент. 29, 2025 12:09:06 AM app.model.shapes.Triangle draw
FINER: Drawing triangle on canvas
сент. 29, 2025 12:09:06 AM app.model.shapes.Triangle draw
FINER: Drawing triangle on canvas
сент. 29, 2025 12:09:06 AM app.model.shapes.Triangle draw
FINER: Drawing triangle on canvas
сент. 29, 2025 12:09:06 AM app.model.shapes.Triangle draw
FINER: Drawing triangle on canvas
сент. 29, 2025 12:09:06 AM app.model.shapes.Triangle draw
FINER: Drawing triangle on canvas
сент. 29, 2025 12:09:06 AM app.model.shapes.Triangle draw
FINER: Drawing triangle on canvas
сент. 29, 2025 12:09:06 AM app.model.shapes.Triangle draw
FINER: Drawing triangle on canvas
сент. 29, 2025 12:09:06 AM app.model.shapes.Triangle draw
FINER: Drawing triangle on canvas
сент. 29, 2025 12:09:06 AM app.model.shapes.Triangle draw
FINER: Drawing triangle on canvas
сент. 29, 2025 12:09:06 AM app.model.shapes.Triangle draw
FINER: Drawing triangle on canvas
сент. 29, 2025 12:09:06 AM app.model.shapes.Triangle draw
FINER: Drawing triangle on canvas
сент. 29, 2025 12:09:06 AM app.model.shapes.Triangle draw
FINER: Drawing triangle on canvas
сент. 29, 2025 12:09:06 AM app.model.shapes.Triangle draw
FINER: Drawing triangle on canvas
сент. 29, 2025 12:09:06 AM app.model.shapes.Triangle draw
FINER: Drawing triangle on canvas
сент. 29, 2025 12:09:07 AM app.model.shapes.Triangle draw
FINER: Drawing triangle on canvas
сент. 29, 2025 12:09:07 AM app.model.shapes.Triangle draw
FINER: Drawing triangle on canvas
сент. 29, 2025 12:09:07 AM app.model.shapes.Triangle draw
FINER: Drawing triangle on canvas
сент. 29, 2025 12:09:07 AM app.model.shapes.Triangle draw
FINER: Drawing triangle on canvas
сент. 29, 2025 12:09:07 AM app.model.shapes.Triangle draw
FINER: Drawing triangle on canvas
сент. 29, 2025 12:09:07 AM app.model.shapes.Triangle draw
FINER: Drawing triangle on canvas
сент. 29, 2025 12:09:07 AM app.model.shapes.Triangle draw
FINER: Drawing triangle on canvas
сент. 29, 2025 12:09:07 AM app.model.shapes.Triangle draw
FINER: Drawing triangle on canvas
сент. 29, 2025 12:09:07 AM app.model.shapes.Triangle draw
FINER: Drawing triangle on canvas
сент. 29, 2025 12:09:07 AM app.model.shapes.Triangle draw
FINER: Drawing triangle on canvas
сент. 29, 2025 12:09:07 AM app.model.shapes.Triangle draw
FINER: Drawing triangle on canvas
сент. 29, 2025 12:09:07 AM app.model.shapes.Triangle draw
FINER: Drawing triangle on canvas
сент. 29, 2025 12:09:07 AM app.model.shapes.Triangle draw
FINER: Drawing triangle on canvas
сент. 29, 2025 12:09:07 AM app.model.shapes.Triangle draw
FINER: Drawing triangle on canvas
сент. 29, 2025 12:09:07 AM app.model.shapes.Triangle draw
FINER: Drawing triangle on canvas
сент. 29, 2025 12:09:07 AM app.model.shapes.Triangle draw
FINER: Drawing triangle on canvas
сент. 29, 2025 12:09:07 AM app.model.shapes.Triangle draw
FINER: Drawing triangle on canvas
сент. 29, 2025 12:09:07 AM app.model.shapes.Triangle draw
FINER: Drawing triangle on canvas
сент. 29, 2025 12:09:07 AM app.model.shapes.Triangle draw
FINER: Drawing triangle on canvas
сент. 29, 2025 12:09:07 AM app.model.shapes.Triangle draw
FINER: Drawing triangle on canvas
сент. 29, 2025 12:09:07 AM app.model.shapes.Triangle draw
FINER: Drawing triangle on canvas
сент. 29, 2025 12:09:07 AM app.model.shapes.Triangle draw
FINER: Drawing triangle on canvas
сент. 29, 2025 12:09:07 AM app.model.shapes.Triangle draw
FINER: Drawing triangle on canvas
сент. 29, 2025 12:09:07 AM app.model.shapes.Triangle draw
FINER: Drawing triangle on canvas
сент. 29, 2025 12:09:07 AM app.model.shapes.Triangle draw
FINER: Drawing triangle on canvas
сент. 29, 2025 12:09:07 AM app.model.shapes.Triangle draw
FINER: Drawing triangle on canvas
сент. 29, 2025 12:09:07 AM app.model.shapes.Triangle draw
FINER: Drawing triangle on canvas
сент. 29, 2025 12:09:07 AM app.model.shapes.Triangle draw
FINER: Drawing triangle on canvas
сент. 29, 2025 12:09:07 AM app.model.shapes.Triangle draw
FINER: Drawing triangle on canvas
сент. 29, 2025 12:09:07 AM app.model.shapes.Triangle draw
FINER: Drawing triangle on canvas
сент. 29, 2025 12:09:07 AM app.model.shapes.Triangle draw
FINER: Drawing triangle on canvas
сент. 29, 2025 12:09:07 AM app.model.shapes.Triangle draw
FINER: Drawing triangle on canvas
сент. 29, 2025 12:09:07 AM app.model.shapes.Triangle draw
FINER: Drawing triangle on canvas
сент. 29, 2025 12:09:07 AM app.model.shapes.Triangle draw
FINER: Drawing triangle on canvas
сент. 29, 2025 12:09:07 AM app.model.shapes.Triangle draw
FINER: Drawing triangle on canvas
сент. 29, 2025 12:09:07 AM app.model.shapes.Triangle draw
FINER: Drawing triangle on canvas
сент. 29, 2025 12:09:07 AM app.model.shapes.Triangle draw
FINER: Drawing triangle on canvas
сент. 29, 2025 12:09:07 AM app.model.shapes.Triangle draw
FINER: Drawing triangle on canvas
сент. 29, 2025 12:09:07 AM app.model.shapes.Triangle draw
FINER: Drawing triangle on canvas
сент. 29, 2025 12:09:20 AM app.model.shapes.Triangle contains
FINEST: Point (308,8,132,0) inside triangle
сент. 29, 2025 12:09:20 AM app.model.shapes.Triangle draw
FINER: Drawing triangle on canvas
сент. 29, 2025 12:09:25 AM app.model.shapes.Triangle setSize
FINE: Setting triangle size to: 400.0
сент. 29, 2025 12:09:25 AM app.model.shapes.Triangle draw
FINER: Drawing triangle on canvas
сент. 29, 2025 12:09:28 AM app.model.shapes.Triangle draw
FINER: Drawing triangle on canvas
сент. 29, 2025 12:09:30 AM app.model.shapes.Triangle setSize
FINE: Setting triangle size to: 400.0
сент. 29, 2025 12:09:30 AM app.model.shapes.Triangle draw
FINER: Drawing triangle on canvas
сент. 29, 2025 12:09:30 AM app.model.shapes.Triangle setSize
FINE: Setting triangle size to: 400.0
сент. 29, 2025 12:09:30 AM app.model.shapes.Triangle draw
FINER: Drawing triangle on canvas
сент. 29, 2025 12:09:30 AM app.model.shapes.Triangle setSize
FINE: Setting triangle size to: 400.0
сент. 29, 2025 12:09:30 AM app.model.shapes.Triangle draw
FINER: Drawing triangle on canvas
сент. 29, 2025 12:09:31 AM app.model.shapes.Triangle setSize
FINE: Setting triangle size to: 400.0
сент. 29, 2025 12:09:31 AM app.model.shapes.Triangle draw
FINER: Drawing triangle on canvas
сент. 29, 2025 12:09:32 AM app.model.shapes.Triangle setSize
FINE: Setting triangle size to: 400.0
сент. 29, 2025 12:09:32 AM app.model.shapes.Triangle draw
FINER: Drawing triangle on canvas
сент. 29, 2025 12:09:33 AM app.model.shapes.Triangle setSize
FINE: Setting triangle size to: 400.0
сент. 29, 2025 12:09:33 AM app.model.shapes.Triangle draw
FINER: Drawing triangle on canvas
сент. 29, 2025 12:09:33 AM app.model.shapes.Triangle setSize
FINE: Setting triangle size to: 400.0
сент. 29, 2025 12:09:33 AM app.model.shapes.Triangle draw
FINER: Drawing triangle on canvas
сент. 29, 2025 12:09:33 AM app.model.shapes.Triangle setSize
FINE: Setting triangle size to: 400.0
сент. 29, 2025 12:09:33 AM app.model.shapes.Triangle draw
FINER: Drawing triangle on canvas
сент. 29, 2025 12:09:33 AM app.model.shapes.Triangle setSize
FINE: Setting triangle size to: 400.0
сент. 29, 2025 12:09:33 AM app.model.shapes.Triangle draw
FINER: Drawing triangle on canvas
сент. 29, 2025 12:09:37 AM app.model.shapes.Triangle setSize
FINE: Setting triangle size to: 400.0
сент. 29, 2025 12:09:37 AM app.model.shapes.Triangle draw
FINER: Drawing triangle on canvas
сент. 29, 2025 12:10:08 AM app.model.shapes.Triangle contains
FINEST: Point (227,2,376,8) outside triangle
сент. 29, 2025 12:10:08 AM app.model.shapes.Triangle draw
FINER: Drawing triangle on canvas
сент. 29, 2025 12:10:09 AM app.model.shapes.Triangle contains
FINEST: Point (156,0,336,0) outside triangle
сент. 29, 2025 12:10:09 AM app.model.shapes.Triangle draw
FINER: Drawing triangle on canvas
сент. 29, 2025 12:10:09 AM app.model.shapes.Triangle contains
FINEST: Point (102,4,263,2) outside triangle
сент. 29, 2025 12:10:09 AM app.model.shapes.Triangle draw
FINER: Drawing triangle on canvas
сент. 29, 2025 12:10:11 AM app.model.shapes.Triangle draw
FINER: Drawing triangle on canvas
сент. 29, 2025 12:10:17 AM app.model.shapes.Triangle contains
FINEST: Point (269,6,348,8) outside triangle
сент. 29, 2025 12:10:17 AM app.model.shapes.Triangle draw
FINER: Drawing triangle on canvas
сент. 29, 2025 12:10:18 AM app.model.shapes.Triangle contains
FINEST: Point (269,6,348,8) outside triangle
сент. 29, 2025 12:10:18 AM app.model.shapes.Triangle draw
FINER: Drawing triangle on canvas
сент. 29, 2025 12:10:20 AM app.model.shapes.Triangle draw
FINER: Drawing triangle on canvas
сент. 29, 2025 12:10:44 AM app.model.shapes.Triangle setSize
FINE: Setting triangle size to: 50.0
сент. 29, 2025 12:10:44 AM app.model.shapes.Triangle draw
FINER: Drawing triangle on canvas
сент. 29, 2025 12:10:46 AM app.model.shapes.Triangle setSize
FINE: Setting triangle size to: 50.0
сент. 29, 2025 12:10:46 AM app.model.shapes.Triangle draw
FINER: Drawing triangle on canvas
сент. 29, 2025 12:10:46 AM app.model.shapes.Triangle setSize
FINE: Setting triangle size to: 50.0
сент. 29, 2025 12:10:46 AM app.model.shapes.Triangle draw
FINER: Drawing triangle on canvas
сент. 29, 2025 12:10:46 AM app.model.shapes.Triangle setSize
FINE: Setting triangle size to: 50.0
сент. 29, 2025 12:10:46 AM app.model.shapes.Triangle draw
FINER: Drawing triangle on canvas
сент. 29, 2025 12:10:46 AM app.model.shapes.Triangle setSize
FINE: Setting triangle size to: 50.0
сент. 29, 2025 12:10:46 AM app.model.shapes.Triangle draw
FINER: Drawing triangle on canvas
сент. 29, 2025 12:10:47 AM app.model.shapes.Triangle setSize
FINE: Setting triangle size to: 50.0
сент. 29, 2025 12:10:47 AM app.model.shapes.Triangle draw
FINER: Drawing triangle on canvas
сент. 29, 2025 12:10:47 AM app.model.shapes.Triangle setSize
FINE: Setting triangle size to: 50.0
сент. 29, 2025 12:10:47 AM app.model.shapes.Triangle draw
FINER: Drawing triangle on canvas
сент. 29, 2025 12:10:48 AM app.model.shapes.Triangle setSize
FINE: Setting triangle size to: 50.0
сент. 29, 2025 12:10:48 AM app.model.shapes.Triangle draw
FINER: Drawing triangle on canvas
сент. 29, 2025 12:10:48 AM app.model.shapes.Triangle setSize
FINE: Setting triangle size to: 50.0
сент. 29, 2025 12:10:48 AM app.model.shapes.Triangle draw
FINER: Drawing triangle on canvas
сент. 29, 2025 12:10:49 AM app.model.shapes.Triangle setSize
FINE: Setting triangle size to: 50.0
сент. 29, 2025 12:10:49 AM app.model.shapes.Triangle draw
FINER: Drawing triangle on canvas
сент. 29, 2025 12:10:49 AM app.model.shapes.Triangle setSize
FINE: Setting triangle size to: 50.0
сент. 29, 2025 12:10:49 AM app.model.shapes.Triangle draw
FINER: Drawing triangle on canvas
сент. 29, 2025 12:10:49 AM app.model.shapes.Triangle setSize
FINE: Setting triangle size to: 50.0
сент. 29, 2025 12:10:49 AM app.model.shapes.Triangle draw
FINER: Drawing triangle on canvas
сент. 29, 2025 12:10:49 AM app.model.shapes.Triangle setSize
FINE: Setting triangle size to: 50.0
сент. 29, 2025 12:10:49 AM app.model.shapes.Triangle draw
FINER: Drawing triangle on canvas
сент. 29, 2025 12:10:49 AM app.model.shapes.Triangle setSize
FINE: Setting triangle size to: 50.0
сент. 29, 2025 12:10:49 AM app.model.shapes.Triangle draw
FINER: Drawing triangle on canvas
сент. 29, 2025 12:10:49 AM app.model.shapes.Triangle setSize
FINE: Setting triangle size to: 50.0
сент. 29, 2025 12:10:49 AM app.model.shapes.Triangle draw
FINER: Drawing triangle on canvas
сент. 29, 2025 12:10:50 AM app.model.shapes.Triangle setSize
FINE: Setting triangle size to: 50.0
сент. 29, 2025 12:10:50 AM app.model.shapes.Triangle draw
FINER: Drawing triangle on canvas
сент. 29, 2025 12:10:50 AM app.model.shapes.Triangle setSize
FINE: Setting triangle size to: 50.0
сент. 29, 2025 12:10:50 AM app.model.shapes.Triangle draw
FINER: Drawing triangle on canvas
сент. 29, 2025 12:11:28 AM app.model.shapes.Triangle setSize
FINE: Setting triangle size to: 50.0
сент. 29, 2025 12:11:28 AM app.model.shapes.Triangle draw
FINER: Drawing triangle on pane
сент. 29, 2025 12:11:28 AM app.model.shapes.Triangle setSize
FINE: Setting triangle size to: 50.0
сент. 29, 2025 12:11:28 AM app.model.shapes.Triangle draw
FINER: Drawing triangle on pane
сент. 29, 2025 12:11:28 AM app.model.shapes.Triangle setSize
FINE: Setting triangle size to: 50.0
сент. 29, 2025 12:11:28 AM app.model.shapes.Triangle draw
FINER: Drawing triangle on pane
сент. 29, 2025 12:11:28 AM app.model.shapes.Triangle setSize
FINE: Setting triangle size to: 50.0
сент. 29, 2025 12:11:29 AM app.model.shapes.Triangle draw
FINER: Drawing triangle on pane
сент. 29, 2025 12:11:29 AM app.model.shapes.Triangle setSize
FINE: Setting triangle size to: 50.0
сент. 29, 2025 12:11:29 AM app.model.shapes.Triangle draw
FINER: Drawing triangle on pane
сент. 29, 2025 12:11:29 AM app.model.shapes.Triangle setSize
FINE: Setting triangle size to: 50.0
сент. 29, 2025 12:11:29 AM app.model.shapes.Triangle draw
FINER: Drawing triangle on pane
сент. 29, 2025 12:11:29 AM app.model.shapes.Triangle setSize
FINE: Setting triangle size to: 50.0
сент. 29, 2025 12:11:29 AM app.model.shapes.Triangle draw
FINER: Drawing triangle on pane
сент. 29, 2025 12:11:29 AM app.model.shapes.Triangle setSize
FINE: Setting triangle size to: 50.0
сент. 29, 2025 12:11:29 AM app.model.shapes.Triangle draw
FINER: Drawing triangle on pane
сент. 29, 2025 12:11:29 AM app.model.shapes.Triangle setSize
FINE: Setting triangle size to: 50.0
сент. 29, 2025 12:11:29 AM app.model.shapes.Triangle draw
FINER: Drawing triangle on pane
сент. 29, 2025 12:11:29 AM app.model.shapes.Triangle setSize
FINE: Setting triangle size to: 50.0
сент. 29, 2025 12:11:29 AM app.model.shapes.Triangle draw
FINER: Drawing triangle on pane
сент. 29, 2025 12:11:29 AM app.model.shapes.Triangle setSize
FINE: Setting triangle size to: 50.0
сент. 29, 2025 12:11:29 AM app.model.shapes.Triangle draw
FINER: Drawing triangle on pane
сент. 29, 2025 12:11:29 AM app.model.shapes.Triangle setSize
FINE: Setting triangle size to: 50.0
сент. 29, 2025 12:11:29 AM app.model.shapes.Triangle draw
FINER: Drawing triangle on pane
сент. 29, 2025 12:11:29 AM app.model.shapes.Triangle setSize
FINE: Setting triangle size to: 50.0
сент. 29, 2025 12:11:29 AM app.model.shapes.Triangle draw
FINER: Drawing triangle on pane
сент. 29, 2025 12:11:29 AM app.model.shapes.Triangle setSize
FINE: Setting triangle size to: 50.0
сент. 29, 2025 12:11:29 AM app.model.shapes.Triangle draw
FINER: Drawing triangle on pane
сент. 29, 2025 12:11:29 AM app.model.shapes.Triangle setSize
FINE: Setting triangle size to: 50.0
сент. 29, 2025 12:11:29 AM app.model.shapes.Triangle draw
FINER: Drawing triangle on pane
сент. 29, 2025 12:11:29 AM app.model.shapes.Triangle setSize
FINE: Setting triangle size to: 50.0
сент. 29, 2025 12:11:29 AM app.model.shapes.Triangle draw
FINER: Drawing triangle on pane
сент. 29, 2025 12:11:29 AM app.model.shapes.Triangle setSize
FINE: Setting triangle size to: 50.0
сент. 29, 2025 12:11:29 AM app.model.shapes.Triangle draw
FINER: Drawing triangle on pane
сент. 29, 2025 12:11:29 AM app.model.shapes.Triangle setSize
FINE: Setting triangle size to: 50.0
сент. 29, 2025 12:11:29 AM app.model.shapes.Triangle draw
FINER: Drawing triangle on pane
сент. 29, 2025 12:11:29 AM app.model.shapes.Triangle setSize
FINE: Setting triangle size to: 50.0
сент. 29, 2025 12:11:29 AM app.model.shapes.Triangle draw
FINER: Drawing triangle on pane
сент. 29, 2025 12:11:29 AM app.model.shapes.Triangle setSize
FINE: Setting triangle size to: 50.0
сент. 29, 2025 12:11:29 AM app.model.shapes.Triangle draw
FINER: Drawing triangle on pane
сент. 29, 2025 12:11:29 AM app.model.shapes.Triangle setSize
FINE: Setting triangle size to: 50.0
сент. 29, 2025 12:11:29 AM app.model.shapes.Triangle draw
FINER: Drawing triangle on pane
сент. 29, 2025 12:11:29 AM app.model.shapes.Triangle setSize
FINE: Setting triangle size to: 50.0
сент. 29, 2025 12:11:29 AM app.model.shapes.Triangle draw
FINER: Drawing triangle on pane
сент. 29, 2025 12:11:29 AM app.model.shapes.Triangle setSize
FINE: Setting triangle size to: 50.0
сент. 29, 2025 12:11:29 AM app.model.shapes.Triangle draw
FINER: Drawing triangle on pane
сент. 29, 2025 12:11:29 AM app.model.shapes.Triangle setSize
FINE: Setting triangle size to: 50.0
сент. 29, 2025 12:11:29 AM app.model.shapes.Triangle draw
FINER: Drawing triangle on pane
сент. 29, 2025 12:11:29 AM app.model.shapes.Triangle setSize
FINE: Setting triangle size to: 50.0
сент. 29, 2025 12:11:29 AM app.model.shapes.Triangle draw
FINER: Drawing triangle on pane
сент. 29, 2025 12:11:29 AM app.model.shapes.Triangle setSize
FINE: Setting triangle size to: 50.0
сент. 29, 2025 12:11:29 AM app.model.shapes.Triangle draw
FINER: Drawing triangle on pane
сент. 29, 2025 12:11:29 AM app.model.shapes.Triangle setSize
FINE: Setting triangle size to: 50.0
сент. 29, 2025 12:11:29 AM app.model.shapes.Triangle draw
FINER: Drawing triangle on pane
сент. 29, 2025 12:11:29 AM app.model.shapes.Triangle setSize
FINE: Setting triangle size to: 50.0
сент. 29, 2025 12:11:29 AM app.model.shapes.Triangle draw
FINER: Drawing triangle on pane
сент. 29, 2025 12:11:29 AM app.model.shapes.Triangle setSize
FINE: Setting triangle size to: 50.0
сент. 29, 2025 12:11:29 AM app.model.shapes.Triangle draw
FINER: Drawing triangle on pane
сент. 29, 2025 12:11:29 AM app.model.shapes.Triangle setSize
FINE: Setting triangle size to: 50.0
сент. 29, 2025 12:11:29 AM app.model.shapes.Triangle draw
FINER: Drawing triangle on pane
сент. 29, 2025 12:11:29 AM app.model.shapes.Triangle setSize
FINE: Setting triangle size to: 50.0
сент. 29, 2025 12:11:29 AM app.model.shapes.Triangle draw
FINER: Drawing triangle on pane
сент. 29, 2025 12:11:29 AM app.model.shapes.Triangle setSize
FINE: Setting triangle size to: 50.0
сент. 29, 2025 12:11:29 AM app.model.shapes.Triangle draw
FINER: Drawing triangle on pane
сент. 29, 2025 12:11:29 AM app.model.shapes.Triangle setSize
FINE: Setting triangle size to: 50.0
сент. 29, 2025 12:11:29 AM app.model.shapes.Triangle draw
FINER: Drawing triangle on pane
сент. 29, 2025 12:11:29 AM app.model.shapes.Triangle setSize
FINE: Setting triangle size to: 50.0
сент. 29, 2025 12:11:29 AM app.model.shapes.Triangle draw
FINER: Drawing triangle on pane
сент. 29, 2025 12:11:29 AM app.model.shapes.Triangle setSize
FINE: Setting triangle size to: 50.0
сент. 29, 2025 12:11:29 AM app.model.shapes.Triangle draw
FINER: Drawing triangle on pane
сент. 29, 2025 12:11:29 AM app.model.shapes.Triangle setSize
FINE: Setting triangle size to: 50.0
сент. 29, 2025 12:11:29 AM app.model.shapes.Triangle draw
FINER: Drawing triangle on pane
сент. 29, 2025 12:11:29 AM app.model.shapes.Triangle setSize
FINE: Setting triangle size to: 50.0
сент. 29, 2025 12:11:29 AM app.model.shapes.Triangle draw
FINER: Drawing triangle on pane
сент. 29, 2025 12:11:29 AM app.model.shapes.Triangle setSize
FINE: Setting triangle size to: 50.0
сент. 29, 2025 12:11:29 AM app.model.shapes.Triangle draw
FINER: Drawing triangle on pane
сент. 29, 2025 12:11:29 AM app.model.shapes.Triangle setSize
FINE: Setting triangle size to: 50.0
сент. 29, 2025 12:11:29 AM app.model.shapes.Triangle draw
FINER: Drawing triangle on pane
сент. 29, 2025 12:11:29 AM app.model.shapes.Triangle setSize
FINE: Setting triangle size to: 50.0
сент. 29, 2025 12:11:29 AM app.model.shapes.Triangle draw
FINER: Drawing triangle on pane
сент. 29, 2025 12:11:29 AM app.model.shapes.Triangle setSize
FINE: Setting triangle size to: 50.0
сент. 29, 2025 12:11:29 AM app.model.shapes.Triangle draw
FINER: Drawing triangle on pane
сент. 29, 2025 12:11:29 AM app.model.shapes.Triangle setSize
FINE: Setting triangle size to: 50.0
сент. 29, 2025 12:11:29 AM app.model.shapes.Triangle draw
FINER: Drawing triangle on pane
сент. 29, 2025 12:11:29 AM app.model.shapes.Triangle setSize
FINE: Setting triangle size to: 50.0
сент. 29, 2025 12:11:29 AM app.model.shapes.Triangle draw
FINER: Drawing triangle on pane
сент. 29, 2025 12:11:29 AM app.model.shapes.Triangle setSize
FINE: Setting triangle size to: 50.0
сент. 29, 2025 12:11:29 AM app.model.shapes.Triangle draw
FINER: Drawing triangle on pane
сент. 29, 2025 12:11:29 AM app.model.shapes.Triangle setSize
FINE: Setting triangle size to: 50.0
сент. 29, 2025 12:11:29 AM app.model.shapes.Triangle draw
FINER: Drawing triangle on pane
сент. 29, 2025 12:11:29 AM app.model.shapes.Triangle setSize
FINE: Setting triangle size to: 50.0
сент. 29, 2025 12:11:29 AM app.model.shapes.Triangle draw
FINER: Drawing triangle on pane
сент. 29, 2025 12:11:29 AM app.model.shapes.Triangle setSize
FINE: Setting triangle size to: 50.0
сент. 29, 2025 12:11:29 AM app.model.shapes.Triangle draw
FINER: Drawing triangle on pane
сент. 29, 2025 12:11:29 AM app.model.shapes.Triangle setSize
FINE: Setting triangle size to: 50.0
сент. 29, 2025 12:11:29 AM app.model.shapes.Triangle draw
FINER: Drawing triangle on pane
сент. 29, 2025 12:11:29 AM app.model.shapes.Triangle setSize
FINE: Setting triangle size to: 50.0
сент. 29, 2025 12:11:29 AM app.model.shapes.Triangle draw
FINER: Drawing triangle on pane
сент. 29, 2025 12:11:29 AM app.model.shapes.Triangle setSize
FINE: Setting triangle size to: 50.0
сент. 29, 2025 12:11:29 AM app.model.shapes.Triangle draw
FINER: Drawing triangle on pane
сент. 29, 2025 12:11:29 AM app.model.shapes.Triangle setSize
FINE: Setting triangle size to: 50.0
сент. 29, 2025 12:11:29 AM app.model.shapes.Triangle draw
FINER: Drawing triangle on pane
сент. 29, 2025 12:11:29 AM app.model.shapes.Triangle setSize
FINE: Setting triangle size to: 50.0
сент. 29, 2025 12:11:29 AM app.model.shapes.Triangle draw
FINER: Drawing triangle on pane
сент. 29, 2025 12:11:29 AM app.model.shapes.Triangle setSize
FINE: Setting triangle size to: 50.0
сент. 29, 2025 12:11:29 AM app.model.shapes.Triangle draw
FINER: Drawing triangle on pane
сент. 29, 2025 12:11:29 AM app.model.shapes.Triangle setSize
FINE: Setting triangle size to: 50.0
сент. 29, 2025 12:11:29 AM app.model.shapes.Triangle draw
FINER: Drawing triangle on pane
сент. 29, 2025 12:11:29 AM app.model.shapes.Triangle setSize
FINE: Setting triangle size to: 50.0
сент. 29, 2025 12:11:29 AM app.model.shapes.Triangle draw
FINER: Drawing triangle on pane
сент. 29, 2025 12:11:29 AM app.model.shapes.Triangle setSize
FINE: Setting triangle size to: 50.0
сент. 29, 2025 12:11:29 AM app.model.shapes.Triangle draw
FINER: Drawing triangle on pane
сент. 29, 2025 12:11:29 AM app.model.shapes.Triangle setSize
FINE: Setting triangle size to: 50.0
сент. 29, 2025 12:11:29 AM app.model.shapes.Triangle draw
FINER: Drawing triangle on pane
сент. 29, 2025 12:11:29 AM app.model.shapes.Triangle setSize
FINE: Setting triangle size to: 50.0
сент. 29, 2025 12:11:29 AM app.model.shapes.Triangle draw
FINER: Drawing triangle on pane
сент. 29, 2025 12:11:29 AM app.model.shapes.Triangle setSize
FINE: Setting triangle size to: 50.0
сент. 29, 2025 12:11:29 AM app.model.shapes.Triangle draw
FINER: Drawing triangle on pane
сент. 29, 2025 12:11:29 AM app.model.shapes.Triangle setSize
FINE: Setting triangle size to: 50.0
сент. 29, 2025 12:11:29 AM app.model.shapes.Triangle draw
FINER: Drawing triangle on pane
сент. 29, 2025 12:11:29 AM app.model.shapes.Triangle setSize
FINE: Setting triangle size to: 50.0
сент. 29, 2025 12:11:29 AM app.model.shapes.Triangle draw
FINER: Drawing triangle on pane
сент. 29, 2025 12:11:29 AM app.model.shapes.Triangle setSize
FINE: Setting triangle size to: 50.0
сент. 29, 2025 12:11:29 AM app.model.shapes.Triangle draw
FINER: Drawing triangle on pane
сент. 29, 2025 12:11:29 AM app.model.shapes.Triangle setSize
FINE: Setting triangle size to: 50.0
сент. 29, 2025 12:11:30 AM app.model.shapes.Triangle draw
FINER: Drawing triangle on pane
сент. 29, 2025 12:11:30 AM app.model.shapes.Triangle setSize
FINE: Setting triangle size to: 50.0
сент. 29, 2025 12:11:30 AM app.model.shapes.Triangle draw
FINER: Drawing triangle on pane
сент. 29, 2025 12:11:30 AM app.model.shapes.Triangle setSize
FINE: Setting triangle size to: 50.0
сент. 29, 2025 12:11:30 AM app.model.shapes.Triangle draw
FINER: Drawing triangle on pane
сент. 29, 2025 12:11:30 AM app.model.shapes.Triangle setSize
FINE: Setting triangle size to: 50.0
сент. 29, 2025 12:11:30 AM app.model.shapes.Triangle draw
FINER: Drawing triangle on pane
сент. 29, 2025 12:11:30 AM app.model.shapes.Triangle setSize
FINE: Setting triangle size to: 50.0
сент. 29, 2025 12:11:30 AM app.model.shapes.Triangle draw
FINER: Drawing triangle on pane
сент. 29, 2025 12:11:30 AM app.model.shapes.Triangle setSize
FINE: Setting triangle size to: 50.0
сент. 29, 2025 12:11:30 AM app.model.shapes.Triangle draw
FINER: Drawing triangle on pane
сент. 29, 2025 12:11:30 AM app.model.shapes.Triangle setSize
FINE: Setting triangle size to: 50.0
сент. 29, 2025 12:11:30 AM app.model.shapes.Triangle draw
FINER: Drawing triangle on pane
сент. 29, 2025 12:11:30 AM app.model.shapes.Triangle setSize
FINE: Setting triangle size to: 50.0
сент. 29, 2025 12:11:30 AM app.model.shapes.Triangle draw
FINER: Drawing triangle on pane
сент. 29, 2025 12:11:30 AM app.model.shapes.Triangle setSize
FINE: Setting triangle size to: 50.0
сент. 29, 2025 12:11:30 AM app.model.shapes.Triangle draw
FINER: Drawing triangle on pane
сент. 29, 2025 12:11:30 AM app.model.shapes.Triangle setSize
FINE: Setting triangle size to: 50.0
сент. 29, 2025 12:11:30 AM app.model.shapes.Triangle draw
FINER: Drawing triangle on pane
сент. 29, 2025 12:11:30 AM app.model.shapes.Triangle setSize
FINE: Setting triangle size to: 50.0
сент. 29, 2025 12:11:30 AM app.model.shapes.Triangle draw
FINER: Drawing triangle on pane
сент. 29, 2025 12:11:30 AM app.model.shapes.Triangle setSize
FINE: Setting triangle size to: 50.0
сент. 29, 2025 12:11:30 AM app.model.shapes.Triangle draw
FINER: Drawing triangle on pane
сент. 29, 2025 12:11:30 AM app.model.shapes.Triangle setSize
FINE: Setting triangle size to: 50.0
сент. 29, 2025 12:11:30 AM app.model.shapes.Triangle draw
FINER: Drawing triangle on pane
сент. 29, 2025 12:11:30 AM app.model.shapes.Triangle setSize
FINE: Setting triangle size to: 50.0
сент. 29, 2025 12:11:30 AM app.model.shapes.Triangle draw
FINER: Drawing triangle on pane
